#
# There is insufficient memory for the Java Runtime Environment to continue.
# Native memory allocation (mmap) failed to map 134217728 bytes for G1 virtual space
# Possible reasons:
#   The system is out of physical RAM or swap space
#   The process is running with CompressedOops enabled, and the Java Heap may be blocking the growth of the native heap
# Possible solutions:
#   Reduce memory load on the system
#   Increase physical memory or swap space
#   Check if swap backing store is full
#   Decrease Java heap size (-Xmx/-Xms)
#   Decrease number of Java threads
#   Decrease Java thread stack sizes (-Xss)
#   Set larger code cache with -XX:ReservedCodeCacheSize=
#   JVM is running with Unscaled Compressed Oops mode in which the Java heap is
#     placed in the first 4GB address space. The Java Heap base address is the
#     maximum limit for the native heap growth. Please use -XX:HeapBaseMinAddress
#     to set the Java Heap base and to place the Java Heap above 4GB virtual address.
# This output file may be truncated or incomplete.
#
#  Out of Memory Error (os_windows.cpp:3600), pid=268, tid=19700
#
# JRE version:  (21.0.1+12) (build )
# Java VM: Java HotSpot(TM) 64-Bit Server VM (21.0.1+12-LTS-29, mixed mode, sharing, tiered, compressed oops, compressed class ptrs, g1 gc, windows-amd64)
# No core dump will be written. Minidumps are not enabled by default on client versions of Windows
#

---------------  S U M M A R Y ------------

Command Line: -Dclassworlds.conf=C:\Users\HP\Downloads\mavenew\apache-maven-3.9.9\bin\m2.conf -Dmaven.home=C:\Users\HP\Downloads\mavenew\apache-maven-3.9.9 -Dlibrary.jansi.path=C:\Users\HP\Downloads\mavenew\apache-maven-3.9.9\lib\jansi-native -Dmaven.multiModuleProjectDirectory=C:\Users\HP\Webservices Projet Exam\GestionBanqueAPI_Restful org.codehaus.plexus.classworlds.launcher.Launcher spring-boot:run

Host: Intel(R) Core(TM) i5-8265U CPU @ 1.60GHz, 8 cores, 7G,  Windows 10 , 64 bit Build 17763 (10.0.17763.6189)
Time: Wed Sep 11 18:32:30 2024 Temps universel coordonné elapsed time: 0.107199 seconds (0d 0h 0m 0s)

---------------  T H R E A D  ---------------

Current thread (0x000002910bbf08b0):  JavaThread "Unknown thread" [_thread_in_vm, id=19700, stack(0x0000009998100000,0x0000009998200000) (1024K)]

Stack: [0x0000009998100000,0x0000009998200000]
Native frames: (J=compiled Java code, j=interpreted, Vv=VM code, C=native code)
V  [jvm.dll+0x6c9029]
V  [jvm.dll+0x854b81]
V  [jvm.dll+0x856e5e]
V  [jvm.dll+0x857543]
V  [jvm.dll+0x280c06]
V  [jvm.dll+0x6c5715]
V  [jvm.dll+0x6ba10a]
V  [jvm.dll+0x3557ea]
V  [jvm.dll+0x35d436]
V  [jvm.dll+0x3ae1be]
V  [jvm.dll+0x3ae468]
V  [jvm.dll+0x3291fc]
V  [jvm.dll+0x329d8b]
V  [jvm.dll+0x81d179]
V  [jvm.dll+0x3bb4f1]
V  [jvm.dll+0x805ae8]
V  [jvm.dll+0x44effe]
V  [jvm.dll+0x450901]
C  [jli.dll+0x52a3]
C  [ucrtbase.dll+0x2268a]
C  [KERNEL32.DLL+0x17ac4]
C  [ntdll.dll+0x5a8c1]


---------------  P R O C E S S  ---------------

Threads class SMR info:
_java_thread_list=0x00007ffb838e9b88, length=0, elements={
}

Java Threads: ( => current thread )
Total: 0

Other Threads:
  0x000002910dd2e5a0 WorkerThread "GC Thread#0"                     [id=19712, stack(0x0000009998200000,0x0000009998300000) (1024K)]
  0x000002910dd3f3b0 ConcurrentGCThread "G1 Main Marker"            [id=19720, stack(0x0000009998300000,0x0000009998400000) (1024K)]
  0x000002910dd40a70 WorkerThread "G1 Conc#0"                       [id=19812, stack(0x0000009998400000,0x0000009998500000) (1024K)]

[error occurred during error reporting (printing all threads), id 0xc0000005, EXCEPTION_ACCESS_VIOLATION (0xc0000005) at pc=0x00007ffb8305c2c7]
VM state: not at safepoint (not fully initialized)

VM Mutex/Monitor currently owned by a thread:  ([mutex/lock_event])
[0x00007ffb8395a6f8] Heap_lock - owner thread: 0x000002910bbf08b0

Heap address: 0x0000000081c00000, size: 2020 MB, Compressed Oops mode: 32-bit

CDS archive(s) mapped at: [0x0000000000000000-0x0000000000000000-0x0000000000000000), size 0, SharedBaseAddress: 0x0000000800000000, ArchiveRelocationMode: 1.
Narrow klass base: 0x0000000000000000, Narrow klass shift: 0, Narrow klass range: 0x0

GC Precious Log:
 CardTable entry size: 512
 Card Set container configuration: InlinePtr #cards 5 size 8 Array Of Cards #cards 12 size 40 Howl #buckets 4 coarsen threshold 1843 Howl Bitmap #cards 512 size 80 coarsen threshold 460 Card regions per heap region 1 cards per card region 2048

Heap:
 garbage-first heap   total 0K, used 0K [0x0000000081c00000, 0x0000000100000000)
  region size 1024K, 0 young (0K), 0 survivors (0K)

[error occurred during error reporting (printing heap information), id 0xc0000005, EXCEPTION_ACCESS_VIOLATION (0xc0000005) at pc=0x00007ffb83441be9]
GC Heap History (0 events):
No events

Dll operation events (1 events):
Event: 0.018 Loaded shared library C:\Program Files\Java\jdk-21\bin\java.dll

Deoptimization events (0 events):
No events

Classes loaded (0 events):
No events

Classes unloaded (0 events):
No events

Classes redefined (0 events):
No events

Internal exceptions (0 events):
No events

ZGC Phase Switch (0 events):
No events

VM Operations (0 events):
No events

Events (0 events):
No events


Dynamic libraries:
0x00007ff608ae0000 - 0x00007ff608af0000 	C:\Program Files\Java\jdk-21\bin\java.exe
0x00007ffc231f0000 - 0x00007ffc233de000 	C:\Windows\SYSTEM32\ntdll.dll
0x00007ffc22430000 - 0x00007ffc224e3000 	C:\Windows\System32\KERNEL32.DLL
0x00007ffc1fd80000 - 0x00007ffc2001d000 	C:\Windows\System32\KERNELBASE.dll
0x00007ffc20250000 - 0x00007ffc2034a000 	C:\Windows\System32\ucrtbase.dll
0x00007ffbf8310000 - 0x00007ffbf8329000 	C:\Program Files\Java\jdk-21\bin\jli.dll
0x00007ffbf8330000 - 0x00007ffbf834b000 	C:\Program Files\Java\jdk-21\bin\VCRUNTIME140.dll
0x00007ffc22a90000 - 0x00007ffc22b38000 	C:\Windows\System32\ADVAPI32.dll
0x00007ffc22940000 - 0x00007ffc229de000 	C:\Windows\System32\msvcrt.dll
0x00007ffc229e0000 - 0x00007ffc22a82000 	C:\Windows\System32\sechost.dll
0x00007ffc22610000 - 0x00007ffc22728000 	C:\Windows\System32\RPCRT4.dll
0x00007ffc201d0000 - 0x00007ffc201f6000 	C:\Windows\System32\bcrypt.dll
0x00007ffc227a0000 - 0x00007ffc22937000 	C:\Windows\System32\USER32.dll
0x00007ffc1f230000 - 0x00007ffc1f250000 	C:\Windows\System32\win32u.dll
0x00007ffc03a30000 - 0x00007ffc03ca9000 	C:\Windows\WinSxS\amd64_microsoft.windows.common-controls_6595b64144ccf1df_6.0.17763.6189_none_de75211c5347e0e8\COMCTL32.dll
0x00007ffc220d0000 - 0x00007ffc220f9000 	C:\Windows\System32\GDI32.dll
0x00007ffc22de0000 - 0x00007ffc2310a000 	C:\Windows\System32\combase.dll
0x00007ffc20020000 - 0x00007ffc201c8000 	C:\Windows\System32\gdi32full.dll
0x00007ffc20350000 - 0x00007ffc203d2000 	C:\Windows\System32\bcryptPrimitives.dll
0x00007ffc1f2e0000 - 0x00007ffc1f380000 	C:\Windows\System32\msvcp_win.dll
0x00007ffc1b540000 - 0x00007ffc1b54a000 	C:\Windows\SYSTEM32\VERSION.dll
0x00007ffc225e0000 - 0x00007ffc2260e000 	C:\Windows\System32\IMM32.DLL
0x00007ffbf83c0000 - 0x00007ffbf83cc000 	C:\Program Files\Java\jdk-21\bin\vcruntime140_1.dll
0x00007ffba62f0000 - 0x00007ffba637e000 	C:\Program Files\Java\jdk-21\bin\msvcp140.dll
0x00007ffb82d20000 - 0x00007ffb83a35000 	C:\Program Files\Java\jdk-21\bin\server\jvm.dll
0x00007ffc1f180000 - 0x00007ffc1f1dd000 	C:\Windows\System32\POWRPROF.dll
0x00007ffc23120000 - 0x00007ffc2318d000 	C:\Windows\System32\WS2_32.dll
0x00007ffc1b900000 - 0x00007ffc1b924000 	C:\Windows\SYSTEM32\WINMM.dll
0x00007ffc1b8d0000 - 0x00007ffc1b8fd000 	C:\Windows\SYSTEM32\winmmbase.dll
0x00007ffc20200000 - 0x00007ffc2024a000 	C:\Windows\System32\cfgmgr32.dll
0x00007ffc1f160000 - 0x00007ffc1f171000 	C:\Windows\System32\kernel.appcore.dll
0x00007ffbf8260000 - 0x00007ffbf826a000 	C:\Program Files\Java\jdk-21\bin\jimage.dll
0x00007ffc1d940000 - 0x00007ffc1db2d000 	C:\Windows\SYSTEM32\DBGHELP.DLL
0x00007ffc02120000 - 0x00007ffc0214a000 	C:\Windows\SYSTEM32\dbgcore.DLL
0x00007ffbf70e0000 - 0x00007ffbf70ff000 	C:\Program Files\Java\jdk-21\bin\java.dll

dbghelp: loaded successfully - version: 4.0.5 - missing functions: none
symbol engine: initialized successfully - sym options: 0x614 - pdb path: .;C:\Program Files\Java\jdk-21\bin;C:\Windows\SYSTEM32;C:\Windows\WinSxS\amd64_microsoft.windows.common-controls_6595b64144ccf1df_6.0.17763.6189_none_de75211c5347e0e8;C:\Program Files\Java\jdk-21\bin\server

VM Arguments:
jvm_args: -Dclassworlds.conf=C:\Users\HP\Downloads\mavenew\apache-maven-3.9.9\bin\m2.conf -Dmaven.home=C:\Users\HP\Downloads\mavenew\apache-maven-3.9.9 -Dlibrary.jansi.path=C:\Users\HP\Downloads\mavenew\apache-maven-3.9.9\lib\jansi-native -Dmaven.multiModuleProjectDirectory=C:\Users\HP\Webservices Projet Exam\GestionBanqueAPI_Restful 
java_command: org.codehaus.plexus.classworlds.launcher.Launcher spring-boot:run
java_class_path (initial): C:\Users\HP\Downloads\mavenew\apache-maven-3.9.9\boot\plexus-classworlds-2.8.0.jar
Launcher Type: SUN_STANDARD

[Global flags]
     intx CICompilerCount                          = 4                                         {product} {ergonomic}
     uint ConcGCThreads                            = 2                                         {product} {ergonomic}
     uint G1ConcRefinementThreads                  = 8                                         {product} {ergonomic}
   size_t G1HeapRegionSize                         = 1048576                                   {product} {ergonomic}
    uintx GCDrainStackTargetSize                   = 64                                        {product} {ergonomic}
   size_t InitialHeapSize                          = 134217728                                 {product} {ergonomic}
   size_t MarkStackSize                            = 4194304                                   {product} {ergonomic}
   size_t MaxHeapSize                              = 2118123520                                {product} {ergonomic}
   size_t MinHeapDeltaBytes                        = 1048576                                   {product} {ergonomic}
   size_t MinHeapSize                              = 8388608                                   {product} {ergonomic}
    uintx NonNMethodCodeHeapSize                   = 5839372                                {pd product} {ergonomic}
    uintx NonProfiledCodeHeapSize                  = 122909434                              {pd product} {ergonomic}
    uintx ProfiledCodeHeapSize                     = 122909434                              {pd product} {ergonomic}
    uintx ReservedCodeCacheSize                    = 251658240                              {pd product} {ergonomic}
     bool SegmentedCodeCache                       = true                                      {product} {ergonomic}
   size_t SoftMaxHeapSize                          = 2118123520                             {manageable} {ergonomic}
     bool UseCompressedOops                        = true                           {product lp64_product} {ergonomic}
     bool UseG1GC                                  = true                                      {product} {ergonomic}
     bool UseLargePagesIndividualAllocation        = false                                  {pd product} {ergonomic}

Logging:
Log output configuration:
 #0: stdout all=warning uptime,level,tags foldmultilines=false
 #1: stderr all=off uptime,level,tags foldmultilines=false

Environment Variables:
JAVA_HOME=C:\Program Files\Java\jdk-21\
PATH=C:\Python312\Scripts\;C:\Python312\;C:\Program Files\Common Files\Oracle\Java\javapath;C:\Windows\system32;C:\Windows;C:\Windows\System32\Wbem;C:\Windows\System32\WindowsPowerShell\v1.0\;C:\Windows\System32\OpenSSH\;C:\Program Files\dotnet\;C:\Program Files\Git\cmd;C:\Program Files\Java\jdk-21\bin;C:\Program Files\Common Files\Oracle\Java\javapath;C:\ProgramData\chocolatey\bin;C:\Users\HP\Downloads\mavenew\apache-maven-3.9.9\bin;C:\Program Files\nodejs;C:\Program Files\nodejs\;C:\Program Files\Java\jdk-21\bin;C:\Users\HP\AppData\Local\Microsoft\WindowsApps;C:\Program Files\PHP;C:\Users\HP\AppData\Local\Programs\Microsoft VS Code\bin;C:\msys64\mingw64\bin;C:\Users\HP\AppData\Roaming\npm;C:\Program Files\Android\Android Studio\jbr\bin
USERNAME=HP
LANG=en_US.UTF-8
OS=Windows_NT
PROCESSOR_IDENTIFIER=Intel64 Family 6 Model 142 Stepping 11, GenuineIntel
TMP=C:\Users\HP\AppData\Local\Temp
TEMP=C:\Users\HP\AppData\Local\Temp




Periodic native trim disabled

---------------  S Y S T E M  ---------------

OS:
 Windows 10 , 64 bit Build 17763 (10.0.17763.6189)
OS uptime: 0 days 9:09 hours

CPU: total 8 (initial active 8) (4 cores per cpu, 2 threads per core) family 6 model 142 stepping 11 microcode 0xf0, cx8, cmov, fxsr, ht, mmx, 3dnowpref, sse, sse2, sse3, ssse3, sse4.1, sse4.2, popcnt, lzcnt, tsc, tscinvbit, avx, avx2, aes, erms, clmul, bmi1, bmi2, adx, fma, vzeroupper, clflush, clflushopt, rdtscp, f16c
Processor Information for processor 0
  Max Mhz: 1800, Current Mhz: 1400, Mhz Limit: 1584
Processor Information for processor 1
  Max Mhz: 1800, Current Mhz: 1600, Mhz Limit: 1584
Processor Information for processor 2
  Max Mhz: 1800, Current Mhz: 1600, Mhz Limit: 1584
Processor Information for processor 3
  Max Mhz: 1800, Current Mhz: 1600, Mhz Limit: 1584
Processor Information for processor 4
  Max Mhz: 1800, Current Mhz: 1400, Mhz Limit: 1584
Processor Information for processor 5
  Max Mhz: 1800, Current Mhz: 1400, Mhz Limit: 1584
Processor Information for processor 6
  Max Mhz: 1800, Current Mhz: 1600, Mhz Limit: 1584
Processor Information for processor 7
  Max Mhz: 1800, Current Mhz: 1400, Mhz Limit: 1584

Memory: 4k page, system-wide physical 8073M (886M free)
TotalPageFile size 15377M (AvailPageFile size 122M)
current process WorkingSet (physical memory assigned to process): 10M, peak: 10M
current process commit charge ("private bytes"): 60M, peak: 188M

vm_info: Java HotSpot(TM) 64-Bit Server VM (21.0.1+12-LTS-29) for windows-amd64 JRE (21.0.1+12-LTS-29), built on 2023-10-05T13:27:09Z by "mach5one" with MS VC++ 17.1 (VS2022)

END.
