#
# There is insufficient memory for the Java Runtime Environment to continue.
# Native memory allocation (malloc) failed to allocate 1048576 bytes. Error detail: AllocateHeap
# Possible reasons:
#   The system is out of physical RAM or swap space
#   This process is running with CompressedOops enabled, and the Java Heap may be blocking the growth of the native heap
# Possible solutions:
#   Reduce memory load on the system
#   Increase physical memory or swap space
#   Check if swap backing store is full
#   Decrease Java heap size (-Xmx/-Xms)
#   Decrease number of Java threads
#   Decrease Java thread stack sizes (-Xss)
#   Set larger code cache with -XX:ReservedCodeCacheSize=
#   JVM is running with Unscaled Compressed Oops mode in which the Java heap is
#     placed in the first 4GB address space. The Java Heap base address is the
#     maximum limit for the native heap growth. Please use -XX:HeapBaseMinAddress
#     to set the Java Heap base and to place the Java Heap above 4GB virtual address.
# This output file may be truncated or incomplete.
#
#  Out of Memory Error (allocation.cpp:44), pid=2304, tid=10660
#
# JRE version: OpenJDK Runtime Environment Temurin-17.0.12+7 (17.0.12+7) (build 17.0.12+7)
# Java VM: OpenJDK 64-Bit Server VM Temurin-17.0.12+7 (17.0.12+7, mixed mode, emulated-client, tiered, compressed oops, compressed class ptrs, g1 gc, windows-amd64)
# No core dump will be written. Minidumps are not enabled by default on client versions of Windows
#

---------------  S U M M A R Y ------------

Command Line: -Xmx1024m -Dsts.lsp.client=vscode -Dsts.log.file=/dev/null -XX:TieredStopAtLevel=1 -Xlog:jni+resolve=off -Dspring.config.location=file:c:\Users\HP\.vscode\extensions\vmware.vscode-spring-boot-1.56.0\language-server\BOOT-INF\classes\application.properties org.springframework.ide.vscode.boot.app.BootLanguageServerBootApp

Host: Intel(R) Core(TM) i5-8265U CPU @ 1.60GHz, 8 cores, 7G,  Windows 10 , 64 bit Build 17763 (10.0.17763.6189)
Time: Mon Sep  9 09:10:35 2024 Temps universel coordonné elapsed time: 42580.084908 seconds (0d 11h 49m 40s)

---------------  T H R E A D  ---------------

Current thread (0x000002682f1fcf60):  VMThread "VM Thread" [stack: 0x000000798e400000,0x000000798e500000] [id=10660]

Stack: [0x000000798e400000,0x000000798e500000]
Native frames: (J=compiled Java code, j=interpreted, Vv=VM code, C=native code)
V  [jvm.dll+0x67f929]
V  [jvm.dll+0x8371ba]
V  [jvm.dll+0x838c7e]
V  [jvm.dll+0x8392e3]
V  [jvm.dll+0x24834f]
V  [jvm.dll+0xa70d3]
V  [jvm.dll+0x2f9073]
V  [jvm.dll+0x2f4d00]
V  [jvm.dll+0x2dd82f]
V  [jvm.dll+0x3201f7]
V  [jvm.dll+0x83d7dd]
V  [jvm.dll+0x83e522]
V  [jvm.dll+0x83ea4f]
V  [jvm.dll+0x83ee34]
V  [jvm.dll+0x83ef00]
V  [jvm.dll+0x7e65dc]
V  [jvm.dll+0x67e7f7]
C  [ucrtbase.dll+0x2268a]
C  [KERNEL32.DLL+0x17ac4]
C  [ntdll.dll+0x5a8c1]

VM_Operation (0x000000798fcfe900): G1CollectFull, mode: safepoint, requested by thread 0x0000026834f8e840


---------------  P R O C E S S  ---------------

Threads class SMR info:
_java_thread_list=0x0000026835f1f9f0, length=28, elements={
0x000002682f21e380, 0x000002682f21f110, 0x000002682f2455d0, 0x000002682f248170,
0x000002682f248a40, 0x000002682f379470, 0x000002682f379d40, 0x000002682f37a650,
0x000002682f589a20, 0x000002682f599170, 0x000002683500d2c0, 0x0000026834f8e840,
0x00000268350371f0, 0x00000268243e16b0, 0x000002683507df60, 0x0000026834f6e2e0,
0x000002682fd3d500, 0x000002682f4f06a0, 0x000002682f4eed50, 0x000002682f4f0bb0,
0x000002682f4ed910, 0x000002682f4ef260, 0x000002682f4ede20, 0x000002682f4efc80,
0x000002682f4ee840, 0x000002682f4ef770, 0x0000026835daf4a0, 0x0000026835db3b80
}

Java Threads: ( => current thread )
  0x000002682f21e380 JavaThread "Reference Handler" daemon [_thread_blocked, id=10820, stack(0x000000798e500000,0x000000798e600000)]
  0x000002682f21f110 JavaThread "Finalizer" daemon [_thread_blocked, id=10828, stack(0x000000798e600000,0x000000798e700000)]
  0x000002682f2455d0 JavaThread "Signal Dispatcher" daemon [_thread_blocked, id=10952, stack(0x000000798e700000,0x000000798e800000)]
  0x000002682f248170 JavaThread "Attach Listener" daemon [_thread_blocked, id=10964, stack(0x000000798e800000,0x000000798e900000)]
  0x000002682f248a40 JavaThread "Service Thread" daemon [_thread_blocked, id=11000, stack(0x000000798e900000,0x000000798ea00000)]
  0x000002682f379470 JavaThread "Monitor Deflation Thread" daemon [_thread_blocked, id=11004, stack(0x000000798ea00000,0x000000798eb00000)]
  0x000002682f379d40 JavaThread "C1 CompilerThread0" daemon [_thread_blocked, id=10992, stack(0x000000798eb00000,0x000000798ec00000)]
  0x000002682f37a650 JavaThread "Sweeper thread" daemon [_thread_blocked, id=14136, stack(0x000000798ec00000,0x000000798ed00000)]
  0x000002682f589a20 JavaThread "Notification Thread" daemon [_thread_blocked, id=7008, stack(0x000000798ee00000,0x000000798ef00000)]
  0x000002682f599170 JavaThread "Common-Cleaner" daemon [_thread_blocked, id=13652, stack(0x000000798f000000,0x000000798f100000)]
  0x000002683500d2c0 JavaThread "boundedElastic-evictor-1" daemon [_thread_blocked, id=2268, stack(0x000000798f800000,0x000000798f900000)]
  0x0000026834f8e840 JavaThread "pool-13-thread-1" [_thread_blocked, id=5096, stack(0x000000798fc00000,0x000000798fd00000)]
  0x00000268350371f0 JavaThread "LanguageServerApp-lifecycle" [_thread_blocked, id=11256, stack(0x000000798fd00000,0x000000798fe00000)]
  0x00000268243e16b0 JavaThread "DestroyJavaVM" [_thread_blocked, id=13232, stack(0x000000798de00000,0x000000798df00000)]
  0x000002683507df60 JavaThread "pool-14-thread-1" [_thread_in_native, id=5160, stack(0x000000798fe00000,0x000000798ff00000)]
  0x0000026834f6e2e0 JavaThread "Simple-Language-Server main thread" daemon [_thread_blocked, id=2232, stack(0x000000798ff00000,0x0000007990000000)]
  0x000002682fd3d500 JavaThread "parallel-1" daemon [_thread_blocked, id=13204, stack(0x0000007990100000,0x0000007990200000)]
  0x000002682f4f06a0 JavaThread "pool-6-thread-1" [_thread_blocked, id=4488, stack(0x0000007990200000,0x0000007990300000)]
  0x000002682f4eed50 JavaThread "parallel-2" daemon [_thread_blocked, id=5388, stack(0x0000007990300000,0x0000007990400000)]
  0x000002682f4f0bb0 JavaThread "parallel-3" daemon [_thread_blocked, id=13208, stack(0x0000007990400000,0x0000007990500000)]
  0x000002682f4ed910 JavaThread "parallel-4" daemon [_thread_blocked, id=12948, stack(0x0000007990a00000,0x0000007990b00000)]
  0x000002682f4ef260 JavaThread "parallel-5" daemon [_thread_blocked, id=2948, stack(0x0000007990b00000,0x0000007990c00000)]
  0x000002682f4ede20 JavaThread "Reconciler-1" daemon [_thread_blocked, id=13904, stack(0x0000007990c00000,0x0000007990d00000)]
  0x000002682f4efc80 JavaThread "parallel-6" daemon [_thread_blocked, id=1068, stack(0x000000798dc00000,0x000000798dd00000)]
  0x000002682f4ee840 JavaThread "parallel-7" daemon [_thread_blocked, id=3984, stack(0x000000798f600000,0x000000798f700000)]
  0x000002682f4ef770 JavaThread "parallel-8" daemon [_thread_blocked, id=5508, stack(0x000000798f700000,0x000000798f800000)]
  0x0000026835daf4a0 JavaThread "pool-8-thread-1" [_thread_blocked, id=14892, stack(0x0000007990000000,0x0000007990100000)]
  0x0000026835db3b80 JavaThread "CompletableFutureDelayScheduler" daemon [_thread_blocked, id=13348, stack(0x000000798dd00000,0x000000798de00000)]

Other Threads:
=>0x000002682f1fcf60 VMThread "VM Thread" [stack: 0x000000798e400000,0x000000798e500000] [id=10660]
  0x000002682f410020 WatcherThread [stack: 0x000000798ef00000,0x000000798f000000] [id=14120]
  0x000002682441fe70 GCTaskThread "GC Thread#0" [stack: 0x000000798df00000,0x000000798e000000] [id=2908]
  0x000002682fdcc4c0 GCTaskThread "GC Thread#1" [stack: 0x000000798f100000,0x000000798f200000] [id=13332]
  0x00000268341f8810 GCTaskThread "GC Thread#2" [stack: 0x000000798f200000,0x000000798f300000] [id=13340]
  0x000002683424b8a0 GCTaskThread "GC Thread#3" [stack: 0x000000798f300000,0x000000798f400000] [id=13388]
  0x000002683446b070 GCTaskThread "GC Thread#4" [stack: 0x000000798f400000,0x000000798f500000] [id=12164]
  0x000002683446b330 GCTaskThread "GC Thread#5" [stack: 0x000000798f500000,0x000000798f600000] [id=10148]
  0x000002683479f500 GCTaskThread "GC Thread#6" [stack: 0x000000798f900000,0x000000798fa00000] [id=13928]
  0x00000268347a5870 GCTaskThread "GC Thread#7" [stack: 0x000000798fa00000,0x000000798fb00000] [id=13780]
  0x0000026824428cd0 ConcurrentGCThread "G1 Main Marker" [stack: 0x000000798e000000,0x000000798e100000] [id=13212]
  0x000002682442a1c0 ConcurrentGCThread "G1 Conc#0" [stack: 0x000000798e100000,0x000000798e200000] [id=5176]
  0x000002683479ef10 ConcurrentGCThread "G1 Conc#1" [stack: 0x000000798fb00000,0x000000798fc00000] [id=7332]
  0x000002682448d060 ConcurrentGCThread "G1 Refine#0" [stack: 0x000000798e200000,0x000000798e300000] [id=5148]
  0x000002682448d9a0 ConcurrentGCThread "G1 Service" [stack: 0x000000798e300000,0x000000798e400000] [id=11696]

Threads with active compile tasks:

VM state: at safepoint (normal execution)

VM Mutex/Monitor currently owned by a thread:  ([mutex/lock_event])
[0x000002682227edb0] Threads_lock - owner thread: 0x000002682f1fcf60
[0x000002682227eed0] Heap_lock - owner thread: 0x0000026834f8e840

Heap address: 0x00000000c0000000, size: 1024 MB, Compressed Oops mode: 32-bit

CDS archive(s) not mapped
Compressed class space mapped at: 0x0000000100000000-0x0000000140000000, reserved size: 1073741824
Narrow klass base: 0x0000000000000000, Narrow klass shift: 3, Narrow klass range: 0x140000000

GC Precious Log:
 CPUs: 8 total, 8 available
 Memory: 8073M
 Large Page Support: Disabled
 NUMA Support: Disabled
 Compressed Oops: Enabled (32-bit)
 Heap Region Size: 1M
 Heap Min Capacity: 8M
 Heap Initial Capacity: 128M
 Heap Max Capacity: 1G
 Pre-touch: Disabled
 Parallel Workers: 8
 Concurrent Workers: 2
 Concurrent Refinement Workers: 8
 Periodic GC: Disabled

Heap:
 garbage-first heap   total 152576K, used 59465K [0x00000000c0000000, 0x0000000100000000)
  region size 1024K, 1 young (1024K), 0 survivors (0K)
 Metaspace       used 64050K, committed 64576K, reserved 1114112K
  class space    used 7915K, committed 8192K, reserved 1048576K

Heap Regions: E=young(eden), S=young(survivor), O=old, HS=humongous(starts), HC=humongous(continues), CS=collection set, F=free, OA=open archive, CA=closed archive, TAMS=top-at-mark-start (previous, next)
|   0|0x00000000c0000000, 0x00000000c0100000, 0x00000000c0100000|100%|HS|  |TAMS 0x00000000c0100000, 0x00000000c0000000| Untracked 
|   1|0x00000000c0100000, 0x00000000c0200000, 0x00000000c0200000|100%|HC|  |TAMS 0x00000000c0200000, 0x00000000c0100000| Untracked 
|   2|0x00000000c0200000, 0x00000000c0300000, 0x00000000c0300000|100%|HC|  |TAMS 0x00000000c0300000, 0x00000000c0200000| Untracked 
|   3|0x00000000c0300000, 0x00000000c0400000, 0x00000000c0400000|100%|HC|  |TAMS 0x00000000c0400000, 0x00000000c0300000| Untracked 
|   4|0x00000000c0400000, 0x00000000c0500000, 0x00000000c0500000|100%|HS|  |TAMS 0x00000000c0500000, 0x00000000c0400000| Untracked 
|   5|0x00000000c0500000, 0x00000000c0600000, 0x00000000c0600000|100%|HC|  |TAMS 0x00000000c0600000, 0x00000000c0500000| Untracked 
|   6|0x00000000c0600000, 0x00000000c06fffa0, 0x00000000c0700000| 99%| O|  |TAMS 0x00000000c06fffa0, 0x00000000c0600000| Untracked 
|   7|0x00000000c0700000, 0x00000000c07fffe8, 0x00000000c0800000| 99%| O|  |TAMS 0x00000000c07fffe8, 0x00000000c0700000| Untracked 
|   8|0x00000000c0800000, 0x00000000c0900000, 0x00000000c0900000|100%| O|  |TAMS 0x00000000c0900000, 0x00000000c0800000| Untracked 
|   9|0x00000000c0900000, 0x00000000c09fffe8, 0x00000000c0a00000| 99%| O|  |TAMS 0x00000000c09fffe8, 0x00000000c0900000| Untracked 
|  10|0x00000000c0a00000, 0x00000000c0b00000, 0x00000000c0b00000|100%| O|  |TAMS 0x00000000c0b00000, 0x00000000c0a00000| Untracked 
|  11|0x00000000c0b00000, 0x00000000c0c00000, 0x00000000c0c00000|100%| O|  |TAMS 0x00000000c0c00000, 0x00000000c0b00000| Untracked 
|  12|0x00000000c0c00000, 0x00000000c0d00000, 0x00000000c0d00000|100%| O|  |TAMS 0x00000000c0d00000, 0x00000000c0c00000| Untracked 
|  13|0x00000000c0d00000, 0x00000000c0dfffd0, 0x00000000c0e00000| 99%| O|  |TAMS 0x00000000c0dfffd0, 0x00000000c0d00000| Untracked 
|  14|0x00000000c0e00000, 0x00000000c0f00000, 0x00000000c0f00000|100%| O|  |TAMS 0x00000000c0f00000, 0x00000000c0e00000| Untracked 
|  15|0x00000000c0f00000, 0x00000000c0fffff0, 0x00000000c1000000| 99%| O|  |TAMS 0x00000000c0fffff0, 0x00000000c0f00000| Untracked 
|  16|0x00000000c1000000, 0x00000000c1100000, 0x00000000c1100000|100%| O|  |TAMS 0x00000000c1100000, 0x00000000c1000000| Untracked 
|  17|0x00000000c1100000, 0x00000000c1200000, 0x00000000c1200000|100%| O|  |TAMS 0x00000000c1200000, 0x00000000c1100000| Untracked 
|  18|0x00000000c1200000, 0x00000000c1300000, 0x00000000c1300000|100%| O|  |TAMS 0x00000000c1300000, 0x00000000c1200000| Untracked 
|  19|0x00000000c1300000, 0x00000000c13fffe8, 0x00000000c1400000| 99%| O|  |TAMS 0x00000000c13fffe8, 0x00000000c1300000| Untracked 
|  20|0x00000000c1400000, 0x00000000c14ffff0, 0x00000000c1500000| 99%| O|  |TAMS 0x00000000c14ffff0, 0x00000000c1400000| Untracked 
|  21|0x00000000c1500000, 0x00000000c15fffe8, 0x00000000c1600000| 99%| O|  |TAMS 0x00000000c15fffe8, 0x00000000c1500000| Untracked 
|  22|0x00000000c1600000, 0x00000000c16fffc0, 0x00000000c1700000| 99%| O|  |TAMS 0x00000000c16fffc0, 0x00000000c1600000| Untracked 
|  23|0x00000000c1700000, 0x00000000c17ffff8, 0x00000000c1800000| 99%| O|  |TAMS 0x00000000c17ffff8, 0x00000000c1700000| Untracked 
|  24|0x00000000c1800000, 0x00000000c18f51b0, 0x00000000c1900000| 95%| O|  |TAMS 0x00000000c18f51b0, 0x00000000c1800000| Untracked 
|  25|0x00000000c1900000, 0x00000000c19ffff8, 0x00000000c1a00000| 99%| O|  |TAMS 0x00000000c19ffff8, 0x00000000c1900000| Untracked 
|  26|0x00000000c1a00000, 0x00000000c1afff80, 0x00000000c1b00000| 99%| O|  |TAMS 0x00000000c1afff80, 0x00000000c1a00000| Untracked 
|  27|0x00000000c1b00000, 0x00000000c1bffff0, 0x00000000c1c00000| 99%| O|  |TAMS 0x00000000c1bffff0, 0x00000000c1b00000| Untracked 
|  28|0x00000000c1c00000, 0x00000000c1cffff0, 0x00000000c1d00000| 99%| O|  |TAMS 0x00000000c1cffff0, 0x00000000c1c00000| Untracked 
|  29|0x00000000c1d00000, 0x00000000c1dfffd8, 0x00000000c1e00000| 99%| O|  |TAMS 0x00000000c1dfffd8, 0x00000000c1d00000| Untracked 
|  30|0x00000000c1e00000, 0x00000000c1effa48, 0x00000000c1f00000| 99%| O|  |TAMS 0x00000000c1effa48, 0x00000000c1e00000| Untracked 
|  31|0x00000000c1f00000, 0x00000000c1fffff8, 0x00000000c2000000| 99%| O|  |TAMS 0x00000000c1fffff8, 0x00000000c1f00000| Untracked 
|  32|0x00000000c2000000, 0x00000000c2100000, 0x00000000c2100000|100%| O|  |TAMS 0x00000000c2100000, 0x00000000c2000000| Untracked 
|  33|0x00000000c2100000, 0x00000000c21fffc8, 0x00000000c2200000| 99%| O|  |TAMS 0x00000000c21fffc8, 0x00000000c2100000| Untracked 
|  34|0x00000000c2200000, 0x00000000c22fffe8, 0x00000000c2300000| 99%| O|  |TAMS 0x00000000c22fffe8, 0x00000000c2200000| Untracked 
|  35|0x00000000c2300000, 0x00000000c23fffd0, 0x00000000c2400000| 99%| O|  |TAMS 0x00000000c23fffd0, 0x00000000c2300000| Untracked 
|  36|0x00000000c2400000, 0x00000000c2500000, 0x00000000c2500000|100%| O|  |TAMS 0x00000000c2500000, 0x00000000c2400000| Untracked 
|  37|0x00000000c2500000, 0x00000000c25fffc0, 0x00000000c2600000| 99%| O|  |TAMS 0x00000000c25fffc0, 0x00000000c2500000| Untracked 
|  38|0x00000000c2600000, 0x00000000c26fc860, 0x00000000c2700000| 98%| O|  |TAMS 0x00000000c26fc860, 0x00000000c2600000| Untracked 
|  39|0x00000000c2700000, 0x00000000c27fffb0, 0x00000000c2800000| 99%| O|  |TAMS 0x00000000c27fffb0, 0x00000000c2700000| Untracked 
|  40|0x00000000c2800000, 0x00000000c28fc6c8, 0x00000000c2900000| 98%| O|  |TAMS 0x00000000c28fc6c8, 0x00000000c2800000| Untracked 
|  41|0x00000000c2900000, 0x00000000c29ffff8, 0x00000000c2a00000| 99%| O|  |TAMS 0x00000000c29ffff8, 0x00000000c2900000| Untracked 
|  42|0x00000000c2a00000, 0x00000000c2afffe8, 0x00000000c2b00000| 99%| O|  |TAMS 0x00000000c2afffe8, 0x00000000c2a00000| Untracked 
|  43|0x00000000c2b00000, 0x00000000c2c00000, 0x00000000c2c00000|100%| O|  |TAMS 0x00000000c2c00000, 0x00000000c2b00000| Untracked 
|  44|0x00000000c2c00000, 0x00000000c2cfffe0, 0x00000000c2d00000| 99%| O|  |TAMS 0x00000000c2cfffe0, 0x00000000c2c00000| Untracked 
|  45|0x00000000c2d00000, 0x00000000c2dfffd8, 0x00000000c2e00000| 99%| O|  |TAMS 0x00000000c2dfffd8, 0x00000000c2d00000| Untracked 
|  46|0x00000000c2e00000, 0x00000000c2efff30, 0x00000000c2f00000| 99%| O|  |TAMS 0x00000000c2efff30, 0x00000000c2e00000| Untracked 
|  47|0x00000000c2f00000, 0x00000000c2ffffe0, 0x00000000c3000000| 99%| O|  |TAMS 0x00000000c2ffffe0, 0x00000000c2f00000| Untracked 
|  48|0x00000000c3000000, 0x00000000c30fac18, 0x00000000c3100000| 97%| O|  |TAMS 0x00000000c30fac18, 0x00000000c3000000| Untracked 
|  49|0x00000000c3100000, 0x00000000c31fffc8, 0x00000000c3200000| 99%| O|  |TAMS 0x00000000c31fffc8, 0x00000000c3100000| Untracked 
|  50|0x00000000c3200000, 0x00000000c32ffff0, 0x00000000c3300000| 99%| O|  |TAMS 0x00000000c32ffff0, 0x00000000c3200000| Untracked 
|  51|0x00000000c3300000, 0x00000000c33fff68, 0x00000000c3400000| 99%| O|  |TAMS 0x00000000c33fff68, 0x00000000c3300000| Untracked 
|  52|0x00000000c3400000, 0x00000000c34ffff8, 0x00000000c3500000| 99%| O|  |TAMS 0x00000000c34ffff8, 0x00000000c3400000| Untracked 
|  53|0x00000000c3500000, 0x00000000c35fe630, 0x00000000c3600000| 99%| O|  |TAMS 0x00000000c35fe630, 0x00000000c3500000| Untracked 
|  54|0x00000000c3600000, 0x00000000c36ff9f8, 0x00000000c3700000| 99%| O|  |TAMS 0x00000000c36ff9f8, 0x00000000c3600000| Untracked 
|  55|0x00000000c3700000, 0x00000000c37b0220, 0x00000000c3800000| 68%| O|  |TAMS 0x00000000c3700000, 0x00000000c3700000| Untracked 
|  56|0x00000000c3800000, 0x00000000c387c360, 0x00000000c3900000| 48%| O|  |TAMS 0x00000000c3800000, 0x00000000c3800000| Untracked 
|  57|0x00000000c3900000, 0x00000000c3900000, 0x00000000c3a00000|  0%| F|  |TAMS 0x00000000c3900000, 0x00000000c3900000| Untracked 
|  58|0x00000000c3a00000, 0x00000000c3b00000, 0x00000000c3b00000|100%|HS|  |TAMS 0x00000000c3b00000, 0x00000000c3a00000| Untracked 
|  59|0x00000000c3b00000, 0x00000000c3b00000, 0x00000000c3c00000|  0%| F|  |TAMS 0x00000000c3b00000, 0x00000000c3b00000| Untracked 
|  60|0x00000000c3c00000, 0x00000000c3c00000, 0x00000000c3d00000|  0%| F|  |TAMS 0x00000000c3c00000, 0x00000000c3c00000| Untracked 
|  61|0x00000000c3d00000, 0x00000000c3d00000, 0x00000000c3e00000|  0%| F|  |TAMS 0x00000000c3d00000, 0x00000000c3d00000| Untracked 
|  62|0x00000000c3e00000, 0x00000000c3e00000, 0x00000000c3f00000|  0%| F|  |TAMS 0x00000000c3e00000, 0x00000000c3e00000| Untracked 
|  63|0x00000000c3f00000, 0x00000000c3f00000, 0x00000000c4000000|  0%| F|  |TAMS 0x00000000c3f00000, 0x00000000c3f00000| Untracked 
|  64|0x00000000c4000000, 0x00000000c4000000, 0x00000000c4100000|  0%| F|  |TAMS 0x00000000c4000000, 0x00000000c4000000| Untracked 
|  65|0x00000000c4100000, 0x00000000c4100000, 0x00000000c4200000|  0%| F|  |TAMS 0x00000000c4100000, 0x00000000c4100000| Untracked 
|  66|0x00000000c4200000, 0x00000000c4200000, 0x00000000c4300000|  0%| F|  |TAMS 0x00000000c4200000, 0x00000000c4200000| Untracked 
|  67|0x00000000c4300000, 0x00000000c4300000, 0x00000000c4400000|  0%| F|  |TAMS 0x00000000c4300000, 0x00000000c4300000| Untracked 
|  68|0x00000000c4400000, 0x00000000c4400000, 0x00000000c4500000|  0%| F|  |TAMS 0x00000000c4400000, 0x00000000c4400000| Untracked 
|  69|0x00000000c4500000, 0x00000000c4500000, 0x00000000c4600000|  0%| F|  |TAMS 0x00000000c4500000, 0x00000000c4500000| Untracked 
|  70|0x00000000c4600000, 0x00000000c4600000, 0x00000000c4700000|  0%| F|  |TAMS 0x00000000c4600000, 0x00000000c4600000| Untracked 
|  71|0x00000000c4700000, 0x00000000c4700000, 0x00000000c4800000|  0%| F|  |TAMS 0x00000000c4700000, 0x00000000c4700000| Untracked 
|  72|0x00000000c4800000, 0x00000000c4800000, 0x00000000c4900000|  0%| F|  |TAMS 0x00000000c4800000, 0x00000000c4800000| Untracked 
|  73|0x00000000c4900000, 0x00000000c4900000, 0x00000000c4a00000|  0%| F|  |TAMS 0x00000000c4900000, 0x00000000c4900000| Untracked 
|  74|0x00000000c4a00000, 0x00000000c4a00000, 0x00000000c4b00000|  0%| F|  |TAMS 0x00000000c4a00000, 0x00000000c4a00000| Untracked 
|  75|0x00000000c4b00000, 0x00000000c4b00000, 0x00000000c4c00000|  0%| F|  |TAMS 0x00000000c4b00000, 0x00000000c4b00000| Untracked 
|  76|0x00000000c4c00000, 0x00000000c4c00000, 0x00000000c4d00000|  0%| F|  |TAMS 0x00000000c4c00000, 0x00000000c4c00000| Untracked 
|  77|0x00000000c4d00000, 0x00000000c4d00000, 0x00000000c4e00000|  0%| F|  |TAMS 0x00000000c4d00000, 0x00000000c4d00000| Untracked 
|  78|0x00000000c4e00000, 0x00000000c4e00000, 0x00000000c4f00000|  0%| F|  |TAMS 0x00000000c4e00000, 0x00000000c4e00000| Untracked 
|  79|0x00000000c4f00000, 0x00000000c4f00000, 0x00000000c5000000|  0%| F|  |TAMS 0x00000000c4f00000, 0x00000000c4f00000| Untracked 
|  80|0x00000000c5000000, 0x00000000c5000000, 0x00000000c5100000|  0%| F|  |TAMS 0x00000000c5000000, 0x00000000c5000000| Untracked 
|  81|0x00000000c5100000, 0x00000000c5100000, 0x00000000c5200000|  0%| F|  |TAMS 0x00000000c5100000, 0x00000000c5100000| Untracked 
|  82|0x00000000c5200000, 0x00000000c5200000, 0x00000000c5300000|  0%| F|  |TAMS 0x00000000c5200000, 0x00000000c5200000| Untracked 
|  83|0x00000000c5300000, 0x00000000c5300000, 0x00000000c5400000|  0%| F|  |TAMS 0x00000000c5300000, 0x00000000c5300000| Untracked 
|  84|0x00000000c5400000, 0x00000000c5400000, 0x00000000c5500000|  0%| F|  |TAMS 0x00000000c5400000, 0x00000000c5400000| Untracked 
|  85|0x00000000c5500000, 0x00000000c5500000, 0x00000000c5600000|  0%| F|  |TAMS 0x00000000c5500000, 0x00000000c5500000| Untracked 
|  86|0x00000000c5600000, 0x00000000c5600000, 0x00000000c5700000|  0%| F|  |TAMS 0x00000000c5600000, 0x00000000c5600000| Untracked 
|  87|0x00000000c5700000, 0x00000000c5700000, 0x00000000c5800000|  0%| F|  |TAMS 0x00000000c5700000, 0x00000000c5700000| Untracked 
|  88|0x00000000c5800000, 0x00000000c5800000, 0x00000000c5900000|  0%| F|  |TAMS 0x00000000c5800000, 0x00000000c5800000| Untracked 
|  89|0x00000000c5900000, 0x00000000c5900000, 0x00000000c5a00000|  0%| F|  |TAMS 0x00000000c5900000, 0x00000000c5900000| Untracked 
|  90|0x00000000c5a00000, 0x00000000c5a00000, 0x00000000c5b00000|  0%| F|  |TAMS 0x00000000c5a00000, 0x00000000c5a00000| Untracked 
|  91|0x00000000c5b00000, 0x00000000c5b00000, 0x00000000c5c00000|  0%| F|  |TAMS 0x00000000c5b00000, 0x00000000c5b00000| Untracked 
|  92|0x00000000c5c00000, 0x00000000c5c00000, 0x00000000c5d00000|  0%| F|  |TAMS 0x00000000c5c00000, 0x00000000c5c00000| Untracked 
|  93|0x00000000c5d00000, 0x00000000c5d00000, 0x00000000c5e00000|  0%| F|  |TAMS 0x00000000c5d00000, 0x00000000c5d00000| Untracked 
|  94|0x00000000c5e00000, 0x00000000c5e00000, 0x00000000c5f00000|  0%| F|  |TAMS 0x00000000c5e00000, 0x00000000c5e00000| Untracked 
|  95|0x00000000c5f00000, 0x00000000c5f00000, 0x00000000c6000000|  0%| F|  |TAMS 0x00000000c5f00000, 0x00000000c5f00000| Untracked 
|  96|0x00000000c6000000, 0x00000000c6000000, 0x00000000c6100000|  0%| F|  |TAMS 0x00000000c6000000, 0x00000000c6000000| Untracked 
|  97|0x00000000c6100000, 0x00000000c6100000, 0x00000000c6200000|  0%| F|  |TAMS 0x00000000c6100000, 0x00000000c6100000| Untracked 
|  98|0x00000000c6200000, 0x00000000c6200000, 0x00000000c6300000|  0%| F|  |TAMS 0x00000000c6200000, 0x00000000c6200000| Untracked 
|  99|0x00000000c6300000, 0x00000000c6300000, 0x00000000c6400000|  0%| F|  |TAMS 0x00000000c6300000, 0x00000000c6300000| Untracked 
| 100|0x00000000c6400000, 0x00000000c6400000, 0x00000000c6500000|  0%| F|  |TAMS 0x00000000c6400000, 0x00000000c6400000| Untracked 
| 101|0x00000000c6500000, 0x00000000c6500000, 0x00000000c6600000|  0%| F|  |TAMS 0x00000000c6500000, 0x00000000c6500000| Untracked 
| 102|0x00000000c6600000, 0x00000000c6600000, 0x00000000c6700000|  0%| F|  |TAMS 0x00000000c6600000, 0x00000000c6600000| Untracked 
| 103|0x00000000c6700000, 0x00000000c6700000, 0x00000000c6800000|  0%| F|  |TAMS 0x00000000c6700000, 0x00000000c6700000| Untracked 
| 104|0x00000000c6800000, 0x00000000c6800000, 0x00000000c6900000|  0%| F|  |TAMS 0x00000000c6800000, 0x00000000c6800000| Untracked 
| 105|0x00000000c6900000, 0x00000000c6900000, 0x00000000c6a00000|  0%| F|  |TAMS 0x00000000c6900000, 0x00000000c6900000| Untracked 
| 106|0x00000000c6a00000, 0x00000000c6a00000, 0x00000000c6b00000|  0%| F|  |TAMS 0x00000000c6a00000, 0x00000000c6a00000| Untracked 
| 107|0x00000000c6b00000, 0x00000000c6b00000, 0x00000000c6c00000|  0%| F|  |TAMS 0x00000000c6b00000, 0x00000000c6b00000| Untracked 
| 108|0x00000000c6c00000, 0x00000000c6c00000, 0x00000000c6d00000|  0%| F|  |TAMS 0x00000000c6c00000, 0x00000000c6c00000| Untracked 
| 109|0x00000000c6d00000, 0x00000000c6d00000, 0x00000000c6e00000|  0%| F|  |TAMS 0x00000000c6d00000, 0x00000000c6d00000| Untracked 
| 110|0x00000000c6e00000, 0x00000000c6e00000, 0x00000000c6f00000|  0%| F|  |TAMS 0x00000000c6e00000, 0x00000000c6e00000| Untracked 
| 111|0x00000000c6f00000, 0x00000000c6f00000, 0x00000000c7000000|  0%| F|  |TAMS 0x00000000c6f00000, 0x00000000c6f00000| Untracked 
| 112|0x00000000c7000000, 0x00000000c7000000, 0x00000000c7100000|  0%| F|  |TAMS 0x00000000c7000000, 0x00000000c7000000| Untracked 
| 113|0x00000000c7100000, 0x00000000c7100000, 0x00000000c7200000|  0%| F|  |TAMS 0x00000000c7100000, 0x00000000c7100000| Untracked 
| 114|0x00000000c7200000, 0x00000000c7200000, 0x00000000c7300000|  0%| F|  |TAMS 0x00000000c7200000, 0x00000000c7200000| Untracked 
| 115|0x00000000c7300000, 0x00000000c7300000, 0x00000000c7400000|  0%| F|  |TAMS 0x00000000c7300000, 0x00000000c7300000| Untracked 
| 116|0x00000000c7400000, 0x00000000c7400000, 0x00000000c7500000|  0%| F|  |TAMS 0x00000000c7400000, 0x00000000c7400000| Untracked 
| 117|0x00000000c7500000, 0x00000000c7500000, 0x00000000c7600000|  0%| F|  |TAMS 0x00000000c7500000, 0x00000000c7500000| Untracked 
| 118|0x00000000c7600000, 0x00000000c7600000, 0x00000000c7700000|  0%| F|  |TAMS 0x00000000c7600000, 0x00000000c7600000| Untracked 
| 119|0x00000000c7700000, 0x00000000c7700000, 0x00000000c7800000|  0%| F|  |TAMS 0x00000000c7700000, 0x00000000c7700000| Untracked 
| 120|0x00000000c7800000, 0x00000000c7800000, 0x00000000c7900000|  0%| F|  |TAMS 0x00000000c7800000, 0x00000000c7800000| Untracked 
| 121|0x00000000c7900000, 0x00000000c7900000, 0x00000000c7a00000|  0%| F|  |TAMS 0x00000000c7900000, 0x00000000c7900000| Untracked 
| 122|0x00000000c7a00000, 0x00000000c7a00000, 0x00000000c7b00000|  0%| F|  |TAMS 0x00000000c7a00000, 0x00000000c7a00000| Untracked 
| 123|0x00000000c7b00000, 0x00000000c7b00000, 0x00000000c7c00000|  0%| F|  |TAMS 0x00000000c7b00000, 0x00000000c7b00000| Untracked 
| 124|0x00000000c7c00000, 0x00000000c7c00000, 0x00000000c7d00000|  0%| F|  |TAMS 0x00000000c7c00000, 0x00000000c7c00000| Untracked 
| 125|0x00000000c7d00000, 0x00000000c7d00000, 0x00000000c7e00000|  0%| F|  |TAMS 0x00000000c7d00000, 0x00000000c7d00000| Untracked 
| 126|0x00000000c7e00000, 0x00000000c7e00000, 0x00000000c7f00000|  0%| F|  |TAMS 0x00000000c7e00000, 0x00000000c7e00000| Untracked 
| 127|0x00000000c7f00000, 0x00000000c7f00000, 0x00000000c8000000|  0%| F|  |TAMS 0x00000000c7f00000, 0x00000000c7f00000| Untracked 
| 128|0x00000000c8000000, 0x00000000c8000000, 0x00000000c8100000|  0%| F|  |TAMS 0x00000000c8000000, 0x00000000c8000000| Untracked 
| 129|0x00000000c8100000, 0x00000000c8100000, 0x00000000c8200000|  0%| F|  |TAMS 0x00000000c8100000, 0x00000000c8100000| Untracked 
| 130|0x00000000c8200000, 0x00000000c8200000, 0x00000000c8300000|  0%| F|  |TAMS 0x00000000c8200000, 0x00000000c8200000| Untracked 
| 131|0x00000000c8300000, 0x00000000c8300000, 0x00000000c8400000|  0%| F|  |TAMS 0x00000000c8300000, 0x00000000c8300000| Untracked 
| 132|0x00000000c8400000, 0x00000000c8400000, 0x00000000c8500000|  0%| F|  |TAMS 0x00000000c8400000, 0x00000000c8400000| Untracked 
| 133|0x00000000c8500000, 0x00000000c8500000, 0x00000000c8600000|  0%| F|  |TAMS 0x00000000c8500000, 0x00000000c8500000| Untracked 
| 134|0x00000000c8600000, 0x00000000c8600000, 0x00000000c8700000|  0%| F|  |TAMS 0x00000000c8600000, 0x00000000c8600000| Untracked 
| 135|0x00000000c8700000, 0x00000000c8700000, 0x00000000c8800000|  0%| F|  |TAMS 0x00000000c8700000, 0x00000000c8700000| Untracked 
| 136|0x00000000c8800000, 0x00000000c8800000, 0x00000000c8900000|  0%| F|  |TAMS 0x00000000c8800000, 0x00000000c8800000| Untracked 
| 137|0x00000000c8900000, 0x00000000c8900000, 0x00000000c8a00000|  0%| F|  |TAMS 0x00000000c8900000, 0x00000000c8900000| Untracked 
| 138|0x00000000c8a00000, 0x00000000c8a00000, 0x00000000c8b00000|  0%| F|  |TAMS 0x00000000c8a00000, 0x00000000c8a00000| Untracked 
| 139|0x00000000c8b00000, 0x00000000c8b00000, 0x00000000c8c00000|  0%| F|  |TAMS 0x00000000c8b00000, 0x00000000c8b00000| Untracked 
| 140|0x00000000c8c00000, 0x00000000c8c00000, 0x00000000c8d00000|  0%| F|  |TAMS 0x00000000c8c00000, 0x00000000c8c00000| Untracked 
| 141|0x00000000c8d00000, 0x00000000c8d00000, 0x00000000c8e00000|  0%| F|  |TAMS 0x00000000c8d00000, 0x00000000c8d00000| Untracked 
| 142|0x00000000c8e00000, 0x00000000c8e00000, 0x00000000c8f00000|  0%| F|  |TAMS 0x00000000c8e00000, 0x00000000c8e00000| Untracked 
| 143|0x00000000c8f00000, 0x00000000c8f00000, 0x00000000c9000000|  0%| F|  |TAMS 0x00000000c8f00000, 0x00000000c8f00000| Untracked 
| 144|0x00000000c9000000, 0x00000000c9000000, 0x00000000c9100000|  0%| F|  |TAMS 0x00000000c9000000, 0x00000000c9000000| Untracked 
| 145|0x00000000c9100000, 0x00000000c9100000, 0x00000000c9200000|  0%| F|  |TAMS 0x00000000c9100000, 0x00000000c9100000| Untracked 
| 146|0x00000000c9200000, 0x00000000c9200000, 0x00000000c9300000|  0%| F|  |TAMS 0x00000000c9200000, 0x00000000c9200000| Untracked 
| 147|0x00000000c9300000, 0x00000000c93058a8, 0x00000000c9400000|  2%| E|  |TAMS 0x00000000c9300000, 0x00000000c9300000| Complete 
| 148|0x00000000c9400000, 0x00000000c9500000, 0x00000000c9500000|100%| O|  |TAMS 0x00000000c9500000, 0x00000000c9400000| Untracked 

Card table byte_map: [0x000002682a380000,0x000002682a580000] _byte_map_base: 0x0000026829d80000

Marking Bits (Prev, Next): (CMBitMap*) 0x00000268244203e0, (CMBitMap*) 0x00000268244203a0
 Prev Bits: [0x000002682b780000, 0x000002682c780000)
 Next Bits: [0x000002682a780000, 0x000002682b780000)

Polling page: 0x0000026823b90000

Metaspace:

Usage:
  Non-class:     54.82 MB used.
      Class:      7.73 MB used.
       Both:     62.55 MB used.

Virtual space:
  Non-class space:       64.00 MB reserved,      55.06 MB ( 86%) committed,  1 nodes.
      Class space:        1.00 GB reserved,       8.00 MB ( <1%) committed,  1 nodes.
             Both:        1.06 GB reserved,      63.06 MB (  6%) committed. 

Chunk freelists:
   Non-Class:  8.23 MB
       Class:  8.08 MB
        Both:  16.30 MB

MaxMetaspaceSize: unlimited
CompressedClassSpaceSize: 1.00 GB
Initial GC threshold: 21.00 MB
Current GC threshold: 105.13 MB
CDS: off
MetaspaceReclaimPolicy: balanced
 - commit_granule_bytes: 65536.
 - commit_granule_words: 8192.
 - virtual_space_node_default_size: 8388608.
 - enlarge_chunks_in_place: 1.
 - new_chunks_are_fully_committed: 0.
 - uncommit_free_chunks: 1.
 - use_allocation_guard: 0.
 - handle_deallocations: 1.


Internal statistics:

num_allocs_failed_limit: 8.
num_arena_births: 1154.
num_arena_deaths: 576.
num_vsnodes_births: 2.
num_vsnodes_deaths: 0.
num_space_committed: 1010.
num_space_uncommitted: 2.
num_chunks_returned_to_freelist: 728.
num_chunks_taken_from_freelist: 3545.
num_chunk_merges: 253.
num_chunk_splits: 2197.
num_chunks_enlarged: 1540.
num_inconsistent_stats: 0.

CodeCache: size=49152Kb used=21215Kb max_used=22836Kb free=27936Kb
 bounds [0x0000026827070000, 0x0000026828700000, 0x000002682a070000]
 total_blobs=11709 nmethods=11024 adapters=611
 compilation: enabled
              stopped_count=0, restarted_count=0
 full_count=0

Compilation events (20 events):
Event: 13961.498 Thread 0x000002682f379d40 11016       1       org.eclipse.jdt.internal.compiler.codegen.CodeStream::fieldAccess (276 bytes)
Event: 13961.498 Thread 0x000002682f379d40 nmethod 11016 0x000002682846fa10 code [0x000002682846fc40, 0x0000026828470108]
Event: 13961.498 Thread 0x000002682f379d40 11017       1       org.eclipse.jdt.internal.compiler.codegen.CodeStream::pushTypeBinding (14 bytes)
Event: 13961.498 Thread 0x000002682f379d40 nmethod 11017 0x000002682846f610 code [0x000002682846f7c0, 0x000002682846f918]
Event: 13961.498 Thread 0x000002682f379d40 11019       1       org.eclipse.jdt.core.dom.DocCommentParser::createTypeReference (473 bytes)
Event: 13961.500 Thread 0x000002682f379d40 nmethod 11019 0x000002682846d290 code [0x000002682846d640, 0x000002682846e9d8]
Event: 13961.500 Thread 0x000002682f379d40 11018       1       org.eclipse.jdt.core.dom.DocCommentParser::createTypeReference (6 bytes)
Event: 13961.500 Thread 0x000002682f379d40 nmethod 11018 0x000002682846cf90 code [0x000002682846d120, 0x000002682846d208]
Event: 13961.500 Thread 0x000002682f379d40 11020       1       org.eclipse.jdt.core.dom.AST::internalNewName (81 bytes)
Event: 13961.501 Thread 0x000002682f379d40 nmethod 11020 0x000002682846c210 code [0x000002682846c440, 0x000002682846cb18]
Event: 13961.501 Thread 0x000002682f379d40 11021       1       org.eclipse.jdt.core.dom.DocCommentParser::pushThrowName (94 bytes)
Event: 13961.501 Thread 0x000002682f379d40 nmethod 11021 0x000002682846b790 code [0x000002682846b9c0, 0x000002682846bea8]
Event: 13961.501 Thread 0x000002682f379d40 11022       1       org.eclipse.jdt.internal.compiler.parser.AbstractCommentParser::peekChar (173 bytes)
Event: 13961.502 Thread 0x000002682f379d40 nmethod 11022 0x000002682846af90 code [0x000002682846b160, 0x000002682846b4d8]
Event: 13961.502 Thread 0x000002682f379d40 11023       1       org.eclipse.jdt.core.dom.DefaultCommentMapper::getComment (42 bytes)
Event: 13961.502 Thread 0x000002682f379d40 nmethod 11023 0x000002682846ab10 code [0x000002682846acc0, 0x000002682846aea8]
Event: 13961.502 Thread 0x000002682f379d40 11024       1       org.eclipse.jdt.core.dom.ASTConverter$$Lambda$1093/0x00000001007862b8::setJavadoc (9 bytes)
Event: 13961.502 Thread 0x000002682f379d40 nmethod 11024 0x000002682846a690 code [0x000002682846a840, 0x000002682846aa08]
Event: 13961.502 Thread 0x000002682f379d40 11025       1       org.eclipse.jdt.core.dom.BodyDeclaration::setJavadoc (30 bytes)
Event: 13961.502 Thread 0x000002682f379d40 nmethod 11025 0x000002682846a210 code [0x000002682846a3c0, 0x000002682846a568]

GC Heap History (20 events):
Event: 42475.726 GC heap after
{Heap after GC invocations=2043 (full 1899):
 garbage-first heap   total 152576K, used 59465K [0x00000000c0000000, 0x0000000100000000)
  region size 1024K, 0 young (0K), 0 survivors (0K)
 Metaspace       used 64050K, committed 64576K, reserved 1114112K
  class space    used 7915K, committed 8192K, reserved 1048576K
}
Event: 42485.885 GC heap before
{Heap before GC invocations=2043 (full 1899):
 garbage-first heap   total 152576K, used 59465K [0x00000000c0000000, 0x0000000100000000)
  region size 1024K, 1 young (1024K), 0 survivors (0K)
 Metaspace       used 64050K, committed 64576K, reserved 1114112K
  class space    used 7915K, committed 8192K, reserved 1048576K
}
Event: 42485.930 GC heap after
{Heap after GC invocations=2044 (full 1900):
 garbage-first heap   total 152576K, used 59465K [0x00000000c0000000, 0x0000000100000000)
  region size 1024K, 0 young (0K), 0 survivors (0K)
 Metaspace       used 64050K, committed 64576K, reserved 1114112K
  class space    used 7915K, committed 8192K, reserved 1048576K
}
Event: 42496.093 GC heap before
{Heap before GC invocations=2044 (full 1900):
 garbage-first heap   total 152576K, used 59465K [0x00000000c0000000, 0x0000000100000000)
  region size 1024K, 1 young (1024K), 0 survivors (0K)
 Metaspace       used 64050K, committed 64576K, reserved 1114112K
  class space    used 7915K, committed 8192K, reserved 1048576K
}
Event: 42496.136 GC heap after
{Heap after GC invocations=2045 (full 1901):
 garbage-first heap   total 152576K, used 59465K [0x00000000c0000000, 0x0000000100000000)
  region size 1024K, 0 young (0K), 0 survivors (0K)
 Metaspace       used 64050K, committed 64576K, reserved 1114112K
  class space    used 7915K, committed 8192K, reserved 1048576K
}
Event: 42506.297 GC heap before
{Heap before GC invocations=2045 (full 1901):
 garbage-first heap   total 152576K, used 59465K [0x00000000c0000000, 0x0000000100000000)
  region size 1024K, 1 young (1024K), 0 survivors (0K)
 Metaspace       used 64050K, committed 64576K, reserved 1114112K
  class space    used 7915K, committed 8192K, reserved 1048576K
}
Event: 42506.344 GC heap after
{Heap after GC invocations=2046 (full 1902):
 garbage-first heap   total 152576K, used 59465K [0x00000000c0000000, 0x0000000100000000)
  region size 1024K, 0 young (0K), 0 survivors (0K)
 Metaspace       used 64050K, committed 64576K, reserved 1114112K
  class space    used 7915K, committed 8192K, reserved 1048576K
}
Event: 42516.830 GC heap before
{Heap before GC invocations=2046 (full 1902):
 garbage-first heap   total 152576K, used 59465K [0x00000000c0000000, 0x0000000100000000)
  region size 1024K, 1 young (1024K), 0 survivors (0K)
 Metaspace       used 64050K, committed 64576K, reserved 1114112K
  class space    used 7915K, committed 8192K, reserved 1048576K
}
Event: 42516.955 GC heap after
{Heap after GC invocations=2047 (full 1903):
 garbage-first heap   total 152576K, used 59465K [0x00000000c0000000, 0x0000000100000000)
  region size 1024K, 0 young (0K), 0 survivors (0K)
 Metaspace       used 64050K, committed 64576K, reserved 1114112K
  class space    used 7915K, committed 8192K, reserved 1048576K
}
Event: 42527.351 GC heap before
{Heap before GC invocations=2047 (full 1903):
 garbage-first heap   total 152576K, used 59465K [0x00000000c0000000, 0x0000000100000000)
  region size 1024K, 1 young (1024K), 0 survivors (0K)
 Metaspace       used 64050K, committed 64576K, reserved 1114112K
  class space    used 7915K, committed 8192K, reserved 1048576K
}
Event: 42527.463 GC heap after
{Heap after GC invocations=2048 (full 1904):
 garbage-first heap   total 152576K, used 59465K [0x00000000c0000000, 0x0000000100000000)
  region size 1024K, 0 young (0K), 0 survivors (0K)
 Metaspace       used 64050K, committed 64576K, reserved 1114112K
  class space    used 7915K, committed 8192K, reserved 1048576K
}
Event: 42537.895 GC heap before
{Heap before GC invocations=2048 (full 1904):
 garbage-first heap   total 152576K, used 59465K [0x00000000c0000000, 0x0000000100000000)
  region size 1024K, 1 young (1024K), 0 survivors (0K)
 Metaspace       used 64050K, committed 64576K, reserved 1114112K
  class space    used 7915K, committed 8192K, reserved 1048576K
}
Event: 42538.001 GC heap after
{Heap after GC invocations=2049 (full 1905):
 garbage-first heap   total 152576K, used 59465K [0x00000000c0000000, 0x0000000100000000)
  region size 1024K, 0 young (0K), 0 survivors (0K)
 Metaspace       used 64050K, committed 64576K, reserved 1114112K
  class space    used 7915K, committed 8192K, reserved 1048576K
}
Event: 42548.565 GC heap before
{Heap before GC invocations=2049 (full 1905):
 garbage-first heap   total 152576K, used 59465K [0x00000000c0000000, 0x0000000100000000)
  region size 1024K, 1 young (1024K), 0 survivors (0K)
 Metaspace       used 64050K, committed 64576K, reserved 1114112K
  class space    used 7915K, committed 8192K, reserved 1048576K
}
Event: 42548.670 GC heap after
{Heap after GC invocations=2050 (full 1906):
 garbage-first heap   total 152576K, used 59465K [0x00000000c0000000, 0x0000000100000000)
  region size 1024K, 0 young (0K), 0 survivors (0K)
 Metaspace       used 64050K, committed 64576K, reserved 1114112K
  class space    used 7915K, committed 8192K, reserved 1048576K
}
Event: 42559.183 GC heap before
{Heap before GC invocations=2050 (full 1906):
 garbage-first heap   total 152576K, used 59465K [0x00000000c0000000, 0x0000000100000000)
  region size 1024K, 1 young (1024K), 0 survivors (0K)
 Metaspace       used 64050K, committed 64576K, reserved 1114112K
  class space    used 7915K, committed 8192K, reserved 1048576K
}
Event: 42559.296 GC heap after
{Heap after GC invocations=2051 (full 1907):
 garbage-first heap   total 152576K, used 59465K [0x00000000c0000000, 0x0000000100000000)
  region size 1024K, 0 young (0K), 0 survivors (0K)
 Metaspace       used 64050K, committed 64576K, reserved 1114112K
  class space    used 7915K, committed 8192K, reserved 1048576K
}
Event: 42569.699 GC heap before
{Heap before GC invocations=2051 (full 1907):
 garbage-first heap   total 152576K, used 59465K [0x00000000c0000000, 0x0000000100000000)
  region size 1024K, 1 young (1024K), 0 survivors (0K)
 Metaspace       used 64050K, committed 64576K, reserved 1114112K
  class space    used 7915K, committed 8192K, reserved 1048576K
}
Event: 42569.833 GC heap after
{Heap after GC invocations=2052 (full 1908):
 garbage-first heap   total 152576K, used 59465K [0x00000000c0000000, 0x0000000100000000)
  region size 1024K, 0 young (0K), 0 survivors (0K)
 Metaspace       used 64050K, committed 64576K, reserved 1114112K
  class space    used 7915K, committed 8192K, reserved 1048576K
}
Event: 42580.071 GC heap before
{Heap before GC invocations=2052 (full 1908):
 garbage-first heap   total 152576K, used 59465K [0x00000000c0000000, 0x0000000100000000)
  region size 1024K, 1 young (1024K), 0 survivors (0K)
 Metaspace       used 64050K, committed 64576K, reserved 1114112K
  class space    used 7915K, committed 8192K, reserved 1048576K
}

Dll operation events (10 events):
Event: 0.011 Loaded shared library c:\Users\HP\.vscode\extensions\redhat.java-1.34.0-win32-x64\jre\17.0.12-win32-x86_64\bin\java.dll
Event: 0.807 Loaded shared library C:\Users\HP\.vscode\extensions\redhat.java-1.34.0-win32-x64\jre\17.0.12-win32-x86_64\bin\net.dll
Event: 0.811 Loaded shared library C:\Users\HP\.vscode\extensions\redhat.java-1.34.0-win32-x64\jre\17.0.12-win32-x86_64\bin\nio.dll
Event: 0.831 Loaded shared library C:\Users\HP\.vscode\extensions\redhat.java-1.34.0-win32-x64\jre\17.0.12-win32-x86_64\bin\zip.dll
Event: 1.531 Loaded shared library C:\Users\HP\.vscode\extensions\redhat.java-1.34.0-win32-x64\jre\17.0.12-win32-x86_64\bin\jimage.dll
Event: 3.199 Loaded shared library c:\Users\HP\.vscode\extensions\redhat.java-1.34.0-win32-x64\jre\17.0.12-win32-x86_64\bin\verify.dll
Event: 5.658 Loaded shared library C:\Users\HP\.vscode\extensions\redhat.java-1.34.0-win32-x64\jre\17.0.12-win32-x86_64\bin\management.dll
Event: 5.662 Loaded shared library C:\Users\HP\.vscode\extensions\redhat.java-1.34.0-win32-x64\jre\17.0.12-win32-x86_64\bin\management_ext.dll
Event: 6.424 Loaded shared library C:\Users\HP\.vscode\extensions\redhat.java-1.34.0-win32-x64\jre\17.0.12-win32-x86_64\bin\sunmscapi.dll
Event: 75.992 Loaded shared library C:\Users\HP\.vscode\extensions\redhat.java-1.34.0-win32-x64\jre\17.0.12-win32-x86_64\bin\extnet.dll

Deoptimization events (20 events):
Event: 315.620 Thread 0x000002683507df60 DEOPT PACKING pc=0x0000026827718cd4 sp=0x000000798feff0e0
Event: 315.621 Thread 0x000002683507df60 DEOPT UNPACKING pc=0x00000268270c7143 sp=0x000000798fefe588 mode 0
Event: 3126.041 Thread 0x000002682f4f06a0 DEOPT PACKING pc=0x000002682794d98c sp=0x00000079902fe140
Event: 3126.041 Thread 0x000002682f4f06a0 DEOPT UNPACKING pc=0x00000268270c7143 sp=0x00000079902fd6a8 mode 0
Event: 3126.041 Thread 0x000002682f4f06a0 DEOPT PACKING pc=0x00000268279fe6cc sp=0x00000079902fe270
Event: 3126.041 Thread 0x000002682f4f06a0 DEOPT UNPACKING pc=0x00000268270c7143 sp=0x00000079902fd750 mode 0
Event: 3126.041 Thread 0x000002682f4f06a0 DEOPT PACKING pc=0x000002682794d98c sp=0x00000079902fe3a0
Event: 3126.041 Thread 0x000002682f4f06a0 DEOPT UNPACKING pc=0x00000268270c7143 sp=0x00000079902fd908 mode 0
Event: 3126.041 Thread 0x000002682f4f06a0 DEOPT PACKING pc=0x00000268279fe6cc sp=0x00000079902fe4d0
Event: 3126.041 Thread 0x000002682f4f06a0 DEOPT UNPACKING pc=0x00000268270c7143 sp=0x00000079902fd9c8 mode 0
Event: 3126.043 Thread 0x000002682f4f06a0 DEOPT PACKING pc=0x000002682794d98c sp=0x00000079902fe840
Event: 3126.043 Thread 0x000002682f4f06a0 DEOPT UNPACKING pc=0x00000268270c7143 sp=0x00000079902fdda8 mode 0
Event: 3126.043 Thread 0x000002682f4f06a0 DEOPT PACKING pc=0x00000268279fe6cc sp=0x00000079902fe970
Event: 3126.043 Thread 0x000002682f4f06a0 DEOPT UNPACKING pc=0x00000268270c7143 sp=0x00000079902fde68 mode 0
Event: 9876.928 Thread 0x0000026835db03d0 DEOPT PACKING pc=0x0000026827b63064 sp=0x000000798edfd9c0
Event: 9876.928 Thread 0x0000026835db03d0 DEOPT UNPACKING pc=0x00000268270c7143 sp=0x000000798edfce98 mode 0
Event: 10093.559 Thread 0x0000026835db1810 DEOPT PACKING pc=0x0000026827de31e4 sp=0x000000798edfde70
Event: 10093.559 Thread 0x0000026835db1810 DEOPT UNPACKING pc=0x00000268270c7143 sp=0x000000798edfd3c0 mode 0
Event: 11474.889 Thread 0x0000026835daef90 DEOPT PACKING pc=0x00000268281c844c sp=0x000000798edfdcc0
Event: 11474.889 Thread 0x0000026835daef90 DEOPT UNPACKING pc=0x00000268270c7143 sp=0x000000798edfd1f8 mode 0

Classes loaded (20 events):
Event: 7789.574 Loading class java/io/CharArrayWriter
Event: 7789.575 Loading class java/io/CharArrayWriter done
Event: 9279.788 Loading class java/util/concurrent/CompletableFuture$AsyncSupply
Event: 9279.789 Loading class java/util/concurrent/CompletableFuture$AsyncSupply done
Event: 9279.790 Loading class java/util/concurrent/locks/ReentrantReadWriteLock$Sync$HoldCounter
Event: 9279.791 Loading class java/util/concurrent/locks/ReentrantReadWriteLock$Sync$HoldCounter done
Event: 9876.870 Loading class java/util/stream/ReferencePipeline$4
Event: 9876.870 Loading class java/util/stream/ReferencePipeline$4 done
Event: 9876.872 Loading class java/util/stream/Nodes$IntFixedNodeBuilder
Event: 9876.873 Loading class java/util/stream/Node$Builder$OfInt
Event: 9876.873 Loading class java/util/stream/Node$Builder$OfInt done
Event: 9876.873 Loading class java/util/stream/Nodes$IntArrayNode
Event: 9876.874 Loading class java/util/stream/Nodes$IntArrayNode done
Event: 9876.874 Loading class java/util/stream/Nodes$IntFixedNodeBuilder done
Event: 9876.874 Loading class java/util/stream/ReferencePipeline$4$1
Event: 9876.875 Loading class java/util/stream/ReferencePipeline$4$1 done
Event: 9890.725 Loading class java/util/concurrent/ConcurrentHashMap$TreeNode
Event: 9890.726 Loading class java/util/concurrent/ConcurrentHashMap$TreeNode done
Event: 9890.726 Loading class java/util/concurrent/ConcurrentHashMap$TreeBin
Event: 9890.726 Loading class java/util/concurrent/ConcurrentHashMap$TreeBin done

Classes unloaded (20 events):
Event: 11983.225 Thread 0x000002682f1fcf60 Unloading class 0x00000001007e5400 'jdk/internal/reflect/GeneratedConstructorAccessor95'
Event: 11983.225 Thread 0x000002682f1fcf60 Unloading class 0x00000001007e5000 'jdk/internal/reflect/GeneratedMethodAccessor41'
Event: 11983.225 Thread 0x000002682f1fcf60 Unloading class 0x00000001007e4400 'jdk/internal/reflect/GeneratedMethodAccessor40'
Event: 11983.225 Thread 0x000002682f1fcf60 Unloading class 0x00000001007e5800 'jdk/internal/reflect/GeneratedMethodAccessor39'
Event: 11983.225 Thread 0x000002682f1fcf60 Unloading class 0x00000001007e9400 'jdk/internal/reflect/GeneratedConstructorAccessor94'
Event: 13026.750 Thread 0x000002682f1fcf60 Unloading class 0x00000001007e5000 'jdk/internal/reflect/GeneratedConstructorAccessor105'
Event: 13026.750 Thread 0x000002682f1fcf60 Unloading class 0x00000001007e4c00 'jdk/internal/reflect/GeneratedConstructorAccessor104'
Event: 13026.750 Thread 0x000002682f1fcf60 Unloading class 0x00000001007e4800 'jdk/internal/reflect/GeneratedConstructorAccessor103'
Event: 13026.750 Thread 0x000002682f1fcf60 Unloading class 0x00000001007e9c00 'jdk/internal/reflect/GeneratedConstructorAccessor102'
Event: 13026.750 Thread 0x000002682f1fcf60 Unloading class 0x00000001007f0800 'java/lang/invoke/LambdaForm$MH+0x00000001007f0800'
Event: 13026.750 Thread 0x000002682f1fcf60 Unloading class 0x00000001007e9400 'java/lang/invoke/LambdaForm$MH+0x00000001007e9400'
Event: 13026.750 Thread 0x000002682f1fcf60 Unloading class 0x00000001007e5800 'java/lang/invoke/LambdaForm$MH+0x00000001007e5800'
Event: 13026.750 Thread 0x000002682f1fcf60 Unloading class 0x00000001007e4400 'java/lang/invoke/LambdaForm$MH+0x00000001007e4400'
Event: 13047.178 Thread 0x000002682f1fcf60 Unloading class 0x00000001007eac00 'jdk/internal/reflect/GeneratedMethodAccessor49'
Event: 13047.178 Thread 0x000002682f1fcf60 Unloading class 0x00000001007ea800 'jdk/internal/reflect/GeneratedConstructorAccessor107'
Event: 13047.178 Thread 0x000002682f1fcf60 Unloading class 0x00000001007ea400 'jdk/internal/reflect/GeneratedMethodAccessor48'
Event: 13047.178 Thread 0x000002682f1fcf60 Unloading class 0x00000001007ea000 'jdk/internal/reflect/GeneratedConstructorAccessor106'
Event: 13047.178 Thread 0x000002682f1fcf60 Unloading class 0x00000001007f0400 'jdk/internal/reflect/GeneratedMethodAccessor47'
Event: 13047.178 Thread 0x000002682f1fcf60 Unloading class 0x00000001007f0000 'jdk/internal/reflect/GeneratedMethodAccessor46'
Event: 13047.178 Thread 0x000002682f1fcf60 Unloading class 0x00000001007e5400 'jdk/internal/reflect/GeneratedMethodAccessor45'

Classes redefined (0 events):
No events

Internal exceptions (20 events):
Event: 12952.188 Thread 0x000002682f4ede20 Exception <a 'sun/nio/fs/WindowsException'{0x00000000c700f678}> (0x00000000c700f678) 
thrown [s\src\hotspot\share\prims\jni.cpp, line 516]
Event: 12952.188 Thread 0x000002682f4ede20 Exception <a 'sun/nio/fs/WindowsException'{0x00000000c700fcd8}> (0x00000000c700fcd8) 
thrown [s\src\hotspot\share\prims\jni.cpp, line 516]
Event: 12952.188 Thread 0x000002682f4ede20 Exception <a 'sun/nio/fs/WindowsException'{0x00000000c70114a0}> (0x00000000c70114a0) 
thrown [s\src\hotspot\share\prims\jni.cpp, line 516]
Event: 12952.188 Thread 0x000002682f4ede20 Exception <a 'sun/nio/fs/WindowsException'{0x00000000c7012458}> (0x00000000c7012458) 
thrown [s\src\hotspot\share\prims\jni.cpp, line 516]
Event: 12952.188 Thread 0x000002682f4ede20 Exception <a 'sun/nio/fs/WindowsException'{0x00000000c70127d8}> (0x00000000c70127d8) 
thrown [s\src\hotspot\share\prims\jni.cpp, line 516]
Event: 12952.188 Thread 0x000002682f4ede20 Exception <a 'sun/nio/fs/WindowsException'{0x00000000c70134e0}> (0x00000000c70134e0) 
thrown [s\src\hotspot\share\prims\jni.cpp, line 516]
Event: 12952.188 Thread 0x000002682f4ede20 Exception <a 'sun/nio/fs/WindowsException'{0x00000000c7013b40}> (0x00000000c7013b40) 
thrown [s\src\hotspot\share\prims\jni.cpp, line 516]
Event: 12952.189 Thread 0x000002682f4ede20 Exception <a 'sun/nio/fs/WindowsException'{0x00000000c7013e80}> (0x00000000c7013e80) 
thrown [s\src\hotspot\share\prims\jni.cpp, line 516]
Event: 12952.189 Thread 0x000002682f4ede20 Exception <a 'sun/nio/fs/WindowsException'{0x00000000c7014e38}> (0x00000000c7014e38) 
thrown [s\src\hotspot\share\prims\jni.cpp, line 516]
Event: 12952.189 Thread 0x000002682f4ede20 Exception <a 'sun/nio/fs/WindowsException'{0x00000000c70151b8}> (0x00000000c70151b8) 
thrown [s\src\hotspot\share\prims\jni.cpp, line 516]
Event: 12952.189 Thread 0x000002682f4ede20 Exception <a 'sun/nio/fs/WindowsException'{0x00000000c7015ec8}> (0x00000000c7015ec8) 
thrown [s\src\hotspot\share\prims\jni.cpp, line 516]
Event: 12952.189 Thread 0x000002682f4ede20 Exception <a 'sun/nio/fs/WindowsException'{0x00000000c7016568}> (0x00000000c7016568) 
thrown [s\src\hotspot\share\prims\jni.cpp, line 516]
Event: 12952.189 Thread 0x000002682f4ede20 Exception <a 'sun/nio/fs/WindowsException'{0x00000000c70168c8}> (0x00000000c70168c8) 
thrown [s\src\hotspot\share\prims\jni.cpp, line 516]
Event: 12952.189 Thread 0x000002682f4ede20 Exception <a 'sun/nio/fs/WindowsException'{0x00000000c70178a8}> (0x00000000c70178a8) 
thrown [s\src\hotspot\share\prims\jni.cpp, line 516]
Event: 12952.189 Thread 0x000002682f4ede20 Exception <a 'sun/nio/fs/WindowsException'{0x00000000c7017c48}> (0x00000000c7017c48) 
thrown [s\src\hotspot\share\prims\jni.cpp, line 516]
Event: 12952.190 Thread 0x000002682f4ede20 Exception <a 'sun/nio/fs/WindowsException'{0x00000000c7018958}> (0x00000000c7018958) 
thrown [s\src\hotspot\share\prims\jni.cpp, line 516]
Event: 12952.190 Thread 0x000002682f4ede20 Exception <a 'sun/nio/fs/WindowsException'{0x00000000c7018ff8}> (0x00000000c7018ff8) 
thrown [s\src\hotspot\share\prims\jni.cpp, line 516]
Event: 12952.190 Thread 0x000002682f4ede20 Exception <a 'sun/nio/fs/WindowsException'{0x00000000c7019358}> (0x00000000c7019358) 
thrown [s\src\hotspot\share\prims\jni.cpp, line 516]
Event: 12952.190 Thread 0x000002682f4ede20 Exception <a 'sun/nio/fs/WindowsException'{0x00000000c701a338}> (0x00000000c701a338) 
thrown [s\src\hotspot\share\prims\jni.cpp, line 516]
Event: 12952.190 Thread 0x000002682f4ede20 Exception <a 'sun/nio/fs/WindowsException'{0x00000000c701a6d8}> (0x00000000c701a6d8) 
thrown [s\src\hotspot\share\prims\jni.cpp, line 516]

VM Operations (20 events):
Event: 42475.726 Executing VM operation: G1CollectFull done
Event: 42485.885 Executing VM operation: G1CollectFull
Event: 42485.930 Executing VM operation: G1CollectFull done
Event: 42496.093 Executing VM operation: G1CollectFull
Event: 42496.136 Executing VM operation: G1CollectFull done
Event: 42506.297 Executing VM operation: G1CollectFull
Event: 42506.344 Executing VM operation: G1CollectFull done
Event: 42516.830 Executing VM operation: G1CollectFull
Event: 42516.955 Executing VM operation: G1CollectFull done
Event: 42527.351 Executing VM operation: G1CollectFull
Event: 42527.463 Executing VM operation: G1CollectFull done
Event: 42537.895 Executing VM operation: G1CollectFull
Event: 42538.001 Executing VM operation: G1CollectFull done
Event: 42548.565 Executing VM operation: G1CollectFull
Event: 42548.671 Executing VM operation: G1CollectFull done
Event: 42559.183 Executing VM operation: G1CollectFull
Event: 42559.296 Executing VM operation: G1CollectFull done
Event: 42569.699 Executing VM operation: G1CollectFull
Event: 42569.833 Executing VM operation: G1CollectFull done
Event: 42580.071 Executing VM operation: G1CollectFull

Events (20 events):
Event: 13236.508 Thread 0x0000026836407fe0 Thread exited: 0x0000026836407fe0
Event: 13241.509 Thread 0x000002683640ca40 Thread exited: 0x000002683640ca40
Event: 13241.509 Thread 0x0000026836408fd0 Thread exited: 0x0000026836408fd0
Event: 13260.912 Thread 0x0000026835db2740 Thread exited: 0x0000026835db2740
Event: 13291.348 Thread 0x0000026835db1300 Thread exited: 0x0000026835db1300
Event: 13291.436 Thread 0x0000026835dae570 Thread exited: 0x0000026835dae570
Event: 13291.511 Thread 0x0000026835dafec0 Thread exited: 0x0000026835dafec0
Event: 13299.847 Thread 0x0000026835db1d20 Thread exited: 0x0000026835db1d20
Event: 13574.262 Thread 0x0000026835db45a0 Thread added: 0x0000026835db45a0
Event: 13574.263 Thread 0x0000026835db1300 Thread added: 0x0000026835db1300
Event: 13574.265 Thread 0x0000026835db4fc0 Thread added: 0x0000026835db4fc0
Event: 13634.296 Thread 0x0000026835db4fc0 Thread exited: 0x0000026835db4fc0
Event: 13634.557 Thread 0x0000026835db45a0 Thread exited: 0x0000026835db45a0
Event: 13643.112 Thread 0x0000026835db4090 Thread added: 0x0000026835db4090
Event: 13703.125 Thread 0x0000026835db4090 Thread exited: 0x0000026835db4090
Event: 13705.881 Thread 0x0000026835db1300 Thread exited: 0x0000026835db1300
Event: 13961.482 Thread 0x0000026835db4fc0 Thread added: 0x0000026835db4fc0
Event: 13961.484 Thread 0x0000026835daea80 Thread added: 0x0000026835daea80
Event: 14021.501 Thread 0x0000026835db4fc0 Thread exited: 0x0000026835db4fc0
Event: 14021.501 Thread 0x0000026835daea80 Thread exited: 0x0000026835daea80


Dynamic libraries:
0x00007ff68ff70000 - 0x00007ff68ff7e000 	c:\Users\HP\.vscode\extensions\redhat.java-1.34.0-win32-x64\jre\17.0.12-win32-x86_64\bin\java.exe
0x00007ffb34800000 - 0x00007ffb349ee000 	C:\Windows\SYSTEM32\ntdll.dll
0x00007ffb32090000 - 0x00007ffb32143000 	C:\Windows\System32\KERNEL32.DLL
0x00007ffb315f0000 - 0x00007ffb3188d000 	C:\Windows\System32\KERNELBASE.dll
0x00007ffb30b50000 - 0x00007ffb30c4a000 	C:\Windows\System32\ucrtbase.dll
0x00007ffacb040000 - 0x00007ffacb057000 	c:\Users\HP\.vscode\extensions\redhat.java-1.34.0-win32-x64\jre\17.0.12-win32-x86_64\bin\jli.dll
0x00007ffb33d00000 - 0x00007ffb33e97000 	C:\Windows\System32\USER32.dll
0x00007ffb31890000 - 0x00007ffb318b0000 	C:\Windows\System32\win32u.dll
0x00007ffb32060000 - 0x00007ffb32089000 	C:\Windows\System32\GDI32.dll
0x00007ffb30c50000 - 0x00007ffb30df8000 	C:\Windows\System32\gdi32full.dll
0x00007ffb30e00000 - 0x00007ffb30ea0000 	C:\Windows\System32\msvcp_win.dll
0x00007ffb18400000 - 0x00007ffb18679000 	C:\Windows\WinSxS\amd64_microsoft.windows.common-controls_6595b64144ccf1df_6.0.17763.6189_none_de75211c5347e0e8\COMCTL32.dll
0x00007ffb33bf0000 - 0x00007ffb33c8e000 	C:\Windows\System32\msvcrt.dll
0x00007ffb34180000 - 0x00007ffb344aa000 	C:\Windows\System32\combase.dll
0x00007ffacb060000 - 0x00007ffacb07b000 	c:\Users\HP\.vscode\extensions\redhat.java-1.34.0-win32-x64\jre\17.0.12-win32-x86_64\bin\VCRUNTIME140.dll
0x00007ffb31bc0000 - 0x00007ffb31cd8000 	C:\Windows\System32\RPCRT4.dll
0x00007ffb30840000 - 0x00007ffb308c2000 	C:\Windows\System32\bcryptPrimitives.dll
0x00007ffb31e90000 - 0x00007ffb31ebe000 	C:\Windows\System32\IMM32.DLL
0x00007ffaca270000 - 0x00007ffaca27c000 	c:\Users\HP\.vscode\extensions\redhat.java-1.34.0-win32-x64\jre\17.0.12-win32-x86_64\bin\vcruntime140_1.dll
0x00007ffaca1e0000 - 0x00007ffaca26d000 	c:\Users\HP\.vscode\extensions\redhat.java-1.34.0-win32-x64\jre\17.0.12-win32-x86_64\bin\msvcp140.dll
0x00007ffac9570000 - 0x00007ffaca1da000 	c:\Users\HP\.vscode\extensions\redhat.java-1.34.0-win32-x64\jre\17.0.12-win32-x86_64\bin\server\jvm.dll
0x00007ffb344b0000 - 0x00007ffb34558000 	C:\Windows\System32\ADVAPI32.dll
0x00007ffb33b40000 - 0x00007ffb33be2000 	C:\Windows\System32\sechost.dll
0x00007ffb308d0000 - 0x00007ffb308f6000 	C:\Windows\System32\bcrypt.dll
0x00007ffb30790000 - 0x00007ffb307ed000 	C:\Windows\System32\POWRPROF.dll
0x00007ffb325d0000 - 0x00007ffb3263d000 	C:\Windows\System32\WS2_32.dll
0x00007ffb2d190000 - 0x00007ffb2d1b4000 	C:\Windows\SYSTEM32\WINMM.dll
0x00007ffb2d150000 - 0x00007ffb2d15a000 	C:\Windows\SYSTEM32\VERSION.dll
0x00007ffb2d160000 - 0x00007ffb2d18d000 	C:\Windows\SYSTEM32\winmmbase.dll
0x00007ffb30900000 - 0x00007ffb3094a000 	C:\Windows\System32\cfgmgr32.dll
0x00007ffb30770000 - 0x00007ffb30781000 	C:\Windows\System32\kernel.appcore.dll
0x00007ffacb2c0000 - 0x00007ffacb2ca000 	c:\Users\HP\.vscode\extensions\redhat.java-1.34.0-win32-x64\jre\17.0.12-win32-x86_64\bin\jimage.dll
0x00007ffb2f080000 - 0x00007ffb2f26d000 	C:\Windows\SYSTEM32\DBGHELP.DLL
0x00007ffb140d0000 - 0x00007ffb140fa000 	C:\Windows\SYSTEM32\dbgcore.DLL
0x00007ffacb280000 - 0x00007ffacb2a5000 	c:\Users\HP\.vscode\extensions\redhat.java-1.34.0-win32-x64\jre\17.0.12-win32-x86_64\bin\java.dll
0x00007ffac93a0000 - 0x00007ffac93b8000 	c:\Users\HP\.vscode\extensions\redhat.java-1.34.0-win32-x64\jre\17.0.12-win32-x86_64\bin\zip.dll
0x00007ffb32640000 - 0x00007ffb33b38000 	C:\Windows\System32\SHELL32.dll
0x00007ffb31d60000 - 0x00007ffb31e07000 	C:\Windows\System32\shcore.dll
0x00007ffb30ea0000 - 0x00007ffb315e8000 	C:\Windows\System32\windows.storage.dll
0x00007ffb30810000 - 0x00007ffb30833000 	C:\Windows\System32\profapi.dll
0x00007ffb33ca0000 - 0x00007ffb33cf2000 	C:\Windows\System32\shlwapi.dll
0x00007ffb318b0000 - 0x00007ffb318cb000 	C:\Windows\System32\cryptsp.dll
0x00007ffacb130000 - 0x00007ffacb149000 	C:\Users\HP\.vscode\extensions\redhat.java-1.34.0-win32-x64\jre\17.0.12-win32-x86_64\bin\net.dll
0x00007ffb2bc60000 - 0x00007ffb2bd5d000 	C:\Windows\SYSTEM32\WINHTTP.dll
0x00007ffb2ff60000 - 0x00007ffb2ffc7000 	C:\Windows\system32\mswsock.dll
0x00007ffacb110000 - 0x00007ffacb126000 	C:\Users\HP\.vscode\extensions\redhat.java-1.34.0-win32-x64\jre\17.0.12-win32-x86_64\bin\nio.dll
0x00007ffb0e0e0000 - 0x00007ffb0e0f0000 	c:\Users\HP\.vscode\extensions\redhat.java-1.34.0-win32-x64\jre\17.0.12-win32-x86_64\bin\verify.dll
0x00007ffb2fac0000 - 0x00007ffb2faf3000 	C:\Windows\system32\rsaenh.dll
0x00007ffb306a0000 - 0x00007ffb306c9000 	C:\Windows\SYSTEM32\USERENV.dll
0x00007ffb30130000 - 0x00007ffb3013c000 	C:\Windows\SYSTEM32\CRYPTBASE.dll
0x00007ffb2fc50000 - 0x00007ffb2fc8d000 	C:\Windows\SYSTEM32\IPHLPAPI.DLL
0x00007ffb31ff0000 - 0x00007ffb31ff8000 	C:\Windows\System32\NSI.dll
0x00007ffb17c00000 - 0x00007ffb17c16000 	C:\Windows\SYSTEM32\dhcpcsvc6.DLL
0x00007ffb17be0000 - 0x00007ffb17bfc000 	C:\Windows\SYSTEM32\dhcpcsvc.DLL
0x00007ffb2fc90000 - 0x00007ffb2fd56000 	C:\Windows\SYSTEM32\DNSAPI.dll
0x00007ffb2dee0000 - 0x00007ffb2dee9000 	C:\Users\HP\.vscode\extensions\redhat.java-1.34.0-win32-x64\jre\17.0.12-win32-x86_64\bin\management.dll
0x00007ffb2ded0000 - 0x00007ffb2dedb000 	C:\Users\HP\.vscode\extensions\redhat.java-1.34.0-win32-x64\jre\17.0.12-win32-x86_64\bin\management_ext.dll
0x00007ffb33f00000 - 0x00007ffb33f08000 	C:\Windows\System32\PSAPI.DLL
0x00007ffb2c290000 - 0x00007ffb2c29e000 	C:\Users\HP\.vscode\extensions\redhat.java-1.34.0-win32-x64\jre\17.0.12-win32-x86_64\bin\sunmscapi.dll
0x00007ffb30950000 - 0x00007ffb30b4e000 	C:\Windows\System32\CRYPT32.dll
0x00007ffb307f0000 - 0x00007ffb30802000 	C:\Windows\System32\MSASN1.dll
0x00007ffb30290000 - 0x00007ffb302bc000 	C:\Windows\SYSTEM32\ncrypt.dll
0x00007ffb30250000 - 0x00007ffb3028c000 	C:\Windows\SYSTEM32\NTASN1.dll
0x00007ffb164c0000 - 0x00007ffb164ca000 	C:\Windows\System32\rasadhlp.dll
0x00007ffb160b0000 - 0x00007ffb16129000 	C:\Windows\System32\fwpuclnt.dll
0x00007ffb1cb30000 - 0x00007ffb1cb39000 	C:\Users\HP\.vscode\extensions\redhat.java-1.34.0-win32-x64\jre\17.0.12-win32-x86_64\bin\extnet.dll

dbghelp: loaded successfully - version: 4.0.5 - missing functions: none
symbol engine: initialized successfully - sym options: 0x614 - pdb path: .;c:\Users\HP\.vscode\extensions\redhat.java-1.34.0-win32-x64\jre\17.0.12-win32-x86_64\bin;C:\Windows\SYSTEM32;C:\Windows\WinSxS\amd64_microsoft.windows.common-controls_6595b64144ccf1df_6.0.17763.6189_none_de75211c5347e0e8;c:\Users\HP\.vscode\extensions\redhat.java-1.34.0-win32-x64\jre\17.0.12-win32-x86_64\bin\server

VM Arguments:
jvm_args: -Xmx1024m -Dsts.lsp.client=vscode -Dsts.log.file=/dev/null -XX:TieredStopAtLevel=1 -Xlog:jni+resolve=off -Dspring.config.location=file:c:\Users\HP\.vscode\extensions\vmware.vscode-spring-boot-1.56.0\language-server\BOOT-INF\classes\application.properties 
java_command: org.springframework.ide.vscode.boot.app.BootLanguageServerBootApp
java_class_path (initial): c:\Users\HP\.vscode\extensions\vmware.vscode-spring-boot-1.56.0\language-server\BOOT-INF\classes;c:\Users\HP\.vscode\extensions\vmware.vscode-spring-boot-1.56.0\language-server\BOOT-INF\lib\annotations-24.1.0.jar;c:\Users\HP\.vscode\extensions\vmware.vscode-spring-boot-1.56.0\language-server\BOOT-INF\lib\antlr4-runtime-4.13.1.jar;c:\Users\HP\.vscode\extensions\vmware.vscode-spring-boot-1.56.0\language-server\BOOT-INF\lib\asm-9.7.jar;c:\Users\HP\.vscode\extensions\vmware.vscode-spring-boot-1.56.0\language-server\BOOT-INF\lib\asm-analysis-9.7.jar;c:\Users\HP\.vscode\extensions\vmware.vscode-spring-boot-1.56.0\language-server\BOOT-INF\lib\asm-tree-9.7.jar;c:\Users\HP\.vscode\extensions\vmware.vscode-spring-boot-1.56.0\language-server\BOOT-INF\lib\asm-util-9.7.jar;c:\Users\HP\.vscode\extensions\vmware.vscode-spring-boot-1.56.0\language-server\BOOT-INF\lib\caffeine-3.1.8.jar;c:\Users\HP\.vscode\extensions\vmware.vscode-spring-boot-1.56.0\language-server\BOOT-INF\lib\checker-qual-3.12.0.jar;c:\Users\HP\.vscode\extensions\vmware.vscode-spring-boot-1.56.0\language-server\BOOT-INF\lib\classgraph-4.8.149.jar;c:\Users\HP\.vscode\extensions\vmware.vscode-spring-boot-1.56.0\language-server\BOOT-INF\lib\commons-codec-1.16.1.jar;c:\Users\HP\.vscode\extensions\vmware.vscode-spring-boot-1.56.0\language-server\BOOT-INF\lib\commons-compress-1.26.2.jar;c:\Users\HP\.vscode\extensions\vmware.vscode-spring-boot-1.56.0\language-server\BOOT-INF\lib\commons-io-2.16.1.jar;c:\Users\HP\.vscode\extensions\vmware.vscode-spring-boot-1.56.0\language-server\BOOT-INF\lib\commons-java-1.56.0-SNAPSHOT.jar;c:\Users\HP\.vscode\extensions\vmware.vscode-spring-boot-1.56.0\language-server\BOOT-INF\lib\commons-lang3-3.14.0.jar;c:\Users\HP\.vscode\extensions\vmware.vscode-spring-boot-1.56.0\language-server\BOOT-INF\lib\commons-language-server-1.56.0-SNAPSHOT.jar;c:\Users\HP\.vscode\extensions\vmware.vscode-spring-boot-1.56.0\language-server\BOOT-INF\lib\commons-lsp-extensions-1.56
Launcher Type: SUN_STANDARD

[Global flags]
     intx CICompilerCount                          = 4                                         {product} {ergonomic}
     uint ConcGCThreads                            = 2                                         {product} {ergonomic}
     uint G1ConcRefinementThreads                  = 8                                         {product} {ergonomic}
   size_t G1HeapRegionSize                         = 1048576                                   {product} {ergonomic}
    uintx GCDrainStackTargetSize                   = 64                                        {product} {ergonomic}
   size_t InitialHeapSize                          = 134217728                                 {product} {ergonomic}
   size_t MarkStackSize                            = 4194304                                   {product} {ergonomic}
   size_t MaxHeapSize                              = 1073741824                                {product} {command line}
   size_t MaxNewSize                               = 643825664                                 {product} {ergonomic}
   size_t MinHeapDeltaBytes                        = 1048576                                   {product} {ergonomic}
   size_t MinHeapSize                              = 8388608                                   {product} {ergonomic}
    uintx NonProfiledCodeHeapSize                  = 0                                      {pd product} {ergonomic}
     bool ProfileInterpreter                       = false                                  {pd product} {command line}
    uintx ProfiledCodeHeapSize                     = 0                                      {pd product} {ergonomic}
   size_t SoftMaxHeapSize                          = 1073741824                             {manageable} {ergonomic}
     intx TieredStopAtLevel                        = 1                                         {product} {command line}
     bool UseCompressedClassPointers               = true                           {product lp64_product} {ergonomic}
     bool UseCompressedOops                        = true                           {product lp64_product} {ergonomic}
     bool UseG1GC                                  = true                                      {product} {ergonomic}
     bool UseLargePagesIndividualAllocation        = false                                  {pd product} {ergonomic}

Logging:
Log output configuration:
 #0: stdout all=warning,jni+resolve=off uptime,level,tags
 #1: stderr all=off uptime,level,tags

Environment Variables:
JAVA_HOME=C:\Program Files\Java\jdk-21\
PATH=C:\Python312\Scripts\;C:\Python312\;C:\Program Files\Common Files\Oracle\Java\javapath;C:\Windows\system32;C:\Windows;C:\Windows\System32\Wbem;C:\Windows\System32\WindowsPowerShell\v1.0\;C:\Windows\System32\OpenSSH\;C:\Program Files\dotnet\;C:\Program Files\Git\cmd;C:\Program Files\Java\jdk-21\bin;C:\Program Files\Common Files\Oracle\Java\javapath;C:\ProgramData\chocolatey\bin;C:\Users\HP\Downloads\mavenew\apache-maven-3.9.9\bin;C:\Program Files\nodejs;C:\Program Files\nodejs\;C:\Program Files\Java\jdk-21\bin;C:\Users\HP\AppData\Local\Microsoft\WindowsApps;C:\Program Files\PHP;C:\Users\HP\AppData\Local\Programs\Microsoft VS Code\bin;C:\msys64\mingw64\bin;C:\Users\HP\AppData\Roaming\npm;C:\Program Files\Android\Android Studio\jbr\bin;
USERNAME=HP
OS=Windows_NT
PROCESSOR_IDENTIFIER=Intel64 Family 6 Model 142 Stepping 11, GenuineIntel
TMP=C:\Users\HP\AppData\Local\Temp
TEMP=C:\Users\HP\AppData\Local\Temp



Periodic native trim disabled


---------------  S Y S T E M  ---------------

OS:
 Windows 10 , 64 bit Build 17763 (10.0.17763.6189)
OS uptime: 0 days 11:51 hours

CPU: total 8 (initial active 8) (4 cores per cpu, 2 threads per core) family 6 model 142 stepping 11 microcode 0xf0, cx8, cmov, fxsr, ht, mmx, 3dnowpref, sse, sse2, sse3, ssse3, sse4.1, sse4.2, popcnt, lzcnt, tsc, tscinvbit, avx, avx2, aes, erms, clmul, bmi1, bmi2, adx, fma, vzeroupper, clflush, clflushopt
Processor Information for processor 0
  Max Mhz: 1800, Current Mhz: 1600, Mhz Limit: 1584
Processor Information for processor 1
  Max Mhz: 1800, Current Mhz: 1500, Mhz Limit: 1584
Processor Information for processor 2
  Max Mhz: 1800, Current Mhz: 1600, Mhz Limit: 1584
Processor Information for processor 3
  Max Mhz: 1800, Current Mhz: 1600, Mhz Limit: 1584
Processor Information for processor 4
  Max Mhz: 1800, Current Mhz: 1500, Mhz Limit: 1584
Processor Information for processor 5
  Max Mhz: 1800, Current Mhz: 1500, Mhz Limit: 1584
Processor Information for processor 6
  Max Mhz: 1800, Current Mhz: 1600, Mhz Limit: 1584
Processor Information for processor 7
  Max Mhz: 1800, Current Mhz: 1500, Mhz Limit: 1584

Memory: 4k page, system-wide physical 8073M (861M free)
TotalPageFile size 16375M (AvailPageFile size 207M)
current process WorkingSet (physical memory assigned to process): 112M, peak: 271M
current process commit charge ("private bytes"): 340M, peak: 353M

vm_info: OpenJDK 64-Bit Server VM (17.0.12+7) for windows-amd64 JRE (17.0.12+7), built on Jul 16 2024 22:08:24 by "admin" with MS VC++ 16.10 / 16.11 (VS2019)

END.
