#
# There is insufficient memory for the Java Runtime Environment to continue.
# Native memory allocation (malloc) failed to allocate 444944 bytes for Chunk::new
# Possible reasons:
#   The system is out of physical RAM or swap space
#   The process is running with CompressedOops enabled, and the Java Heap may be blocking the growth of the native heap
# Possible solutions:
#   Reduce memory load on the system
#   Increase physical memory or swap space
#   Check if swap backing store is full
#   Decrease Java heap size (-Xmx/-Xms)
#   Decrease number of Java threads
#   Decrease Java thread stack sizes (-Xss)
#   Set larger code cache with -XX:ReservedCodeCacheSize=
#   JVM is running with Unscaled Compressed Oops mode in which the Java heap is
#     placed in the first 4GB address space. The Java Heap base address is the
#     maximum limit for the native heap growth. Please use -XX:HeapBaseMinAddress
#     to set the Java Heap base and to place the Java Heap above 4GB virtual address.
# This output file may be truncated or incomplete.
#
#  Out of Memory Error (arena.cpp:168), pid=2444, tid=8300
#
# JRE version: Java(TM) SE Runtime Environment (21.0.1+12) (build 21.0.1+12-LTS-29)
# Java VM: Java HotSpot(TM) 64-Bit Server VM (21.0.1+12-LTS-29, mixed mode, sharing, tiered, compressed oops, compressed class ptrs, g1 gc, windows-amd64)
# No core dump will be written. Minidumps are not enabled by default on client versions of Windows
#

---------------  S U M M A R Y ------------

Command Line: -Dclassworlds.conf=C:\Users\HP\Downloads\mavenew\apache-maven-3.9.9\bin\m2.conf -Dmaven.home=C:\Users\HP\Downloads\mavenew\apache-maven-3.9.9 -Dlibrary.jansi.path=C:\Users\HP\Downloads\mavenew\apache-maven-3.9.9\lib\jansi-native -Dmaven.multiModuleProjectDirectory=c:\Users\HP\SpringBoot-Maven org.codehaus.plexus.classworlds.launcher.Launcher -q help:effective-pom -Doutput=c:\Users\HP\SpringBoot-Maven\effective-pom.xml -f c:/Users/HP/SpringBoot-Maven/pom.xml

Host: Intel(R) Core(TM) i5-8265U CPU @ 1.60GHz, 8 cores, 7G,  Windows 10 , 64 bit Build 17763 (10.0.17763.6189)
Time: Tue Sep 10 00:00:01 2024 Temps universel coordonné elapsed time: 1.474618 seconds (0d 0h 0m 1s)

---------------  T H R E A D  ---------------

Current thread (0x000002315d7dd5b0):  JavaThread "C2 CompilerThread1" daemon [_thread_in_native, id=8300, stack(0x000000575b800000,0x000000575b900000) (1024K)]


Current CompileTask:
C2:   1474 1095       4       java.io.InputStreamReader::read (11 bytes)

Stack: [0x000000575b800000,0x000000575b900000]
Native frames: (J=compiled Java code, j=interpreted, Vv=VM code, C=native code)
V  [jvm.dll+0x6c9029]
V  [jvm.dll+0x854b81]
V  [jvm.dll+0x856e5e]
V  [jvm.dll+0x857543]
V  [jvm.dll+0x280c06]
V  [jvm.dll+0xc3ead]
V  [jvm.dll+0xc43c3]
V  [jvm.dll+0x3b576c]
V  [jvm.dll+0x382475]
V  [jvm.dll+0x3818ea]
V  [jvm.dll+0x249ad0]
V  [jvm.dll+0x2490b1]
V  [jvm.dll+0x1c9ca1]
V  [jvm.dll+0x2586b9]
V  [jvm.dll+0x256c9a]
V  [jvm.dll+0x3ef1b6]
V  [jvm.dll+0x7fd728]
V  [jvm.dll+0x6c777d]
C  [ucrtbase.dll+0x2268a]
C  [KERNEL32.DLL+0x17ac4]
C  [ntdll.dll+0x5a8c1]


---------------  P R O C E S S  ---------------

Threads class SMR info:
_java_thread_list=0x000002315d7c6f10, length=12, elements={
0x0000023178740760, 0x000002317fdb21b0, 0x000002317fdb30d0, 0x000002317fdb79d0,
0x000002317fdb86b0, 0x000002317fdb9110, 0x000002317fdb9b70, 0x000002317fdc7e20,
0x000002317fdea8e0, 0x00000231175e9670, 0x00000231175eeb40, 0x000002315d7dd5b0
}

Java Threads: ( => current thread )
  0x0000023178740760 JavaThread "main"                              [_thread_in_Java, id=18660, stack(0x000000575a600000,0x000000575a700000) (1024K)]
  0x000002317fdb21b0 JavaThread "Reference Handler"          daemon [_thread_blocked, id=13276, stack(0x000000575ae00000,0x000000575af00000) (1024K)]
  0x000002317fdb30d0 JavaThread "Finalizer"                  daemon [_thread_blocked, id=13776, stack(0x000000575af00000,0x000000575b000000) (1024K)]
  0x000002317fdb79d0 JavaThread "Signal Dispatcher"          daemon [_thread_blocked, id=13148, stack(0x000000575b000000,0x000000575b100000) (1024K)]
  0x000002317fdb86b0 JavaThread "Attach Listener"            daemon [_thread_blocked, id=19672, stack(0x000000575b100000,0x000000575b200000) (1024K)]
  0x000002317fdb9110 JavaThread "Service Thread"             daemon [_thread_blocked, id=13308, stack(0x000000575b200000,0x000000575b300000) (1024K)]
  0x000002317fdb9b70 JavaThread "Monitor Deflation Thread"   daemon [_thread_blocked, id=20364, stack(0x000000575b300000,0x000000575b400000) (1024K)]
  0x000002317fdc7e20 JavaThread "C2 CompilerThread0"         daemon [_thread_in_native, id=16412, stack(0x000000575b400000,0x000000575b500000) (1024K)]
  0x000002317fdea8e0 JavaThread "C1 CompilerThread0"         daemon [_thread_in_native, id=15944, stack(0x000000575b500000,0x000000575b600000) (1024K)]
  0x00000231175e9670 JavaThread "Notification Thread"        daemon [_thread_blocked, id=13480, stack(0x000000575b600000,0x000000575b700000) (1024K)]
  0x00000231175eeb40 JavaThread "Common-Cleaner"             daemon [_thread_blocked, id=788, stack(0x000000575b700000,0x000000575b800000) (1024K)]
=>0x000002315d7dd5b0 JavaThread "C2 CompilerThread1"         daemon [_thread_in_native, id=8300, stack(0x000000575b800000,0x000000575b900000) (1024K)]
Total: 12

Other Threads:
  0x000002317fd96470 VMThread "VM Thread"                           [id=14468, stack(0x000000575ad00000,0x000000575ae00000) (1024K)]
  0x000002317fd7ae10 WatcherThread "VM Periodic Task Thread"        [id=4844, stack(0x000000575ac00000,0x000000575ad00000) (1024K)]
  0x000002317889d620 WorkerThread "GC Thread#0"                     [id=19808, stack(0x000000575a700000,0x000000575a800000) (1024K)]
  0x000002315d99f7e0 WorkerThread "GC Thread#1"                     [id=8112, stack(0x000000575b900000,0x000000575ba00000) (1024K)]
  0x000002315d99fb80 WorkerThread "GC Thread#2"                     [id=18460, stack(0x000000575ba00000,0x000000575bb00000) (1024K)]
  0x000002315d4e76c0 WorkerThread "GC Thread#3"                     [id=8820, stack(0x000000575bb00000,0x000000575bc00000) (1024K)]
  0x000002315d77dcc0 WorkerThread "GC Thread#4"                     [id=19084, stack(0x000000575bc00000,0x000000575bd00000) (1024K)]
  0x000002315d8871b0 WorkerThread "GC Thread#5"                     [id=15924, stack(0x000000575bd00000,0x000000575be00000) (1024K)]
  0x000002315d9b9af0 WorkerThread "GC Thread#6"                     [id=10524, stack(0x000000575be00000,0x000000575bf00000) (1024K)]
  0x000002315d9ba4a0 WorkerThread "GC Thread#7"                     [id=18904, stack(0x000000575bf00000,0x000000575c000000) (1024K)]
  0x00000231788af750 ConcurrentGCThread "G1 Main Marker"            [id=15324, stack(0x000000575a800000,0x000000575a900000) (1024K)]
  0x00000231788b0d20 WorkerThread "G1 Conc#0"                       [id=17304, stack(0x000000575a900000,0x000000575aa00000) (1024K)]
  0x000002317fc350f0 ConcurrentGCThread "G1 Refine#0"               [id=2240, stack(0x000000575aa00000,0x000000575ab00000) (1024K)]
  0x000002317fc35a70 ConcurrentGCThread "G1 Service"                [id=16824, stack(0x000000575ab00000,0x000000575ac00000) (1024K)]
Total: 14

Threads with active compile tasks:
C2 CompilerThread0     1532 1084       4       java.nio.CharBuffer::position (6 bytes)
C1 CompilerThread0     1532 1284       2       sun.nio.fs.WindowsPathParser::normalize (233 bytes)
C2 CompilerThread1     1533 1095       4       java.io.InputStreamReader::read (11 bytes)
Total: 3

VM state: not at safepoint (normal execution)

VM Mutex/Monitor currently owned by a thread: None

Heap address: 0x0000000081c00000, size: 2020 MB, Compressed Oops mode: 32-bit

CDS archive(s) mapped at: [0x0000023118000000-0x0000023118c90000-0x0000023118c90000), size 13172736, SharedBaseAddress: 0x0000023118000000, ArchiveRelocationMode: 1.
Compressed class space mapped at: 0x0000023119000000-0x0000023159000000, reserved size: 1073741824
Narrow klass base: 0x0000023118000000, Narrow klass shift: 0, Narrow klass range: 0x100000000

GC Precious Log:
 CardTable entry size: 512
 Card Set container configuration: InlinePtr #cards 5 size 8 Array Of Cards #cards 12 size 40 Howl #buckets 4 coarsen threshold 1843 Howl Bitmap #cards 512 size 80 coarsen threshold 460 Card regions per heap region 1 cards per card region 2048
 CPUs: 8 total, 8 available
 Memory: 8073M
 Large Page Support: Disabled
 NUMA Support: Disabled
 Compressed Oops: Enabled (32-bit)
 Heap Region Size: 1M
 Heap Min Capacity: 8M
 Heap Initial Capacity: 128M
 Heap Max Capacity: 2020M
 Pre-touch: Disabled
 Parallel Workers: 8
 Concurrent Workers: 2
 Concurrent Refinement Workers: 8
 Periodic GC: Disabled

Heap:
 garbage-first heap   total 131072K, used 7815K [0x0000000081c00000, 0x0000000100000000)
  region size 1024K, 8 young (8192K), 3 survivors (3072K)
 Metaspace       used 5960K, committed 6080K, reserved 1114112K
  class space    used 700K, committed 768K, reserved 1048576K

Heap Regions: E=young(eden), S=young(survivor), O=old, HS=humongous(starts), HC=humongous(continues), CS=collection set, F=free, TAMS=top-at-mark-start, PB=parsable bottom
|   0|0x0000000081c00000, 0x0000000081ca1f70, 0x0000000081d00000| 63%| O|  |TAMS 0x0000000081c00000| PB 0x0000000081c00000| Untracked 
|   1|0x0000000081d00000, 0x0000000081d00000, 0x0000000081e00000|  0%| F|  |TAMS 0x0000000081d00000| PB 0x0000000081d00000| Untracked 
|   2|0x0000000081e00000, 0x0000000081e00000, 0x0000000081f00000|  0%| F|  |TAMS 0x0000000081e00000| PB 0x0000000081e00000| Untracked 
|   3|0x0000000081f00000, 0x0000000081f00000, 0x0000000082000000|  0%| F|  |TAMS 0x0000000081f00000| PB 0x0000000081f00000| Untracked 
|   4|0x0000000082000000, 0x0000000082000000, 0x0000000082100000|  0%| F|  |TAMS 0x0000000082000000| PB 0x0000000082000000| Untracked 
|   5|0x0000000082100000, 0x0000000082100000, 0x0000000082200000|  0%| F|  |TAMS 0x0000000082100000| PB 0x0000000082100000| Untracked 
|   6|0x0000000082200000, 0x0000000082200000, 0x0000000082300000|  0%| F|  |TAMS 0x0000000082200000| PB 0x0000000082200000| Untracked 
|   7|0x0000000082300000, 0x0000000082300000, 0x0000000082400000|  0%| F|  |TAMS 0x0000000082300000| PB 0x0000000082300000| Untracked 
|   8|0x0000000082400000, 0x0000000082400000, 0x0000000082500000|  0%| F|  |TAMS 0x0000000082400000| PB 0x0000000082400000| Untracked 
|   9|0x0000000082500000, 0x0000000082500000, 0x0000000082600000|  0%| F|  |TAMS 0x0000000082500000| PB 0x0000000082500000| Untracked 
|  10|0x0000000082600000, 0x0000000082600000, 0x0000000082700000|  0%| F|  |TAMS 0x0000000082600000| PB 0x0000000082600000| Untracked 
|  11|0x0000000082700000, 0x0000000082700000, 0x0000000082800000|  0%| F|  |TAMS 0x0000000082700000| PB 0x0000000082700000| Untracked 
|  12|0x0000000082800000, 0x0000000082800000, 0x0000000082900000|  0%| F|  |TAMS 0x0000000082800000| PB 0x0000000082800000| Untracked 
|  13|0x0000000082900000, 0x0000000082900000, 0x0000000082a00000|  0%| F|  |TAMS 0x0000000082900000| PB 0x0000000082900000| Untracked 
|  14|0x0000000082a00000, 0x0000000082a00000, 0x0000000082b00000|  0%| F|  |TAMS 0x0000000082a00000| PB 0x0000000082a00000| Untracked 
|  15|0x0000000082b00000, 0x0000000082b00000, 0x0000000082c00000|  0%| F|  |TAMS 0x0000000082b00000| PB 0x0000000082b00000| Untracked 
|  16|0x0000000082c00000, 0x0000000082c00000, 0x0000000082d00000|  0%| F|  |TAMS 0x0000000082c00000| PB 0x0000000082c00000| Untracked 
|  17|0x0000000082d00000, 0x0000000082d00000, 0x0000000082e00000|  0%| F|  |TAMS 0x0000000082d00000| PB 0x0000000082d00000| Untracked 
|  18|0x0000000082e00000, 0x0000000082e00000, 0x0000000082f00000|  0%| F|  |TAMS 0x0000000082e00000| PB 0x0000000082e00000| Untracked 
|  19|0x0000000082f00000, 0x0000000082f00000, 0x0000000083000000|  0%| F|  |TAMS 0x0000000082f00000| PB 0x0000000082f00000| Untracked 
|  20|0x0000000083000000, 0x0000000083000000, 0x0000000083100000|  0%| F|  |TAMS 0x0000000083000000| PB 0x0000000083000000| Untracked 
|  21|0x0000000083100000, 0x0000000083100000, 0x0000000083200000|  0%| F|  |TAMS 0x0000000083100000| PB 0x0000000083100000| Untracked 
|  22|0x0000000083200000, 0x0000000083200000, 0x0000000083300000|  0%| F|  |TAMS 0x0000000083200000| PB 0x0000000083200000| Untracked 
|  23|0x0000000083300000, 0x0000000083300000, 0x0000000083400000|  0%| F|  |TAMS 0x0000000083300000| PB 0x0000000083300000| Untracked 
|  24|0x0000000083400000, 0x0000000083400000, 0x0000000083500000|  0%| F|  |TAMS 0x0000000083400000| PB 0x0000000083400000| Untracked 
|  25|0x0000000083500000, 0x0000000083500000, 0x0000000083600000|  0%| F|  |TAMS 0x0000000083500000| PB 0x0000000083500000| Untracked 
|  26|0x0000000083600000, 0x0000000083600000, 0x0000000083700000|  0%| F|  |TAMS 0x0000000083600000| PB 0x0000000083600000| Untracked 
|  27|0x0000000083700000, 0x0000000083700000, 0x0000000083800000|  0%| F|  |TAMS 0x0000000083700000| PB 0x0000000083700000| Untracked 
|  28|0x0000000083800000, 0x0000000083800000, 0x0000000083900000|  0%| F|  |TAMS 0x0000000083800000| PB 0x0000000083800000| Untracked 
|  29|0x0000000083900000, 0x0000000083900000, 0x0000000083a00000|  0%| F|  |TAMS 0x0000000083900000| PB 0x0000000083900000| Untracked 
|  30|0x0000000083a00000, 0x0000000083a00000, 0x0000000083b00000|  0%| F|  |TAMS 0x0000000083a00000| PB 0x0000000083a00000| Untracked 
|  31|0x0000000083b00000, 0x0000000083b00000, 0x0000000083c00000|  0%| F|  |TAMS 0x0000000083b00000| PB 0x0000000083b00000| Untracked 
|  32|0x0000000083c00000, 0x0000000083c00000, 0x0000000083d00000|  0%| F|  |TAMS 0x0000000083c00000| PB 0x0000000083c00000| Untracked 
|  33|0x0000000083d00000, 0x0000000083d00000, 0x0000000083e00000|  0%| F|  |TAMS 0x0000000083d00000| PB 0x0000000083d00000| Untracked 
|  34|0x0000000083e00000, 0x0000000083e00000, 0x0000000083f00000|  0%| F|  |TAMS 0x0000000083e00000| PB 0x0000000083e00000| Untracked 
|  35|0x0000000083f00000, 0x0000000083f00000, 0x0000000084000000|  0%| F|  |TAMS 0x0000000083f00000| PB 0x0000000083f00000| Untracked 
|  36|0x0000000084000000, 0x0000000084000000, 0x0000000084100000|  0%| F|  |TAMS 0x0000000084000000| PB 0x0000000084000000| Untracked 
|  37|0x0000000084100000, 0x0000000084100000, 0x0000000084200000|  0%| F|  |TAMS 0x0000000084100000| PB 0x0000000084100000| Untracked 
|  38|0x0000000084200000, 0x0000000084200000, 0x0000000084300000|  0%| F|  |TAMS 0x0000000084200000| PB 0x0000000084200000| Untracked 
|  39|0x0000000084300000, 0x0000000084300000, 0x0000000084400000|  0%| F|  |TAMS 0x0000000084300000| PB 0x0000000084300000| Untracked 
|  40|0x0000000084400000, 0x0000000084400000, 0x0000000084500000|  0%| F|  |TAMS 0x0000000084400000| PB 0x0000000084400000| Untracked 
|  41|0x0000000084500000, 0x0000000084500000, 0x0000000084600000|  0%| F|  |TAMS 0x0000000084500000| PB 0x0000000084500000| Untracked 
|  42|0x0000000084600000, 0x0000000084600000, 0x0000000084700000|  0%| F|  |TAMS 0x0000000084600000| PB 0x0000000084600000| Untracked 
|  43|0x0000000084700000, 0x0000000084700000, 0x0000000084800000|  0%| F|  |TAMS 0x0000000084700000| PB 0x0000000084700000| Untracked 
|  44|0x0000000084800000, 0x0000000084800000, 0x0000000084900000|  0%| F|  |TAMS 0x0000000084800000| PB 0x0000000084800000| Untracked 
|  45|0x0000000084900000, 0x0000000084900000, 0x0000000084a00000|  0%| F|  |TAMS 0x0000000084900000| PB 0x0000000084900000| Untracked 
|  46|0x0000000084a00000, 0x0000000084a00000, 0x0000000084b00000|  0%| F|  |TAMS 0x0000000084a00000| PB 0x0000000084a00000| Untracked 
|  47|0x0000000084b00000, 0x0000000084b00000, 0x0000000084c00000|  0%| F|  |TAMS 0x0000000084b00000| PB 0x0000000084b00000| Untracked 
|  48|0x0000000084c00000, 0x0000000084c00000, 0x0000000084d00000|  0%| F|  |TAMS 0x0000000084c00000| PB 0x0000000084c00000| Untracked 
|  49|0x0000000084d00000, 0x0000000084d00000, 0x0000000084e00000|  0%| F|  |TAMS 0x0000000084d00000| PB 0x0000000084d00000| Untracked 
|  50|0x0000000084e00000, 0x0000000084e00000, 0x0000000084f00000|  0%| F|  |TAMS 0x0000000084e00000| PB 0x0000000084e00000| Untracked 
|  51|0x0000000084f00000, 0x0000000084f00000, 0x0000000085000000|  0%| F|  |TAMS 0x0000000084f00000| PB 0x0000000084f00000| Untracked 
|  52|0x0000000085000000, 0x0000000085000000, 0x0000000085100000|  0%| F|  |TAMS 0x0000000085000000| PB 0x0000000085000000| Untracked 
|  53|0x0000000085100000, 0x0000000085100000, 0x0000000085200000|  0%| F|  |TAMS 0x0000000085100000| PB 0x0000000085100000| Untracked 
|  54|0x0000000085200000, 0x0000000085200000, 0x0000000085300000|  0%| F|  |TAMS 0x0000000085200000| PB 0x0000000085200000| Untracked 
|  55|0x0000000085300000, 0x0000000085300000, 0x0000000085400000|  0%| F|  |TAMS 0x0000000085300000| PB 0x0000000085300000| Untracked 
|  56|0x0000000085400000, 0x0000000085400000, 0x0000000085500000|  0%| F|  |TAMS 0x0000000085400000| PB 0x0000000085400000| Untracked 
|  57|0x0000000085500000, 0x0000000085500000, 0x0000000085600000|  0%| F|  |TAMS 0x0000000085500000| PB 0x0000000085500000| Untracked 
|  58|0x0000000085600000, 0x0000000085600000, 0x0000000085700000|  0%| F|  |TAMS 0x0000000085600000| PB 0x0000000085600000| Untracked 
|  59|0x0000000085700000, 0x0000000085700000, 0x0000000085800000|  0%| F|  |TAMS 0x0000000085700000| PB 0x0000000085700000| Untracked 
|  60|0x0000000085800000, 0x0000000085800000, 0x0000000085900000|  0%| F|  |TAMS 0x0000000085800000| PB 0x0000000085800000| Untracked 
|  61|0x0000000085900000, 0x0000000085900000, 0x0000000085a00000|  0%| F|  |TAMS 0x0000000085900000| PB 0x0000000085900000| Untracked 
|  62|0x0000000085a00000, 0x0000000085a00000, 0x0000000085b00000|  0%| F|  |TAMS 0x0000000085a00000| PB 0x0000000085a00000| Untracked 
|  63|0x0000000085b00000, 0x0000000085b00000, 0x0000000085c00000|  0%| F|  |TAMS 0x0000000085b00000| PB 0x0000000085b00000| Untracked 
|  64|0x0000000085c00000, 0x0000000085c00000, 0x0000000085d00000|  0%| F|  |TAMS 0x0000000085c00000| PB 0x0000000085c00000| Untracked 
|  65|0x0000000085d00000, 0x0000000085d00000, 0x0000000085e00000|  0%| F|  |TAMS 0x0000000085d00000| PB 0x0000000085d00000| Untracked 
|  66|0x0000000085e00000, 0x0000000085e00000, 0x0000000085f00000|  0%| F|  |TAMS 0x0000000085e00000| PB 0x0000000085e00000| Untracked 
|  67|0x0000000085f00000, 0x0000000085f00000, 0x0000000086000000|  0%| F|  |TAMS 0x0000000085f00000| PB 0x0000000085f00000| Untracked 
|  68|0x0000000086000000, 0x0000000086000000, 0x0000000086100000|  0%| F|  |TAMS 0x0000000086000000| PB 0x0000000086000000| Untracked 
|  69|0x0000000086100000, 0x0000000086100000, 0x0000000086200000|  0%| F|  |TAMS 0x0000000086100000| PB 0x0000000086100000| Untracked 
|  70|0x0000000086200000, 0x0000000086200000, 0x0000000086300000|  0%| F|  |TAMS 0x0000000086200000| PB 0x0000000086200000| Untracked 
|  71|0x0000000086300000, 0x0000000086300000, 0x0000000086400000|  0%| F|  |TAMS 0x0000000086300000| PB 0x0000000086300000| Untracked 
|  72|0x0000000086400000, 0x0000000086400000, 0x0000000086500000|  0%| F|  |TAMS 0x0000000086400000| PB 0x0000000086400000| Untracked 
|  73|0x0000000086500000, 0x0000000086500000, 0x0000000086600000|  0%| F|  |TAMS 0x0000000086500000| PB 0x0000000086500000| Untracked 
|  74|0x0000000086600000, 0x0000000086600000, 0x0000000086700000|  0%| F|  |TAMS 0x0000000086600000| PB 0x0000000086600000| Untracked 
|  75|0x0000000086700000, 0x0000000086700000, 0x0000000086800000|  0%| F|  |TAMS 0x0000000086700000| PB 0x0000000086700000| Untracked 
|  76|0x0000000086800000, 0x0000000086800000, 0x0000000086900000|  0%| F|  |TAMS 0x0000000086800000| PB 0x0000000086800000| Untracked 
|  77|0x0000000086900000, 0x0000000086900000, 0x0000000086a00000|  0%| F|  |TAMS 0x0000000086900000| PB 0x0000000086900000| Untracked 
|  78|0x0000000086a00000, 0x0000000086a00000, 0x0000000086b00000|  0%| F|  |TAMS 0x0000000086a00000| PB 0x0000000086a00000| Untracked 
|  79|0x0000000086b00000, 0x0000000086b00000, 0x0000000086c00000|  0%| F|  |TAMS 0x0000000086b00000| PB 0x0000000086b00000| Untracked 
|  80|0x0000000086c00000, 0x0000000086c00000, 0x0000000086d00000|  0%| F|  |TAMS 0x0000000086c00000| PB 0x0000000086c00000| Untracked 
|  81|0x0000000086d00000, 0x0000000086d00000, 0x0000000086e00000|  0%| F|  |TAMS 0x0000000086d00000| PB 0x0000000086d00000| Untracked 
|  82|0x0000000086e00000, 0x0000000086e00000, 0x0000000086f00000|  0%| F|  |TAMS 0x0000000086e00000| PB 0x0000000086e00000| Untracked 
|  83|0x0000000086f00000, 0x0000000086f00000, 0x0000000087000000|  0%| F|  |TAMS 0x0000000086f00000| PB 0x0000000086f00000| Untracked 
|  84|0x0000000087000000, 0x0000000087000000, 0x0000000087100000|  0%| F|  |TAMS 0x0000000087000000| PB 0x0000000087000000| Untracked 
|  85|0x0000000087100000, 0x0000000087100000, 0x0000000087200000|  0%| F|  |TAMS 0x0000000087100000| PB 0x0000000087100000| Untracked 
|  86|0x0000000087200000, 0x0000000087200000, 0x0000000087300000|  0%| F|  |TAMS 0x0000000087200000| PB 0x0000000087200000| Untracked 
|  87|0x0000000087300000, 0x0000000087300000, 0x0000000087400000|  0%| F|  |TAMS 0x0000000087300000| PB 0x0000000087300000| Untracked 
|  88|0x0000000087400000, 0x0000000087400000, 0x0000000087500000|  0%| F|  |TAMS 0x0000000087400000| PB 0x0000000087400000| Untracked 
|  89|0x0000000087500000, 0x0000000087500000, 0x0000000087600000|  0%| F|  |TAMS 0x0000000087500000| PB 0x0000000087500000| Untracked 
|  90|0x0000000087600000, 0x0000000087600000, 0x0000000087700000|  0%| F|  |TAMS 0x0000000087600000| PB 0x0000000087600000| Untracked 
|  91|0x0000000087700000, 0x0000000087700000, 0x0000000087800000|  0%| F|  |TAMS 0x0000000087700000| PB 0x0000000087700000| Untracked 
|  92|0x0000000087800000, 0x0000000087800000, 0x0000000087900000|  0%| F|  |TAMS 0x0000000087800000| PB 0x0000000087800000| Untracked 
|  93|0x0000000087900000, 0x0000000087900000, 0x0000000087a00000|  0%| F|  |TAMS 0x0000000087900000| PB 0x0000000087900000| Untracked 
|  94|0x0000000087a00000, 0x0000000087a00000, 0x0000000087b00000|  0%| F|  |TAMS 0x0000000087a00000| PB 0x0000000087a00000| Untracked 
|  95|0x0000000087b00000, 0x0000000087b00000, 0x0000000087c00000|  0%| F|  |TAMS 0x0000000087b00000| PB 0x0000000087b00000| Untracked 
|  96|0x0000000087c00000, 0x0000000087c00000, 0x0000000087d00000|  0%| F|  |TAMS 0x0000000087c00000| PB 0x0000000087c00000| Untracked 
|  97|0x0000000087d00000, 0x0000000087d00000, 0x0000000087e00000|  0%| F|  |TAMS 0x0000000087d00000| PB 0x0000000087d00000| Untracked 
|  98|0x0000000087e00000, 0x0000000087e00000, 0x0000000087f00000|  0%| F|  |TAMS 0x0000000087e00000| PB 0x0000000087e00000| Untracked 
|  99|0x0000000087f00000, 0x0000000087f00000, 0x0000000088000000|  0%| F|  |TAMS 0x0000000087f00000| PB 0x0000000087f00000| Untracked 
| 100|0x0000000088000000, 0x0000000088000000, 0x0000000088100000|  0%| F|  |TAMS 0x0000000088000000| PB 0x0000000088000000| Untracked 
| 101|0x0000000088100000, 0x0000000088100000, 0x0000000088200000|  0%| F|  |TAMS 0x0000000088100000| PB 0x0000000088100000| Untracked 
| 102|0x0000000088200000, 0x0000000088300000, 0x0000000088300000|100%| S|CS|TAMS 0x0000000088200000| PB 0x0000000088200000| Complete 
| 103|0x0000000088300000, 0x0000000088400000, 0x0000000088400000|100%| S|CS|TAMS 0x0000000088300000| PB 0x0000000088300000| Complete 
| 104|0x0000000088400000, 0x0000000088500000, 0x0000000088500000|100%| S|CS|TAMS 0x0000000088400000| PB 0x0000000088400000| Complete 
| 105|0x0000000088500000, 0x0000000088500000, 0x0000000088600000|  0%| F|  |TAMS 0x0000000088500000| PB 0x0000000088500000| Untracked 
| 106|0x0000000088600000, 0x0000000088600000, 0x0000000088700000|  0%| F|  |TAMS 0x0000000088600000| PB 0x0000000088600000| Untracked 
| 107|0x0000000088700000, 0x0000000088700000, 0x0000000088800000|  0%| F|  |TAMS 0x0000000088700000| PB 0x0000000088700000| Untracked 
| 108|0x0000000088800000, 0x0000000088800000, 0x0000000088900000|  0%| F|  |TAMS 0x0000000088800000| PB 0x0000000088800000| Untracked 
| 109|0x0000000088900000, 0x0000000088900000, 0x0000000088a00000|  0%| F|  |TAMS 0x0000000088900000| PB 0x0000000088900000| Untracked 
| 110|0x0000000088a00000, 0x0000000088a00000, 0x0000000088b00000|  0%| F|  |TAMS 0x0000000088a00000| PB 0x0000000088a00000| Untracked 
| 111|0x0000000088b00000, 0x0000000088b00000, 0x0000000088c00000|  0%| F|  |TAMS 0x0000000088b00000| PB 0x0000000088b00000| Untracked 
| 112|0x0000000088c00000, 0x0000000088c00000, 0x0000000088d00000|  0%| F|  |TAMS 0x0000000088c00000| PB 0x0000000088c00000| Untracked 
| 113|0x0000000088d00000, 0x0000000088d00000, 0x0000000088e00000|  0%| F|  |TAMS 0x0000000088d00000| PB 0x0000000088d00000| Untracked 
| 114|0x0000000088e00000, 0x0000000088e00000, 0x0000000088f00000|  0%| F|  |TAMS 0x0000000088e00000| PB 0x0000000088e00000| Untracked 
| 115|0x0000000088f00000, 0x0000000088f00000, 0x0000000089000000|  0%| F|  |TAMS 0x0000000088f00000| PB 0x0000000088f00000| Untracked 
| 116|0x0000000089000000, 0x0000000089000000, 0x0000000089100000|  0%| F|  |TAMS 0x0000000089000000| PB 0x0000000089000000| Untracked 
| 117|0x0000000089100000, 0x0000000089100000, 0x0000000089200000|  0%| F|  |TAMS 0x0000000089100000| PB 0x0000000089100000| Untracked 
| 118|0x0000000089200000, 0x0000000089200000, 0x0000000089300000|  0%| F|  |TAMS 0x0000000089200000| PB 0x0000000089200000| Untracked 
| 119|0x0000000089300000, 0x0000000089300000, 0x0000000089400000|  0%| F|  |TAMS 0x0000000089300000| PB 0x0000000089300000| Untracked 
| 120|0x0000000089400000, 0x0000000089400000, 0x0000000089500000|  0%| F|  |TAMS 0x0000000089400000| PB 0x0000000089400000| Untracked 
| 121|0x0000000089500000, 0x0000000089500000, 0x0000000089600000|  0%| F|  |TAMS 0x0000000089500000| PB 0x0000000089500000| Untracked 
| 122|0x0000000089600000, 0x0000000089600000, 0x0000000089700000|  0%| F|  |TAMS 0x0000000089600000| PB 0x0000000089600000| Untracked 
| 123|0x0000000089700000, 0x00000000897dcd08, 0x0000000089800000| 86%| E|  |TAMS 0x0000000089700000| PB 0x0000000089700000| Complete 
| 124|0x0000000089800000, 0x0000000089900000, 0x0000000089900000|100%| E|CS|TAMS 0x0000000089800000| PB 0x0000000089800000| Complete 
| 125|0x0000000089900000, 0x0000000089a00000, 0x0000000089a00000|100%| E|CS|TAMS 0x0000000089900000| PB 0x0000000089900000| Complete 
| 126|0x0000000089a00000, 0x0000000089b00000, 0x0000000089b00000|100%| E|CS|TAMS 0x0000000089a00000| PB 0x0000000089a00000| Complete 
| 127|0x0000000089b00000, 0x0000000089c00000, 0x0000000089c00000|100%| E|CS|TAMS 0x0000000089b00000| PB 0x0000000089b00000| Complete 

Card table byte_map: [0x000002317af60000,0x000002317b360000] _byte_map_base: 0x000002317ab52000

Marking Bits: (CMBitMap*) 0x000002317889f040
 Bits: [0x000002317b360000, 0x000002317d2f0000)

Polling page: 0x00000231786a0000

Metaspace:

Usage:
  Non-class:      5.20 MB used.
      Class:    702.45 KB used.
       Both:      5.89 MB used.

Virtual space:
  Non-class space:       64.00 MB reserved,       5.25 MB (  8%) committed,  1 nodes.
      Class space:        1.00 GB reserved,     832.00 KB ( <1%) committed,  1 nodes.
             Both:        1.06 GB reserved,       6.06 MB ( <1%) committed. 

Chunk freelists:
   Non-Class:  8.94 MB
       Class:  15.23 MB
        Both:  24.17 MB

MaxMetaspaceSize: unlimited
CompressedClassSpaceSize: 1.00 GB
Initial GC threshold: 21.00 MB
Current GC threshold: 21.00 MB
CDS: on
 - commit_granule_bytes: 65536.
 - commit_granule_words: 8192.
 - virtual_space_node_default_size: 8388608.
 - enlarge_chunks_in_place: 1.
 - use_allocation_guard: 0.


Internal statistics:

num_allocs_failed_limit: 0.
num_arena_births: 58.
num_arena_deaths: 0.
num_vsnodes_births: 2.
num_vsnodes_deaths: 0.
num_space_committed: 97.
num_space_uncommitted: 0.
num_chunks_returned_to_freelist: 0.
num_chunks_taken_from_freelist: 229.
num_chunk_merges: 0.
num_chunk_splits: 148.
num_chunks_enlarged: 123.
num_inconsistent_stats: 0.

CodeHeap 'non-profiled nmethods': size=120000Kb used=441Kb max_used=441Kb free=119558Kb
 bounds [0x000002310fe60000, 0x00000231100d0000, 0x0000023117390000]
CodeHeap 'profiled nmethods': size=120000Kb used=2423Kb max_used=2423Kb free=117576Kb
 bounds [0x0000023108390000, 0x0000023108600000, 0x000002310f8c0000]
CodeHeap 'non-nmethods': size=5760Kb used=1354Kb max_used=1387Kb free=4406Kb
 bounds [0x000002310f8c0000, 0x000002310fb30000, 0x000002310fe60000]
 total_blobs=1732 nmethods=1273 adapters=364
 compilation: enabled
              stopped_count=0, restarted_count=0
 full_count=0

Compilation events (20 events):
Event: 1.466 Thread 0x000002317fdea8e0 nmethod 1181 0x00000231085c9210 code [0x00000231085c93a0, 0x00000231085c94f8]
Event: 1.466 Thread 0x000002317fdea8e0 1183       2       java.util.stream.AbstractPipeline::isParallel (8 bytes)
Event: 1.466 Thread 0x000002317fdea8e0 nmethod 1183 0x00000231085c9590 code [0x00000231085c9720, 0x00000231085c9838]
Event: 1.466 Thread 0x000002317fdea8e0 1184       2       jdk.internal.reflect.ReflectionFactory::copyMethod (11 bytes)
Event: 1.466 Thread 0x000002317fdea8e0 nmethod 1184 0x00000231085c9910 code [0x00000231085c9ac0, 0x00000231085c9c30]
Event: 1.466 Thread 0x000002317fdea8e0 1185       2       java.lang.reflect.ReflectAccess::copyMethod (5 bytes)
Event: 1.467 Thread 0x000002317fdea8e0 nmethod 1185 0x00000231085c9d90 code [0x00000231085c9f40, 0x00000231085ca068]
Event: 1.467 Thread 0x000002317fdea8e0 1186       2       java.lang.reflect.Method::copy (84 bytes)
Event: 1.467 Thread 0x000002317fdea8e0 nmethod 1186 0x00000231085ca110 code [0x00000231085ca2e0, 0x00000231085ca670]
Event: 1.467 Thread 0x000002317fdea8e0 1182       1       com.google.inject.TypeLiteral::hashCode (5 bytes)
Event: 1.468 Thread 0x000002317fdea8e0 nmethod 1182 0x000002310fec2e10 code [0x000002310fec2fa0, 0x000002310fec3068]
Event: 1.468 Thread 0x000002317fdea8e0 1188       1       java.lang.reflect.Field::getModifiers (5 bytes)
Event: 1.468 Thread 0x000002317fdea8e0 nmethod 1188 0x000002310fec3110 code [0x000002310fec32a0, 0x000002310fec3368]
Event: 1.468 Thread 0x000002317fdea8e0 1187       1       java.lang.reflect.Field::getDeclaringClass (5 bytes)
Event: 1.468 Thread 0x000002317fdea8e0 nmethod 1187 0x000002310fec3410 code [0x000002310fec35a0, 0x000002310fec3668]
Event: 1.468 Thread 0x000002317fdea8e0 1189       1       java.util.stream.Node::getChildCount (2 bytes)
Event: 1.468 Thread 0x000002317fdea8e0 nmethod 1189 0x000002310fec3710 code [0x000002310fec38a0, 0x000002310fec3968]
Event: 1.468 Thread 0x000002317fdea8e0 1190       1       java.util.stream.ReferencePipeline$StatefulOp::opIsStateful (2 bytes)
Event: 1.468 Thread 0x000002317fdea8e0 nmethod 1190 0x000002310fec3a10 code [0x000002310fec3ba0, 0x000002310fec3c68]
Event: 1.470 Thread 0x000002317fdc7e20 nmethod 1138 0x000002310fec3d10 code [0x000002310fec4080, 0x000002310fec5c68]

GC Heap History (2 events):
Event: 1.378 GC heap before
{Heap before GC invocations=0 (full 0):
 garbage-first heap   total 131072K, used 23552K [0x0000000081c00000, 0x0000000100000000)
  region size 1024K, 23 young (23552K), 0 survivors (0K)
 Metaspace       used 5681K, committed 5888K, reserved 1114112K
  class space    used 667K, committed 768K, reserved 1048576K
}
Event: 1.390 GC heap after
{Heap after GC invocations=1 (full 0):
 garbage-first heap   total 131072K, used 3719K [0x0000000081c00000, 0x0000000100000000)
  region size 1024K, 3 young (3072K), 3 survivors (3072K)
 Metaspace       used 5681K, committed 5888K, reserved 1114112K
  class space    used 667K, committed 768K, reserved 1048576K
}

Dll operation events (8 events):
Event: 0.015 Loaded shared library C:\Program Files\Java\jdk-21\bin\java.dll
Event: 0.079 Loaded shared library C:\Program Files\Java\jdk-21\bin\jsvml.dll
Event: 0.123 Loaded shared library C:\Program Files\Java\jdk-21\bin\net.dll
Event: 0.127 Loaded shared library C:\Program Files\Java\jdk-21\bin\nio.dll
Event: 0.133 Loaded shared library C:\Program Files\Java\jdk-21\bin\zip.dll
Event: 0.403 Loaded shared library C:\Program Files\Java\jdk-21\bin\jimage.dll
Event: 0.404 Loaded shared library C:\Users\HP\Downloads\mavenew\apache-maven-3.9.9\lib\jansi-native\Windows\x86_64\jansi.dll
Event: 0.430 Loaded shared library C:\Program Files\Java\jdk-21\bin\verify.dll

Deoptimization events (20 events):
Event: 1.390 Thread 0x000002317fdb21b0 Uncommon trap: trap_request=0xffffff45 fr.pc=0x000002310feb3468 relative=0x0000000000000048
Event: 1.390 Thread 0x000002317fdb21b0 Uncommon trap: reason=unstable_if action=reinterpret pc=0x000002310feb3468 method=java.util.concurrent.locks.AbstractQueuedSynchronizer.signalNext(Ljava/util/concurrent/locks/AbstractQueuedSynchronizer$Node;)V @ 1 c2
Event: 1.390 Thread 0x000002317fdb21b0 DEOPT PACKING pc=0x000002310feb3468 sp=0x000000575aeff450
Event: 1.390 Thread 0x000002317fdb21b0 DEOPT UNPACKING pc=0x000002310f9146a2 sp=0x000000575aeff3e0 mode 2
Event: 1.390 Thread 0x000002317fdb21b0 Uncommon trap: trap_request=0xffffff45 fr.pc=0x000002310feb31a8 relative=0x0000000000000188
Event: 1.390 Thread 0x000002317fdb21b0 Uncommon trap: reason=unstable_if action=reinterpret pc=0x000002310feb31a8 method=java.util.concurrent.locks.ReentrantLock$NonfairSync.initialTryLock()Z @ 25 c2
Event: 1.390 Thread 0x000002317fdb21b0 DEOPT PACKING pc=0x000002310feb31a8 sp=0x000000575aeff430
Event: 1.391 Thread 0x000002317fdb21b0 DEOPT UNPACKING pc=0x000002310f9146a2 sp=0x000000575aeff3d0 mode 2
Event: 1.432 Thread 0x0000023178740760 Uncommon trap: trap_request=0xffffff45 fr.pc=0x000002310febc988 relative=0x0000000000001888
Event: 1.432 Thread 0x0000023178740760 Uncommon trap: reason=unstable_if action=reinterpret pc=0x000002310febc988 method=sun.nio.cs.StreamDecoder.lockedRead0()I @ 30 c2
Event: 1.432 Thread 0x0000023178740760 DEOPT PACKING pc=0x000002310febc988 sp=0x000000575a6fdc00
Event: 1.432 Thread 0x0000023178740760 DEOPT UNPACKING pc=0x000002310f9146a2 sp=0x000000575a6fdaf8 mode 2
Event: 1.439 Thread 0x0000023178740760 Uncommon trap: trap_request=0xffffffde fr.pc=0x000002310fe95478 relative=0x00000000000006b8
Event: 1.439 Thread 0x0000023178740760 Uncommon trap: reason=class_check action=maybe_recompile pc=0x000002310fe95478 method=java.util.regex.Matcher.search(I)Z @ 121 c2
Event: 1.439 Thread 0x0000023178740760 DEOPT PACKING pc=0x000002310fe95478 sp=0x000000575a6fe110
Event: 1.439 Thread 0x0000023178740760 DEOPT UNPACKING pc=0x000002310f9146a2 sp=0x000000575a6fe0e0 mode 2
Event: 1.441 Thread 0x0000023178740760 Uncommon trap: trap_request=0xffffffde fr.pc=0x000002310fe95478 relative=0x00000000000006b8
Event: 1.441 Thread 0x0000023178740760 Uncommon trap: reason=class_check action=maybe_recompile pc=0x000002310fe95478 method=java.util.regex.Matcher.search(I)Z @ 121 c2
Event: 1.441 Thread 0x0000023178740760 DEOPT PACKING pc=0x000002310fe95478 sp=0x000000575a6fe110
Event: 1.441 Thread 0x0000023178740760 DEOPT UNPACKING pc=0x000002310f9146a2 sp=0x000000575a6fe0e0 mode 2

Classes loaded (20 events):
Event: 1.176 Loading class sun/misc/Unsafe
Event: 1.177 Loading class sun/misc/Unsafe done
Event: 1.179 Loading class java/lang/invoke/DirectMethodHandle$StaticAccessor
Event: 1.179 Loading class java/lang/invoke/DirectMethodHandle$StaticAccessor done
Event: 1.188 Loading class java/lang/reflect/ParameterizedType
Event: 1.188 Loading class java/lang/reflect/ParameterizedType done
Event: 1.195 Loading class java/lang/reflect/WildcardType
Event: 1.195 Loading class java/lang/reflect/WildcardType done
Event: 1.201 Loading class sun/reflect/generics/tree/TypeVariableSignature
Event: 1.201 Loading class sun/reflect/generics/tree/TypeVariableSignature done
Event: 1.229 Loading class java/lang/annotation/IncompleteAnnotationException
Event: 1.229 Loading class java/lang/annotation/IncompleteAnnotationException done
Event: 1.323 Loading class java/lang/foreign/MemorySegment
Event: 1.324 Loading class java/lang/foreign/MemorySegment done
Event: 1.443 Loading class sun/reflect/generics/reflectiveObjects/TypeVariableImpl
Event: 1.443 Loading class sun/reflect/generics/reflectiveObjects/LazyReflectiveObjectGenerator
Event: 1.443 Loading class sun/reflect/generics/reflectiveObjects/LazyReflectiveObjectGenerator done
Event: 1.443 Loading class sun/reflect/generics/reflectiveObjects/TypeVariableImpl done
Event: 1.443 Loading class sun/reflect/generics/reflectiveObjects/ParameterizedTypeImpl
Event: 1.444 Loading class sun/reflect/generics/reflectiveObjects/ParameterizedTypeImpl done

Classes unloaded (0 events):
No events

Classes redefined (0 events):
No events

Internal exceptions (20 events):
Event: 0.415 Thread 0x0000023178740760 Exception <a 'java/lang/NullPointerException'{0x00000000896464d8}> (0x00000000896464d8) 
thrown [s\open\src\hotspot\share\interpreter\linkResolver.cpp, line 1372]
Event: 0.415 Thread 0x0000023178740760 Exception <a 'java/lang/NullPointerException'{0x00000000896467b8}> (0x00000000896467b8) 
thrown [s\open\src\hotspot\share\interpreter\linkResolver.cpp, line 1372]
Event: 0.415 Thread 0x0000023178740760 Exception <a 'java/lang/NullPointerException'{0x0000000089646a98}> (0x0000000089646a98) 
thrown [s\open\src\hotspot\share\interpreter\linkResolver.cpp, line 1372]
Event: 0.416 Thread 0x0000023178740760 Exception <a 'java/lang/NullPointerException'{0x0000000089646d78}> (0x0000000089646d78) 
thrown [s\open\src\hotspot\share\interpreter\linkResolver.cpp, line 1372]
Event: 0.427 Thread 0x0000023178740760 Exception <a 'sun/nio/fs/WindowsException'{0x0000000089670e48}> (0x0000000089670e48) 
thrown [s\open\src\hotspot\share\prims\jni.cpp, line 520]
Event: 0.427 Thread 0x0000023178740760 Exception <a 'sun/nio/fs/WindowsException'{0x0000000089671460}> (0x0000000089671460) 
thrown [s\open\src\hotspot\share\prims\jni.cpp, line 520]
Event: 0.427 Thread 0x0000023178740760 Exception <a 'sun/nio/fs/WindowsException'{0x0000000089671968}> (0x0000000089671968) 
thrown [s\open\src\hotspot\share\prims\jni.cpp, line 520]
Event: 0.428 Thread 0x0000023178740760 Exception <a 'sun/nio/fs/WindowsException'{0x0000000089671e28}> (0x0000000089671e28) 
thrown [s\open\src\hotspot\share\prims\jni.cpp, line 520]
Event: 0.451 Thread 0x0000023178740760 Exception <a 'java/lang/NoSuchMethodError'{0x0000000089534da8}: 'void java.lang.invoke.DirectMethodHandle$Holder.invokeStatic(java.lang.Object, java.lang.Object)'> (0x0000000089534da8) 
thrown [s\open\src\hotspot\share\interpreter\linkResolver.cpp, line 773]
Event: 0.452 Thread 0x0000023178740760 Exception <a 'java/lang/NoSuchMethodError'{0x0000000089538178}: 'void java.lang.invoke.DirectMethodHandle$Holder.invokeStaticInit(java.lang.Object, java.lang.Object)'> (0x0000000089538178) 
thrown [s\open\src\hotspot\share\interpreter\linkResolver.cpp, line 773]
Event: 0.476 Thread 0x0000023178740760 Exception <a 'java/lang/NoSuchMethodError'{0x0000000089580330}: 'void java.lang.invoke.DirectMethodHandle$Holder.invokeStatic(java.lang.Object, java.lang.Object, java.lang.Object)'> (0x0000000089580330) 
thrown [s\open\src\hotspot\share\interpreter\linkResolver.cpp, line 773]
Event: 0.586 Thread 0x0000023178740760 Exception <a 'java/lang/NoSuchMethodError'{0x00000000894eecf0}: 'java.lang.Object java.lang.invoke.DirectMethodHandle$Holder.invokeSpecialIFC(java.lang.Object, java.lang.Object, java.lang.Object, java.lang.Object)'> (0x00000000894eecf0) 
thrown [s\open\src\hotspot\share\interpreter\linkResolver.cpp, line 773]
Event: 0.934 Thread 0x0000023178740760 Exception <a 'java/lang/NoSuchMethodError'{0x0000000088e7e9c0}: 'void java.lang.invoke.DirectMethodHandle$Holder.invokeSpecial(java.lang.Object, java.lang.Object, java.lang.Object)'> (0x0000000088e7e9c0) 
thrown [s\open\src\hotspot\share\interpreter\linkResolver.cpp, line 773]
Event: 1.009 Thread 0x0000023178740760 Exception <a 'java/lang/NoSuchMethodError'{0x0000000088dc8bd8}: 'java.lang.Object java.lang.invoke.DirectMethodHandle$Holder.invokeInterface(java.lang.Object, java.lang.Object)'> (0x0000000088dc8bd8) 
thrown [s\open\src\hotspot\share\interpreter\linkResolver.cpp, line 773]
Event: 1.041 Thread 0x0000023178740760 Exception <a 'java/lang/NoSuchMethodError'{0x0000000088c628a0}: 'int java.lang.invoke.DirectMethodHandle$Holder.invokeStatic(java.lang.Object, java.lang.Object, java.lang.Object, java.lang.Object)'> (0x0000000088c628a0) 
thrown [s\open\src\hotspot\share\interpreter\linkResolver.cpp, line 773]
Event: 1.042 Thread 0x0000023178740760 Exception <a 'java/lang/NoSuchMethodError'{0x0000000088c65f20}: 'java.lang.Object java.lang.invoke.Invokers$Holder.invokeExact_MT(java.lang.Object, java.lang.Object, java.lang.Object, java.lang.Object, java.lang.Object, java.lang.Object)'> (0x0000000088c65f20) 
thrown [s\open\src\hotspot\share\interpreter\linkResolver.cpp, line 773]
Event: 1.047 Thread 0x0000023178740760 Exception <a 'java/lang/NoSuchMethodError'{0x0000000088c745b8}: 'int java.lang.invoke.DirectMethodHandle$Holder.invokeSpecialIFC(java.lang.Object, java.lang.Object, java.lang.Object, java.lang.Object, java.lang.Object)'> (0x0000000088c745b8) 
thrown [s\open\src\hotspot\share\interpreter\linkResolver.cpp, line 773]
Event: 1.154 Thread 0x0000023178740760 Exception <a 'java/lang/NoSuchMethodError'{0x0000000088bfa0a8}: 'java.lang.Object java.lang.invoke.DirectMethodHandle$Holder.newInvokeSpecial(java.lang.Object, java.lang.Object, java.lang.Object, java.lang.Object, java.lang.Object)'> (0x0000000088bfa0a8) 
thrown [s\open\src\hotspot\share\interpreter\linkResolver.cpp, line 773]
Event: 1.214 Thread 0x0000023178740760 Exception <a 'java/lang/NoSuchMethodError'{0x0000000088af7868}: 'int java.lang.invoke.DirectMethodHandle$Holder.invokeStaticInit(java.lang.Object, java.lang.Object)'> (0x0000000088af7868) 
thrown [s\open\src\hotspot\share\interpreter\linkResolver.cpp, line 773]
Event: 1.230 Thread 0x0000023178740760 Exception <a 'java/lang/NoClassDefFoundError'{0x000000008892d228}: javax/enterprise/inject/Typed> (0x000000008892d228) 
thrown [s\open\src\hotspot\share\classfile\systemDictionary.cpp, line 301]

ZGC Phase Switch (0 events):
No events

VM Operations (10 events):
Event: 0.135 Executing VM operation: HandshakeAllThreads (Deoptimize)
Event: 0.135 Executing VM operation: HandshakeAllThreads (Deoptimize) done
Event: 0.390 Executing VM operation: HandshakeAllThreads (Deoptimize)
Event: 0.390 Executing VM operation: HandshakeAllThreads (Deoptimize) done
Event: 0.411 Executing VM operation: HandshakeAllThreads (Deoptimize)
Event: 0.411 Executing VM operation: HandshakeAllThreads (Deoptimize) done
Event: 1.319 Executing VM operation: ICBufferFull
Event: 1.319 Executing VM operation: ICBufferFull done
Event: 1.378 Executing VM operation: G1CollectForAllocation (G1 Evacuation Pause)
Event: 1.390 Executing VM operation: G1CollectForAllocation (G1 Evacuation Pause) done

Events (16 events):
Event: 0.050 Thread 0x0000023178740760 Thread added: 0x0000023178740760
Event: 0.074 Thread 0x000002317fdb21b0 Thread added: 0x000002317fdb21b0
Event: 0.075 Thread 0x000002317fdb30d0 Thread added: 0x000002317fdb30d0
Event: 0.075 Thread 0x000002317fdb79d0 Thread added: 0x000002317fdb79d0
Event: 0.075 Thread 0x000002317fdb86b0 Thread added: 0x000002317fdb86b0
Event: 0.076 Thread 0x000002317fdb9110 Thread added: 0x000002317fdb9110
Event: 0.076 Thread 0x000002317fdb9b70 Thread added: 0x000002317fdb9b70
Event: 0.076 Thread 0x000002317fdc7e20 Thread added: 0x000002317fdc7e20
Event: 0.076 Thread 0x000002317fdea8e0 Thread added: 0x000002317fdea8e0
Event: 0.114 Thread 0x00000231175e9670 Thread added: 0x00000231175e9670
Event: 0.119 Thread 0x00000231175eeb40 Thread added: 0x00000231175eeb40
Event: 0.399 Thread 0x00000231178919b0 Thread added: 0x00000231178919b0
Event: 0.417 Thread 0x00000231178919b0 Thread exited: 0x00000231178919b0
Event: 0.675 Thread 0x000002315d263860 Thread added: 0x000002315d263860
Event: 1.030 Thread 0x000002315d263860 Thread exited: 0x000002315d263860
Event: 1.271 Thread 0x000002315d7dd5b0 Thread added: 0x000002315d7dd5b0


Dynamic libraries:
0x00007ff6513a0000 - 0x00007ff6513b0000 	C:\Program Files\Java\jdk-21\bin\java.exe
0x00007ffb34800000 - 0x00007ffb349ee000 	C:\Windows\SYSTEM32\ntdll.dll
0x00007ffb32090000 - 0x00007ffb32143000 	C:\Windows\System32\KERNEL32.DLL
0x00007ffb315f0000 - 0x00007ffb3188d000 	C:\Windows\System32\KERNELBASE.dll
0x00007ffb30b50000 - 0x00007ffb30c4a000 	C:\Windows\System32\ucrtbase.dll
0x00007ffb2cbd0000 - 0x00007ffb2cbe9000 	C:\Program Files\Java\jdk-21\bin\jli.dll
0x00007ffb2cbf0000 - 0x00007ffb2cc0b000 	C:\Program Files\Java\jdk-21\bin\VCRUNTIME140.dll
0x00007ffb344b0000 - 0x00007ffb34558000 	C:\Windows\System32\ADVAPI32.dll
0x00007ffb33bf0000 - 0x00007ffb33c8e000 	C:\Windows\System32\msvcrt.dll
0x00007ffb33b40000 - 0x00007ffb33be2000 	C:\Windows\System32\sechost.dll
0x00007ffb31bc0000 - 0x00007ffb31cd8000 	C:\Windows\System32\RPCRT4.dll
0x00007ffb308d0000 - 0x00007ffb308f6000 	C:\Windows\System32\bcrypt.dll
0x00007ffb33d00000 - 0x00007ffb33e97000 	C:\Windows\System32\USER32.dll
0x00007ffb31890000 - 0x00007ffb318b0000 	C:\Windows\System32\win32u.dll
0x00007ffb18400000 - 0x00007ffb18679000 	C:\Windows\WinSxS\amd64_microsoft.windows.common-controls_6595b64144ccf1df_6.0.17763.6189_none_de75211c5347e0e8\COMCTL32.dll
0x00007ffb32060000 - 0x00007ffb32089000 	C:\Windows\System32\GDI32.dll
0x00007ffb34180000 - 0x00007ffb344aa000 	C:\Windows\System32\combase.dll
0x00007ffb30c50000 - 0x00007ffb30df8000 	C:\Windows\System32\gdi32full.dll
0x00007ffb30840000 - 0x00007ffb308c2000 	C:\Windows\System32\bcryptPrimitives.dll
0x00007ffb30e00000 - 0x00007ffb30ea0000 	C:\Windows\System32\msvcp_win.dll
0x00007ffb2d150000 - 0x00007ffb2d15a000 	C:\Windows\SYSTEM32\VERSION.dll
0x00007ffb31e90000 - 0x00007ffb31ebe000 	C:\Windows\System32\IMM32.DLL
0x00007ffb2a120000 - 0x00007ffb2a12c000 	C:\Program Files\Java\jdk-21\bin\vcruntime140_1.dll
0x00007ffb0b5c0000 - 0x00007ffb0b64e000 	C:\Program Files\Java\jdk-21\bin\msvcp140.dll
0x00007ffa84d60000 - 0x00007ffa85a75000 	C:\Program Files\Java\jdk-21\bin\server\jvm.dll
0x00007ffb30790000 - 0x00007ffb307ed000 	C:\Windows\System32\POWRPROF.dll
0x00007ffb325d0000 - 0x00007ffb3263d000 	C:\Windows\System32\WS2_32.dll
0x00007ffb2d190000 - 0x00007ffb2d1b4000 	C:\Windows\SYSTEM32\WINMM.dll
0x00007ffb2d160000 - 0x00007ffb2d18d000 	C:\Windows\SYSTEM32\WINMMBASE.dll
0x00007ffb30900000 - 0x00007ffb3094a000 	C:\Windows\System32\cfgmgr32.dll
0x00007ffb30770000 - 0x00007ffb30781000 	C:\Windows\System32\kernel.appcore.dll
0x00007ffb29f30000 - 0x00007ffb29f3a000 	C:\Program Files\Java\jdk-21\bin\jimage.dll
0x00007ffb2f080000 - 0x00007ffb2f26d000 	C:\Windows\SYSTEM32\DBGHELP.DLL
0x00007ffb140d0000 - 0x00007ffb140fa000 	C:\Windows\SYSTEM32\dbgcore.DLL
0x00007ffb290b0000 - 0x00007ffb290cf000 	C:\Program Files\Java\jdk-21\bin\java.dll
0x00007ffb32640000 - 0x00007ffb33b38000 	C:\Windows\System32\SHELL32.dll
0x00007ffb31d60000 - 0x00007ffb31e07000 	C:\Windows\System32\shcore.dll
0x00007ffb30ea0000 - 0x00007ffb315e8000 	C:\Windows\System32\windows.storage.dll
0x00007ffb30810000 - 0x00007ffb30833000 	C:\Windows\System32\profapi.dll
0x00007ffb33ca0000 - 0x00007ffb33cf2000 	C:\Windows\System32\shlwapi.dll
0x00007ffb318b0000 - 0x00007ffb318cb000 	C:\Windows\System32\cryptsp.dll
0x00007ffab6260000 - 0x00007ffab6337000 	C:\Program Files\Java\jdk-21\bin\jsvml.dll
0x00007ffb29f20000 - 0x00007ffb29f30000 	C:\Program Files\Java\jdk-21\bin\net.dll
0x00007ffb2bc60000 - 0x00007ffb2bd5d000 	C:\Windows\SYSTEM32\WINHTTP.dll
0x00007ffb2ff60000 - 0x00007ffb2ffc7000 	C:\Windows\system32\mswsock.dll
0x00007ffb16ec0000 - 0x00007ffb16ed6000 	C:\Program Files\Java\jdk-21\bin\nio.dll
0x00007ffb16cc0000 - 0x00007ffb16cd8000 	C:\Program Files\Java\jdk-21\bin\zip.dll
0x00007ffb0c1b0000 - 0x00007ffb0c1d4000 	C:\Users\HP\Downloads\mavenew\apache-maven-3.9.9\lib\jansi-native\Windows\x86_64\jansi.dll
0x00007ffb166b0000 - 0x00007ffb166c0000 	C:\Program Files\Java\jdk-21\bin\verify.dll

dbghelp: loaded successfully - version: 4.0.5 - missing functions: none
symbol engine: initialized successfully - sym options: 0x614 - pdb path: .;C:\Program Files\Java\jdk-21\bin;C:\Windows\SYSTEM32;C:\Windows\WinSxS\amd64_microsoft.windows.common-controls_6595b64144ccf1df_6.0.17763.6189_none_de75211c5347e0e8;C:\Program Files\Java\jdk-21\bin\server;C:\Users\HP\Downloads\mavenew\apache-maven-3.9.9\lib\jansi-native\Windows\x86_64

VM Arguments:
jvm_args: -Dclassworlds.conf=C:\Users\HP\Downloads\mavenew\apache-maven-3.9.9\bin\m2.conf -Dmaven.home=C:\Users\HP\Downloads\mavenew\apache-maven-3.9.9 -Dlibrary.jansi.path=C:\Users\HP\Downloads\mavenew\apache-maven-3.9.9\lib\jansi-native -Dmaven.multiModuleProjectDirectory=c:\Users\HP\SpringBoot-Maven 
java_command: org.codehaus.plexus.classworlds.launcher.Launcher -q help:effective-pom -Doutput=c:\Users\HP\SpringBoot-Maven\effective-pom.xml -f c:/Users/HP/SpringBoot-Maven/pom.xml
java_class_path (initial): C:\Users\HP\Downloads\mavenew\apache-maven-3.9.9\boot\plexus-classworlds-2.8.0.jar
Launcher Type: SUN_STANDARD

[Global flags]
     intx CICompilerCount                          = 4                                         {product} {ergonomic}
     uint ConcGCThreads                            = 2                                         {product} {ergonomic}
     uint G1ConcRefinementThreads                  = 8                                         {product} {ergonomic}
   size_t G1HeapRegionSize                         = 1048576                                   {product} {ergonomic}
    uintx GCDrainStackTargetSize                   = 64                                        {product} {ergonomic}
   size_t InitialHeapSize                          = 134217728                                 {product} {ergonomic}
   size_t MarkStackSize                            = 4194304                                   {product} {ergonomic}
   size_t MaxHeapSize                              = 2118123520                                {product} {ergonomic}
   size_t MaxNewSize                               = 1270874112                                {product} {ergonomic}
   size_t MinHeapDeltaBytes                        = 1048576                                   {product} {ergonomic}
   size_t MinHeapSize                              = 8388608                                   {product} {ergonomic}
    uintx NonNMethodCodeHeapSize                   = 5839372                                {pd product} {ergonomic}
    uintx NonProfiledCodeHeapSize                  = 122909434                              {pd product} {ergonomic}
    uintx ProfiledCodeHeapSize                     = 122909434                              {pd product} {ergonomic}
    uintx ReservedCodeCacheSize                    = 251658240                              {pd product} {ergonomic}
     bool SegmentedCodeCache                       = true                                      {product} {ergonomic}
   size_t SoftMaxHeapSize                          = 2118123520                             {manageable} {ergonomic}
     bool UseCompressedOops                        = true                           {product lp64_product} {ergonomic}
     bool UseG1GC                                  = true                                      {product} {ergonomic}
     bool UseLargePagesIndividualAllocation        = false                                  {pd product} {ergonomic}

Logging:
Log output configuration:
 #0: stdout all=warning uptime,level,tags foldmultilines=false
 #1: stderr all=off uptime,level,tags foldmultilines=false

Environment Variables:
JAVA_HOME=C:\Program Files\Java\jdk-21\
PATH=C:\Python312\Scripts\;C:\Python312\;C:\Program Files\Common Files\Oracle\Java\javapath;C:\Windows\system32;C:\Windows;C:\Windows\System32\Wbem;C:\Windows\System32\WindowsPowerShell\v1.0\;C:\Windows\System32\OpenSSH\;C:\Program Files\dotnet\;C:\Program Files\Git\cmd;C:\Program Files\Java\jdk-21\bin;C:\Program Files\Common Files\Oracle\Java\javapath;C:\ProgramData\chocolatey\bin;C:\Users\HP\Downloads\mavenew\apache-maven-3.9.9\bin;C:\Program Files\nodejs;C:\Program Files\nodejs\;C:\Program Files\Java\jdk-21\bin;C:\Users\HP\AppData\Local\Microsoft\WindowsApps;C:\Program Files\PHP;C:\Users\HP\AppData\Local\Programs\Microsoft VS Code\bin;C:\msys64\mingw64\bin;C:\Users\HP\AppData\Roaming\npm;C:\Program Files\Android\Android Studio\jbr\bin;
USERNAME=HP
OS=Windows_NT
PROCESSOR_IDENTIFIER=Intel64 Family 6 Model 142 Stepping 11, GenuineIntel
TMP=C:\Users\HP\AppData\Local\Temp
TEMP=C:\Users\HP\AppData\Local\Temp




Periodic native trim disabled

---------------  S Y S T E M  ---------------

OS:
 Windows 10 , 64 bit Build 17763 (10.0.17763.6189)
OS uptime: 1 days 2:40 hours

CPU: total 8 (initial active 8) (4 cores per cpu, 2 threads per core) family 6 model 142 stepping 11 microcode 0xf0, cx8, cmov, fxsr, ht, mmx, 3dnowpref, sse, sse2, sse3, ssse3, sse4.1, sse4.2, popcnt, lzcnt, tsc, tscinvbit, avx, avx2, aes, erms, clmul, bmi1, bmi2, adx, fma, vzeroupper, clflush, clflushopt, rdtscp, f16c
Processor Information for processor 0
  Max Mhz: 1800, Current Mhz: 1600, Mhz Limit: 1584
Processor Information for processor 1
  Max Mhz: 1800, Current Mhz: 1500, Mhz Limit: 1584
Processor Information for processor 2
  Max Mhz: 1800, Current Mhz: 1500, Mhz Limit: 1584
Processor Information for processor 3
  Max Mhz: 1800, Current Mhz: 1600, Mhz Limit: 1584
Processor Information for processor 4
  Max Mhz: 1800, Current Mhz: 1600, Mhz Limit: 1584
Processor Information for processor 5
  Max Mhz: 1800, Current Mhz: 1600, Mhz Limit: 1584
Processor Information for processor 6
  Max Mhz: 1800, Current Mhz: 1600, Mhz Limit: 1584
Processor Information for processor 7
  Max Mhz: 1800, Current Mhz: 1600, Mhz Limit: 1584

Memory: 4k page, system-wide physical 8073M (504M free)
TotalPageFile size 16881M (AvailPageFile size 3M)
current process WorkingSet (physical memory assigned to process): 84M, peak: 84M
current process commit charge ("private bytes"): 229M, peak: 229M

vm_info: Java HotSpot(TM) 64-Bit Server VM (21.0.1+12-LTS-29) for windows-amd64 JRE (21.0.1+12-LTS-29), built on 2023-10-05T13:27:09Z by "mach5one" with MS VC++ 17.1 (VS2022)

END.
