#
# There is insufficient memory for the Java Runtime Environment to continue.
# Native memory allocation (mmap) failed to map 65536 bytes for Failed to commit metaspace.
# Possible reasons:
#   The system is out of physical RAM or swap space
#   The process is running with CompressedOops enabled, and the Java Heap may be blocking the growth of the native heap
# Possible solutions:
#   Reduce memory load on the system
#   Increase physical memory or swap space
#   Check if swap backing store is full
#   Decrease Java heap size (-Xmx/-Xms)
#   Decrease number of Java threads
#   Decrease Java thread stack sizes (-Xss)
#   Set larger code cache with -XX:ReservedCodeCacheSize=
#   JVM is running with Unscaled Compressed Oops mode in which the Java heap is
#     placed in the first 4GB address space. The Java Heap base address is the
#     maximum limit for the native heap growth. Please use -XX:HeapBaseMinAddress
#     to set the Java Heap base and to place the Java Heap above 4GB virtual address.
# This output file may be truncated or incomplete.
#
#  Out of Memory Error (virtualSpaceNode.cpp:112), pid=3624, tid=11444
#
# JRE version: Java(TM) SE Runtime Environment (21.0.1+12) (build 21.0.1+12-LTS-29)
# Java VM: Java HotSpot(TM) 64-Bit Server VM (21.0.1+12-LTS-29, mixed mode, sharing, tiered, compressed oops, compressed class ptrs, g1 gc, windows-amd64)
# No core dump will be written. Minidumps are not enabled by default on client versions of Windows
#

---------------  S U M M A R Y ------------

Command Line: -Dclassworlds.conf=C:\Users\HP\Downloads\mavenew\apache-maven-3.9.9\bin\m2.conf -Dmaven.home=C:\Users\HP\Downloads\mavenew\apache-maven-3.9.9 -Dlibrary.jansi.path=C:\Users\HP\Downloads\mavenew\apache-maven-3.9.9\lib\jansi-native -Dmaven.multiModuleProjectDirectory=c:\Users\HP\SpringBoot-Maven org.codehaus.plexus.classworlds.launcher.Launcher -q help:effective-pom -Doutput=c:\Users\HP\SpringBoot-Maven\effective-pom.xml -f c:/Users/HP/SpringBoot-Maven/pom.xml

Host: Intel(R) Core(TM) i5-8265U CPU @ 1.60GHz, 8 cores, 7G,  Windows 10 , 64 bit Build 17763 (10.0.17763.6189)
Time: Tue Sep 10 00:00:05 2024 Temps universel coordonné elapsed time: 0.895574 seconds (0d 0h 0m 0s)

---------------  T H R E A D  ---------------

Current thread (0x000001eddf69dc30):  JavaThread "main"             [_thread_in_vm, id=11444, stack(0x00000066ee800000,0x00000066ee900000) (1024K)]

Stack: [0x00000066ee800000,0x00000066ee900000]
Native frames: (J=compiled Java code, j=interpreted, Vv=VM code, C=native code)
V  [jvm.dll+0x6c9029]
V  [jvm.dll+0x854b81]
V  [jvm.dll+0x856e5e]
V  [jvm.dll+0x857543]
V  [jvm.dll+0x280c06]
V  [jvm.dll+0x8508ae]
V  [jvm.dll+0x66ca45]
V  [jvm.dll+0x1e677c]
V  [jvm.dll+0x1e654e]
V  [jvm.dll+0x66f35c]
V  [jvm.dll+0x66f172]
V  [jvm.dll+0x66d41e]
V  [jvm.dll+0x26c536]
V  [jvm.dll+0x2184f7]
V  [jvm.dll+0x20dc4e]
V  [jvm.dll+0x5ac6dc]
V  [jvm.dll+0x7cd90d]
V  [jvm.dll+0x4704ca]
V  [jvm.dll+0x4838d6]
C  [java.dll+0x1657]

Java frames: (J=compiled Java code, j=interpreted, Vv=VM code)
j  java.lang.ClassLoader.defineClass0(Ljava/lang/ClassLoader;Ljava/lang/Class;Ljava/lang/String;[BIILjava/security/ProtectionDomain;ZILjava/lang/Object;)Ljava/lang/Class;+0 java.base@21.0.1
j  java.lang.System$2.defineClass(Ljava/lang/ClassLoader;Ljava/lang/Class;Ljava/lang/String;[BLjava/security/ProtectionDomain;ZILjava/lang/Object;)Ljava/lang/Class;+17 java.base@21.0.1
j  java.lang.invoke.MethodHandles$Lookup$ClassDefiner.defineClass(ZLjava/lang/Object;)Ljava/lang/Class;+57 java.base@21.0.1
j  java.lang.invoke.InvokerBytecodeGenerator.loadMethod([B)Ljava/lang/invoke/MemberName;+22 java.base@21.0.1
j  java.lang.invoke.InvokerBytecodeGenerator.generateCustomizedCode(Ljava/lang/invoke/LambdaForm;Ljava/lang/invoke/MethodType;)Ljava/lang/invoke/MemberName;+30 java.base@21.0.1
j  java.lang.invoke.LambdaForm.compileToBytecode()V+69 java.base@21.0.1
j  java.lang.invoke.DirectMethodHandle.makePreparedLambdaForm(Ljava/lang/invoke/MethodType;I)Ljava/lang/invoke/LambdaForm;+750 java.base@21.0.1
j  java.lang.invoke.DirectMethodHandle.preparedLambdaForm(Ljava/lang/invoke/MethodType;I)Ljava/lang/invoke/LambdaForm;+17 java.base@21.0.1
j  java.lang.invoke.DirectMethodHandle.preparedLambdaForm(Ljava/lang/invoke/MemberName;Z)Ljava/lang/invoke/LambdaForm;+159 java.base@21.0.1
j  java.lang.invoke.DirectMethodHandle.make(BLjava/lang/Class;Ljava/lang/invoke/MemberName;Ljava/lang/Class;)Ljava/lang/invoke/DirectMethodHandle;+116 java.base@21.0.1
j  java.lang.invoke.MethodHandles$Lookup.getDirectMethodCommon(BLjava/lang/Class;Ljava/lang/invoke/MemberName;ZZLjava/lang/invoke/MethodHandles$Lookup;)Ljava/lang/invoke/MethodHandle;+220 java.base@21.0.1
j  java.lang.invoke.MethodHandles$Lookup.getDirectMethodNoSecurityManager(BLjava/lang/Class;Ljava/lang/invoke/MemberName;Ljava/lang/invoke/MethodHandles$Lookup;)Ljava/lang/invoke/MethodHandle;+14 java.base@21.0.1
j  java.lang.invoke.MethodHandles$Lookup.getDirectMethodForConstant(BLjava/lang/Class;Ljava/lang/invoke/MemberName;)Ljava/lang/invoke/MethodHandle;+31 java.base@21.0.1
j  java.lang.invoke.MethodHandles$Lookup.linkMethodHandleConstant(BLjava/lang/Class;Ljava/lang/String;Ljava/lang/Object;)Ljava/lang/invoke/MethodHandle;+153 java.base@21.0.1
j  java.lang.invoke.MethodHandleNatives.linkMethodHandleConstant(Ljava/lang/Class;ILjava/lang/Class;Ljava/lang/String;Ljava/lang/Object;)Ljava/lang/invoke/MethodHandle;+38 java.base@21.0.1
v  ~StubRoutines::call_stub 0x000001edf113100d
j  com.google.inject.internal.WeakKeySet.<init>(Ljava/lang/Object;)V+12
j  com.google.inject.internal.InjectorJitBindingData.<init>(Ljava/util/Optional;)V+57
j  com.google.inject.internal.InjectorShell$Builder.lock()Ljava/lang/Object;+15
j  com.google.inject.internal.InternalInjectorCreator.build()Lcom/google/inject/Injector;+21
j  com.google.inject.Guice.createInjector(Lcom/google/inject/Stage;Ljava/lang/Iterable;)Lcom/google/inject/Injector;+15
j  com.google.inject.Guice.createInjector(Ljava/lang/Iterable;)Lcom/google/inject/Injector;+4
j  com.google.inject.Guice.createInjector([Lcom/google/inject/Module;)Lcom/google/inject/Injector;+4
j  org.codehaus.plexus.DefaultPlexusContainer.addPlexusInjector(Ljava/util/List;[Lcom/google/inject/Module;)Lcom/google/inject/Injector;+88
j  org.codehaus.plexus.DefaultPlexusContainer.<init>(Lorg/codehaus/plexus/ContainerConfiguration;[Lcom/google/inject/Module;)V+406
j  org.apache.maven.cli.MavenCli.container(Lorg/apache/maven/cli/CliRequest;)Lorg/codehaus/plexus/PlexusContainer;+279
j  org.apache.maven.cli.MavenCli.doMain(Lorg/apache/maven/cli/CliRequest;)I+34
j  org.apache.maven.cli.MavenCli.main([Ljava/lang/String;Lorg/codehaus/plexus/classworlds/ClassWorld;)I+24
j  java.lang.invoke.DirectMethodHandle$Holder.invokeStatic(Ljava/lang/Object;Ljava/lang/Object;Ljava/lang/Object;)I+11 java.base@21.0.1
j  java.lang.invoke.LambdaForm$MH+0x000001ed81009400.invoke(Ljava/lang/Object;Ljava/lang/Object;Ljava/lang/Object;Ljava/lang/Object;)Ljava/lang/Object;+54 java.base@21.0.1
j  java.lang.invoke.LambdaForm$MH+0x000001ed81009800.invokeExact_MT(Ljava/lang/Object;Ljava/lang/Object;Ljava/lang/Object;Ljava/lang/Object;Ljava/lang/Object;)Ljava/lang/Object;+22 java.base@21.0.1
j  jdk.internal.reflect.DirectMethodHandleAccessor.invokeImpl(Ljava/lang/Object;[Ljava/lang/Object;)Ljava/lang/Object;+72 java.base@21.0.1
j  jdk.internal.reflect.DirectMethodHandleAccessor.invoke(Ljava/lang/Object;[Ljava/lang/Object;)Ljava/lang/Object;+23 java.base@21.0.1
j  java.lang.reflect.Method.invoke(Ljava/lang/Object;[Ljava/lang/Object;)Ljava/lang/Object;+102 java.base@21.0.1
j  org.codehaus.plexus.classworlds.launcher.Launcher.launchEnhanced([Ljava/lang/String;)V+45
j  org.codehaus.plexus.classworlds.launcher.Launcher.launch([Ljava/lang/String;)V+2
j  org.codehaus.plexus.classworlds.launcher.Launcher.mainWithExitCode([Ljava/lang/String;)I+108
j  org.codehaus.plexus.classworlds.launcher.Launcher.main([Ljava/lang/String;)V+1
v  ~StubRoutines::call_stub 0x000001edf113100d

---------------  P R O C E S S  ---------------

Threads class SMR info:
_java_thread_list=0x000001edfe887050, length=12, elements={
0x000001eddf69dc30, 0x000001edfe0f1250, 0x000001edfe0f2170, 0x000001edfe0f6c90,
0x000001edfe118990, 0x000001edfe119b90, 0x000001edfe11ad90, 0x000001edfe1217d0,
0x000001edfe123ed0, 0x000001edfe3c5b90, 0x000001edfe3d5a40, 0x000001edfe125a10
}

Java Threads: ( => current thread )
=>0x000001eddf69dc30 JavaThread "main"                              [_thread_in_vm, id=11444, stack(0x00000066ee800000,0x00000066ee900000) (1024K)]
  0x000001edfe0f1250 JavaThread "Reference Handler"          daemon [_thread_blocked, id=19744, stack(0x00000066ef000000,0x00000066ef100000) (1024K)]
  0x000001edfe0f2170 JavaThread "Finalizer"                  daemon [_thread_blocked, id=15912, stack(0x00000066ef100000,0x00000066ef200000) (1024K)]
  0x000001edfe0f6c90 JavaThread "Signal Dispatcher"          daemon [_thread_blocked, id=19856, stack(0x00000066ef200000,0x00000066ef300000) (1024K)]
  0x000001edfe118990 JavaThread "Attach Listener"            daemon [_thread_blocked, id=19624, stack(0x00000066ef300000,0x00000066ef400000) (1024K)]
  0x000001edfe119b90 JavaThread "Service Thread"             daemon [_thread_blocked, id=19416, stack(0x00000066ef400000,0x00000066ef500000) (1024K)]
  0x000001edfe11ad90 JavaThread "Monitor Deflation Thread"   daemon [_thread_blocked, id=20004, stack(0x00000066ef500000,0x00000066ef600000) (1024K)]
  0x000001edfe1217d0 JavaThread "C2 CompilerThread0"         daemon [_thread_blocked, id=8784, stack(0x00000066ef600000,0x00000066ef700000) (1024K)]
  0x000001edfe123ed0 JavaThread "C1 CompilerThread0"         daemon [_thread_blocked, id=10188, stack(0x00000066ef700000,0x00000066ef800000) (1024K)]
  0x000001edfe3c5b90 JavaThread "Notification Thread"        daemon [_thread_blocked, id=4196, stack(0x00000066ef800000,0x00000066ef900000) (1024K)]
  0x000001edfe3d5a40 JavaThread "Common-Cleaner"             daemon [_thread_blocked, id=4024, stack(0x00000066ef900000,0x00000066efa00000) (1024K)]
  0x000001edfe125a10 JavaThread "C2 CompilerThread1"         daemon [_thread_blocked, id=18292, stack(0x00000066efa00000,0x00000066efb00000) (1024K)]
Total: 12

Other Threads:
  0x000001edfe0d1cb0 VMThread "VM Thread"                           [id=15368, stack(0x00000066eef00000,0x00000066ef000000) (1024K)]
  0x000001edfe0b5250 WatcherThread "VM Periodic Task Thread"        [id=6980, stack(0x00000066eee00000,0x00000066eef00000) (1024K)]
  0x000001ede17fd880 WorkerThread "GC Thread#0"                     [id=2492, stack(0x00000066ee900000,0x00000066eea00000) (1024K)]
  0x000001ede180e690 ConcurrentGCThread "G1 Main Marker"            [id=18284, stack(0x00000066eea00000,0x00000066eeb00000) (1024K)]
  0x000001ede1810d60 WorkerThread "G1 Conc#0"                       [id=8904, stack(0x00000066eeb00000,0x00000066eec00000) (1024K)]
  0x000001ede186eaf0 ConcurrentGCThread "G1 Refine#0"               [id=17152, stack(0x00000066eec00000,0x00000066eed00000) (1024K)]
  0x000001edfdf76820 ConcurrentGCThread "G1 Service"                [id=13976, stack(0x00000066eed00000,0x00000066eee00000) (1024K)]
Total: 7

Threads with active compile tasks:
Total: 0

VM state: not at safepoint (normal execution)

VM Mutex/Monitor currently owned by a thread:  ([mutex/lock_event])
[0x00007ffa85998578] Metaspace_lock - owner thread: 0x000001eddf69dc30

Heap address: 0x0000000081c00000, size: 2020 MB, Compressed Oops mode: 32-bit

CDS archive(s) mapped at: [0x000001ed80000000-0x000001ed80c90000-0x000001ed80c90000), size 13172736, SharedBaseAddress: 0x000001ed80000000, ArchiveRelocationMode: 1.
Compressed class space mapped at: 0x000001ed81000000-0x000001edc1000000, reserved size: 1073741824
Narrow klass base: 0x000001ed80000000, Narrow klass shift: 0, Narrow klass range: 0x100000000

GC Precious Log:
 CardTable entry size: 512
 Card Set container configuration: InlinePtr #cards 5 size 8 Array Of Cards #cards 12 size 40 Howl #buckets 4 coarsen threshold 1843 Howl Bitmap #cards 512 size 80 coarsen threshold 460 Card regions per heap region 1 cards per card region 2048
 CPUs: 8 total, 8 available
 Memory: 8073M
 Large Page Support: Disabled
 NUMA Support: Disabled
 Compressed Oops: Enabled (32-bit)
 Heap Region Size: 1M
 Heap Min Capacity: 8M
 Heap Initial Capacity: 128M
 Heap Max Capacity: 2020M
 Pre-touch: Disabled
 Parallel Workers: 8
 Concurrent Workers: 2
 Concurrent Refinement Workers: 8
 Periodic GC: Disabled

Heap:
 garbage-first heap   total 131072K, used 12288K [0x0000000081c00000, 0x0000000100000000)
  region size 1024K, 14 young (14336K), 0 survivors (0K)
 Metaspace       used 3718K, committed 3904K, reserved 1114112K
  class space    used 391K, committed 512K, reserved 1048576K

Heap Regions: E=young(eden), S=young(survivor), O=old, HS=humongous(starts), HC=humongous(continues), CS=collection set, F=free, TAMS=top-at-mark-start, PB=parsable bottom
|   0|0x0000000081c00000, 0x0000000081c00000, 0x0000000081d00000|  0%| F|  |TAMS 0x0000000081c00000| PB 0x0000000081c00000| Untracked 
|   1|0x0000000081d00000, 0x0000000081d00000, 0x0000000081e00000|  0%| F|  |TAMS 0x0000000081d00000| PB 0x0000000081d00000| Untracked 
|   2|0x0000000081e00000, 0x0000000081e00000, 0x0000000081f00000|  0%| F|  |TAMS 0x0000000081e00000| PB 0x0000000081e00000| Untracked 
|   3|0x0000000081f00000, 0x0000000081f00000, 0x0000000082000000|  0%| F|  |TAMS 0x0000000081f00000| PB 0x0000000081f00000| Untracked 
|   4|0x0000000082000000, 0x0000000082000000, 0x0000000082100000|  0%| F|  |TAMS 0x0000000082000000| PB 0x0000000082000000| Untracked 
|   5|0x0000000082100000, 0x0000000082100000, 0x0000000082200000|  0%| F|  |TAMS 0x0000000082100000| PB 0x0000000082100000| Untracked 
|   6|0x0000000082200000, 0x0000000082200000, 0x0000000082300000|  0%| F|  |TAMS 0x0000000082200000| PB 0x0000000082200000| Untracked 
|   7|0x0000000082300000, 0x0000000082300000, 0x0000000082400000|  0%| F|  |TAMS 0x0000000082300000| PB 0x0000000082300000| Untracked 
|   8|0x0000000082400000, 0x0000000082400000, 0x0000000082500000|  0%| F|  |TAMS 0x0000000082400000| PB 0x0000000082400000| Untracked 
|   9|0x0000000082500000, 0x0000000082500000, 0x0000000082600000|  0%| F|  |TAMS 0x0000000082500000| PB 0x0000000082500000| Untracked 
|  10|0x0000000082600000, 0x0000000082600000, 0x0000000082700000|  0%| F|  |TAMS 0x0000000082600000| PB 0x0000000082600000| Untracked 
|  11|0x0000000082700000, 0x0000000082700000, 0x0000000082800000|  0%| F|  |TAMS 0x0000000082700000| PB 0x0000000082700000| Untracked 
|  12|0x0000000082800000, 0x0000000082800000, 0x0000000082900000|  0%| F|  |TAMS 0x0000000082800000| PB 0x0000000082800000| Untracked 
|  13|0x0000000082900000, 0x0000000082900000, 0x0000000082a00000|  0%| F|  |TAMS 0x0000000082900000| PB 0x0000000082900000| Untracked 
|  14|0x0000000082a00000, 0x0000000082a00000, 0x0000000082b00000|  0%| F|  |TAMS 0x0000000082a00000| PB 0x0000000082a00000| Untracked 
|  15|0x0000000082b00000, 0x0000000082b00000, 0x0000000082c00000|  0%| F|  |TAMS 0x0000000082b00000| PB 0x0000000082b00000| Untracked 
|  16|0x0000000082c00000, 0x0000000082c00000, 0x0000000082d00000|  0%| F|  |TAMS 0x0000000082c00000| PB 0x0000000082c00000| Untracked 
|  17|0x0000000082d00000, 0x0000000082d00000, 0x0000000082e00000|  0%| F|  |TAMS 0x0000000082d00000| PB 0x0000000082d00000| Untracked 
|  18|0x0000000082e00000, 0x0000000082e00000, 0x0000000082f00000|  0%| F|  |TAMS 0x0000000082e00000| PB 0x0000000082e00000| Untracked 
|  19|0x0000000082f00000, 0x0000000082f00000, 0x0000000083000000|  0%| F|  |TAMS 0x0000000082f00000| PB 0x0000000082f00000| Untracked 
|  20|0x0000000083000000, 0x0000000083000000, 0x0000000083100000|  0%| F|  |TAMS 0x0000000083000000| PB 0x0000000083000000| Untracked 
|  21|0x0000000083100000, 0x0000000083100000, 0x0000000083200000|  0%| F|  |TAMS 0x0000000083100000| PB 0x0000000083100000| Untracked 
|  22|0x0000000083200000, 0x0000000083200000, 0x0000000083300000|  0%| F|  |TAMS 0x0000000083200000| PB 0x0000000083200000| Untracked 
|  23|0x0000000083300000, 0x0000000083300000, 0x0000000083400000|  0%| F|  |TAMS 0x0000000083300000| PB 0x0000000083300000| Untracked 
|  24|0x0000000083400000, 0x0000000083400000, 0x0000000083500000|  0%| F|  |TAMS 0x0000000083400000| PB 0x0000000083400000| Untracked 
|  25|0x0000000083500000, 0x0000000083500000, 0x0000000083600000|  0%| F|  |TAMS 0x0000000083500000| PB 0x0000000083500000| Untracked 
|  26|0x0000000083600000, 0x0000000083600000, 0x0000000083700000|  0%| F|  |TAMS 0x0000000083600000| PB 0x0000000083600000| Untracked 
|  27|0x0000000083700000, 0x0000000083700000, 0x0000000083800000|  0%| F|  |TAMS 0x0000000083700000| PB 0x0000000083700000| Untracked 
|  28|0x0000000083800000, 0x0000000083800000, 0x0000000083900000|  0%| F|  |TAMS 0x0000000083800000| PB 0x0000000083800000| Untracked 
|  29|0x0000000083900000, 0x0000000083900000, 0x0000000083a00000|  0%| F|  |TAMS 0x0000000083900000| PB 0x0000000083900000| Untracked 
|  30|0x0000000083a00000, 0x0000000083a00000, 0x0000000083b00000|  0%| F|  |TAMS 0x0000000083a00000| PB 0x0000000083a00000| Untracked 
|  31|0x0000000083b00000, 0x0000000083b00000, 0x0000000083c00000|  0%| F|  |TAMS 0x0000000083b00000| PB 0x0000000083b00000| Untracked 
|  32|0x0000000083c00000, 0x0000000083c00000, 0x0000000083d00000|  0%| F|  |TAMS 0x0000000083c00000| PB 0x0000000083c00000| Untracked 
|  33|0x0000000083d00000, 0x0000000083d00000, 0x0000000083e00000|  0%| F|  |TAMS 0x0000000083d00000| PB 0x0000000083d00000| Untracked 
|  34|0x0000000083e00000, 0x0000000083e00000, 0x0000000083f00000|  0%| F|  |TAMS 0x0000000083e00000| PB 0x0000000083e00000| Untracked 
|  35|0x0000000083f00000, 0x0000000083f00000, 0x0000000084000000|  0%| F|  |TAMS 0x0000000083f00000| PB 0x0000000083f00000| Untracked 
|  36|0x0000000084000000, 0x0000000084000000, 0x0000000084100000|  0%| F|  |TAMS 0x0000000084000000| PB 0x0000000084000000| Untracked 
|  37|0x0000000084100000, 0x0000000084100000, 0x0000000084200000|  0%| F|  |TAMS 0x0000000084100000| PB 0x0000000084100000| Untracked 
|  38|0x0000000084200000, 0x0000000084200000, 0x0000000084300000|  0%| F|  |TAMS 0x0000000084200000| PB 0x0000000084200000| Untracked 
|  39|0x0000000084300000, 0x0000000084300000, 0x0000000084400000|  0%| F|  |TAMS 0x0000000084300000| PB 0x0000000084300000| Untracked 
|  40|0x0000000084400000, 0x0000000084400000, 0x0000000084500000|  0%| F|  |TAMS 0x0000000084400000| PB 0x0000000084400000| Untracked 
|  41|0x0000000084500000, 0x0000000084500000, 0x0000000084600000|  0%| F|  |TAMS 0x0000000084500000| PB 0x0000000084500000| Untracked 
|  42|0x0000000084600000, 0x0000000084600000, 0x0000000084700000|  0%| F|  |TAMS 0x0000000084600000| PB 0x0000000084600000| Untracked 
|  43|0x0000000084700000, 0x0000000084700000, 0x0000000084800000|  0%| F|  |TAMS 0x0000000084700000| PB 0x0000000084700000| Untracked 
|  44|0x0000000084800000, 0x0000000084800000, 0x0000000084900000|  0%| F|  |TAMS 0x0000000084800000| PB 0x0000000084800000| Untracked 
|  45|0x0000000084900000, 0x0000000084900000, 0x0000000084a00000|  0%| F|  |TAMS 0x0000000084900000| PB 0x0000000084900000| Untracked 
|  46|0x0000000084a00000, 0x0000000084a00000, 0x0000000084b00000|  0%| F|  |TAMS 0x0000000084a00000| PB 0x0000000084a00000| Untracked 
|  47|0x0000000084b00000, 0x0000000084b00000, 0x0000000084c00000|  0%| F|  |TAMS 0x0000000084b00000| PB 0x0000000084b00000| Untracked 
|  48|0x0000000084c00000, 0x0000000084c00000, 0x0000000084d00000|  0%| F|  |TAMS 0x0000000084c00000| PB 0x0000000084c00000| Untracked 
|  49|0x0000000084d00000, 0x0000000084d00000, 0x0000000084e00000|  0%| F|  |TAMS 0x0000000084d00000| PB 0x0000000084d00000| Untracked 
|  50|0x0000000084e00000, 0x0000000084e00000, 0x0000000084f00000|  0%| F|  |TAMS 0x0000000084e00000| PB 0x0000000084e00000| Untracked 
|  51|0x0000000084f00000, 0x0000000084f00000, 0x0000000085000000|  0%| F|  |TAMS 0x0000000084f00000| PB 0x0000000084f00000| Untracked 
|  52|0x0000000085000000, 0x0000000085000000, 0x0000000085100000|  0%| F|  |TAMS 0x0000000085000000| PB 0x0000000085000000| Untracked 
|  53|0x0000000085100000, 0x0000000085100000, 0x0000000085200000|  0%| F|  |TAMS 0x0000000085100000| PB 0x0000000085100000| Untracked 
|  54|0x0000000085200000, 0x0000000085200000, 0x0000000085300000|  0%| F|  |TAMS 0x0000000085200000| PB 0x0000000085200000| Untracked 
|  55|0x0000000085300000, 0x0000000085300000, 0x0000000085400000|  0%| F|  |TAMS 0x0000000085300000| PB 0x0000000085300000| Untracked 
|  56|0x0000000085400000, 0x0000000085400000, 0x0000000085500000|  0%| F|  |TAMS 0x0000000085400000| PB 0x0000000085400000| Untracked 
|  57|0x0000000085500000, 0x0000000085500000, 0x0000000085600000|  0%| F|  |TAMS 0x0000000085500000| PB 0x0000000085500000| Untracked 
|  58|0x0000000085600000, 0x0000000085600000, 0x0000000085700000|  0%| F|  |TAMS 0x0000000085600000| PB 0x0000000085600000| Untracked 
|  59|0x0000000085700000, 0x0000000085700000, 0x0000000085800000|  0%| F|  |TAMS 0x0000000085700000| PB 0x0000000085700000| Untracked 
|  60|0x0000000085800000, 0x0000000085800000, 0x0000000085900000|  0%| F|  |TAMS 0x0000000085800000| PB 0x0000000085800000| Untracked 
|  61|0x0000000085900000, 0x0000000085900000, 0x0000000085a00000|  0%| F|  |TAMS 0x0000000085900000| PB 0x0000000085900000| Untracked 
|  62|0x0000000085a00000, 0x0000000085a00000, 0x0000000085b00000|  0%| F|  |TAMS 0x0000000085a00000| PB 0x0000000085a00000| Untracked 
|  63|0x0000000085b00000, 0x0000000085b00000, 0x0000000085c00000|  0%| F|  |TAMS 0x0000000085b00000| PB 0x0000000085b00000| Untracked 
|  64|0x0000000085c00000, 0x0000000085c00000, 0x0000000085d00000|  0%| F|  |TAMS 0x0000000085c00000| PB 0x0000000085c00000| Untracked 
|  65|0x0000000085d00000, 0x0000000085d00000, 0x0000000085e00000|  0%| F|  |TAMS 0x0000000085d00000| PB 0x0000000085d00000| Untracked 
|  66|0x0000000085e00000, 0x0000000085e00000, 0x0000000085f00000|  0%| F|  |TAMS 0x0000000085e00000| PB 0x0000000085e00000| Untracked 
|  67|0x0000000085f00000, 0x0000000085f00000, 0x0000000086000000|  0%| F|  |TAMS 0x0000000085f00000| PB 0x0000000085f00000| Untracked 
|  68|0x0000000086000000, 0x0000000086000000, 0x0000000086100000|  0%| F|  |TAMS 0x0000000086000000| PB 0x0000000086000000| Untracked 
|  69|0x0000000086100000, 0x0000000086100000, 0x0000000086200000|  0%| F|  |TAMS 0x0000000086100000| PB 0x0000000086100000| Untracked 
|  70|0x0000000086200000, 0x0000000086200000, 0x0000000086300000|  0%| F|  |TAMS 0x0000000086200000| PB 0x0000000086200000| Untracked 
|  71|0x0000000086300000, 0x0000000086300000, 0x0000000086400000|  0%| F|  |TAMS 0x0000000086300000| PB 0x0000000086300000| Untracked 
|  72|0x0000000086400000, 0x0000000086400000, 0x0000000086500000|  0%| F|  |TAMS 0x0000000086400000| PB 0x0000000086400000| Untracked 
|  73|0x0000000086500000, 0x0000000086500000, 0x0000000086600000|  0%| F|  |TAMS 0x0000000086500000| PB 0x0000000086500000| Untracked 
|  74|0x0000000086600000, 0x0000000086600000, 0x0000000086700000|  0%| F|  |TAMS 0x0000000086600000| PB 0x0000000086600000| Untracked 
|  75|0x0000000086700000, 0x0000000086700000, 0x0000000086800000|  0%| F|  |TAMS 0x0000000086700000| PB 0x0000000086700000| Untracked 
|  76|0x0000000086800000, 0x0000000086800000, 0x0000000086900000|  0%| F|  |TAMS 0x0000000086800000| PB 0x0000000086800000| Untracked 
|  77|0x0000000086900000, 0x0000000086900000, 0x0000000086a00000|  0%| F|  |TAMS 0x0000000086900000| PB 0x0000000086900000| Untracked 
|  78|0x0000000086a00000, 0x0000000086a00000, 0x0000000086b00000|  0%| F|  |TAMS 0x0000000086a00000| PB 0x0000000086a00000| Untracked 
|  79|0x0000000086b00000, 0x0000000086b00000, 0x0000000086c00000|  0%| F|  |TAMS 0x0000000086b00000| PB 0x0000000086b00000| Untracked 
|  80|0x0000000086c00000, 0x0000000086c00000, 0x0000000086d00000|  0%| F|  |TAMS 0x0000000086c00000| PB 0x0000000086c00000| Untracked 
|  81|0x0000000086d00000, 0x0000000086d00000, 0x0000000086e00000|  0%| F|  |TAMS 0x0000000086d00000| PB 0x0000000086d00000| Untracked 
|  82|0x0000000086e00000, 0x0000000086e00000, 0x0000000086f00000|  0%| F|  |TAMS 0x0000000086e00000| PB 0x0000000086e00000| Untracked 
|  83|0x0000000086f00000, 0x0000000086f00000, 0x0000000087000000|  0%| F|  |TAMS 0x0000000086f00000| PB 0x0000000086f00000| Untracked 
|  84|0x0000000087000000, 0x0000000087000000, 0x0000000087100000|  0%| F|  |TAMS 0x0000000087000000| PB 0x0000000087000000| Untracked 
|  85|0x0000000087100000, 0x0000000087100000, 0x0000000087200000|  0%| F|  |TAMS 0x0000000087100000| PB 0x0000000087100000| Untracked 
|  86|0x0000000087200000, 0x0000000087200000, 0x0000000087300000|  0%| F|  |TAMS 0x0000000087200000| PB 0x0000000087200000| Untracked 
|  87|0x0000000087300000, 0x0000000087300000, 0x0000000087400000|  0%| F|  |TAMS 0x0000000087300000| PB 0x0000000087300000| Untracked 
|  88|0x0000000087400000, 0x0000000087400000, 0x0000000087500000|  0%| F|  |TAMS 0x0000000087400000| PB 0x0000000087400000| Untracked 
|  89|0x0000000087500000, 0x0000000087500000, 0x0000000087600000|  0%| F|  |TAMS 0x0000000087500000| PB 0x0000000087500000| Untracked 
|  90|0x0000000087600000, 0x0000000087600000, 0x0000000087700000|  0%| F|  |TAMS 0x0000000087600000| PB 0x0000000087600000| Untracked 
|  91|0x0000000087700000, 0x0000000087700000, 0x0000000087800000|  0%| F|  |TAMS 0x0000000087700000| PB 0x0000000087700000| Untracked 
|  92|0x0000000087800000, 0x0000000087800000, 0x0000000087900000|  0%| F|  |TAMS 0x0000000087800000| PB 0x0000000087800000| Untracked 
|  93|0x0000000087900000, 0x0000000087900000, 0x0000000087a00000|  0%| F|  |TAMS 0x0000000087900000| PB 0x0000000087900000| Untracked 
|  94|0x0000000087a00000, 0x0000000087a00000, 0x0000000087b00000|  0%| F|  |TAMS 0x0000000087a00000| PB 0x0000000087a00000| Untracked 
|  95|0x0000000087b00000, 0x0000000087b00000, 0x0000000087c00000|  0%| F|  |TAMS 0x0000000087b00000| PB 0x0000000087b00000| Untracked 
|  96|0x0000000087c00000, 0x0000000087c00000, 0x0000000087d00000|  0%| F|  |TAMS 0x0000000087c00000| PB 0x0000000087c00000| Untracked 
|  97|0x0000000087d00000, 0x0000000087d00000, 0x0000000087e00000|  0%| F|  |TAMS 0x0000000087d00000| PB 0x0000000087d00000| Untracked 
|  98|0x0000000087e00000, 0x0000000087e00000, 0x0000000087f00000|  0%| F|  |TAMS 0x0000000087e00000| PB 0x0000000087e00000| Untracked 
|  99|0x0000000087f00000, 0x0000000087f00000, 0x0000000088000000|  0%| F|  |TAMS 0x0000000087f00000| PB 0x0000000087f00000| Untracked 
| 100|0x0000000088000000, 0x0000000088000000, 0x0000000088100000|  0%| F|  |TAMS 0x0000000088000000| PB 0x0000000088000000| Untracked 
| 101|0x0000000088100000, 0x0000000088100000, 0x0000000088200000|  0%| F|  |TAMS 0x0000000088100000| PB 0x0000000088100000| Untracked 
| 102|0x0000000088200000, 0x0000000088200000, 0x0000000088300000|  0%| F|  |TAMS 0x0000000088200000| PB 0x0000000088200000| Untracked 
| 103|0x0000000088300000, 0x0000000088300000, 0x0000000088400000|  0%| F|  |TAMS 0x0000000088300000| PB 0x0000000088300000| Untracked 
| 104|0x0000000088400000, 0x0000000088400000, 0x0000000088500000|  0%| F|  |TAMS 0x0000000088400000| PB 0x0000000088400000| Untracked 
| 105|0x0000000088500000, 0x0000000088500000, 0x0000000088600000|  0%| F|  |TAMS 0x0000000088500000| PB 0x0000000088500000| Untracked 
| 106|0x0000000088600000, 0x0000000088600000, 0x0000000088700000|  0%| F|  |TAMS 0x0000000088600000| PB 0x0000000088600000| Untracked 
| 107|0x0000000088700000, 0x0000000088700000, 0x0000000088800000|  0%| F|  |TAMS 0x0000000088700000| PB 0x0000000088700000| Untracked 
| 108|0x0000000088800000, 0x0000000088800000, 0x0000000088900000|  0%| F|  |TAMS 0x0000000088800000| PB 0x0000000088800000| Untracked 
| 109|0x0000000088900000, 0x0000000088900000, 0x0000000088a00000|  0%| F|  |TAMS 0x0000000088900000| PB 0x0000000088900000| Untracked 
| 110|0x0000000088a00000, 0x0000000088a00000, 0x0000000088b00000|  0%| F|  |TAMS 0x0000000088a00000| PB 0x0000000088a00000| Untracked 
| 111|0x0000000088b00000, 0x0000000088b00000, 0x0000000088c00000|  0%| F|  |TAMS 0x0000000088b00000| PB 0x0000000088b00000| Untracked 
| 112|0x0000000088c00000, 0x0000000088c00000, 0x0000000088d00000|  0%| F|  |TAMS 0x0000000088c00000| PB 0x0000000088c00000| Untracked 
| 113|0x0000000088d00000, 0x0000000088d00000, 0x0000000088e00000|  0%| F|  |TAMS 0x0000000088d00000| PB 0x0000000088d00000| Untracked 
| 114|0x0000000088e00000, 0x0000000088eed540, 0x0000000088f00000| 92%| E|  |TAMS 0x0000000088e00000| PB 0x0000000088e00000| Complete 
| 115|0x0000000088f00000, 0x0000000089000000, 0x0000000089000000|100%| E|CS|TAMS 0x0000000088f00000| PB 0x0000000088f00000| Complete 
| 116|0x0000000089000000, 0x0000000089100000, 0x0000000089100000|100%| E|CS|TAMS 0x0000000089000000| PB 0x0000000089000000| Complete 
| 117|0x0000000089100000, 0x0000000089200000, 0x0000000089200000|100%| E|CS|TAMS 0x0000000089100000| PB 0x0000000089100000| Complete 
| 118|0x0000000089200000, 0x0000000089300000, 0x0000000089300000|100%| E|CS|TAMS 0x0000000089200000| PB 0x0000000089200000| Complete 
| 119|0x0000000089300000, 0x0000000089400000, 0x0000000089400000|100%| E|CS|TAMS 0x0000000089300000| PB 0x0000000089300000| Complete 
| 120|0x0000000089400000, 0x0000000089500000, 0x0000000089500000|100%| E|  |TAMS 0x0000000089400000| PB 0x0000000089400000| Complete 
| 121|0x0000000089500000, 0x0000000089600000, 0x0000000089600000|100%| E|CS|TAMS 0x0000000089500000| PB 0x0000000089500000| Complete 
| 122|0x0000000089600000, 0x0000000089700000, 0x0000000089700000|100%| E|CS|TAMS 0x0000000089600000| PB 0x0000000089600000| Complete 
| 123|0x0000000089700000, 0x0000000089800000, 0x0000000089800000|100%| E|CS|TAMS 0x0000000089700000| PB 0x0000000089700000| Complete 
| 124|0x0000000089800000, 0x0000000089900000, 0x0000000089900000|100%| E|CS|TAMS 0x0000000089800000| PB 0x0000000089800000| Complete 
| 125|0x0000000089900000, 0x0000000089a00000, 0x0000000089a00000|100%| E|CS|TAMS 0x0000000089900000| PB 0x0000000089900000| Complete 
| 126|0x0000000089a00000, 0x0000000089b00000, 0x0000000089b00000|100%| E|CS|TAMS 0x0000000089a00000| PB 0x0000000089a00000| Complete 
| 127|0x0000000089b00000, 0x0000000089c00000, 0x0000000089c00000|100%| E|CS|TAMS 0x0000000089b00000| PB 0x0000000089b00000| Complete 

Card table byte_map: [0x000001edf9330000,0x000001edf9730000] _byte_map_base: 0x000001edf8f22000

Marking Bits: (CMBitMap*) 0x000001ede17fdf80
 Bits: [0x000001edf9730000, 0x000001edfb6c0000)

Polling page: 0x000001eddf920000

Metaspace:

Usage:
  Non-class:      3.25 MB used.
      Class:    391.51 KB used.
       Both:      3.63 MB used.

Virtual space:
  Non-class space:       64.00 MB reserved,       3.31 MB (  5%) committed,  1 nodes.
      Class space:        1.00 GB reserved,     512.00 KB ( <1%) committed,  1 nodes.
             Both:        1.06 GB reserved,       3.81 MB ( <1%) committed. 

Chunk freelists:
   Non-Class:  10.19 MB
       Class:  15.47 MB
        Both:  25.66 MB

MaxMetaspaceSize: unlimited
CompressedClassSpaceSize: 1.00 GB
Initial GC threshold: 21.00 MB
Current GC threshold: 21.00 MB
CDS: on
 - commit_granule_bytes: 65536.
 - commit_granule_words: 8192.
 - virtual_space_node_default_size: 8388608.
 - enlarge_chunks_in_place: 1.
 - use_allocation_guard: 0.


Internal statistics:

num_allocs_failed_limit: 0.
num_arena_births: 42.
num_arena_deaths: 0.
num_vsnodes_births: 2.
num_vsnodes_deaths: 0.
num_space_committed: 61.
num_space_uncommitted: 0.
num_chunks_returned_to_freelist: 0.
num_chunks_taken_from_freelist: 139.
num_chunk_merges: 0.
num_chunk_splits: 93.
num_chunks_enlarged: 76.
num_inconsistent_stats: 0.

CodeHeap 'non-profiled nmethods': size=120000Kb used=268Kb max_used=268Kb free=119731Kb
 bounds [0x000001edf16d0000, 0x000001edf1940000, 0x000001edf8c00000]
CodeHeap 'profiled nmethods': size=120000Kb used=1550Kb max_used=1550Kb free=118449Kb
 bounds [0x000001ede9c00000, 0x000001ede9e70000, 0x000001edf1130000]
CodeHeap 'non-nmethods': size=5760Kb used=1344Kb max_used=1358Kb free=4415Kb
 bounds [0x000001edf1130000, 0x000001edf13a0000, 0x000001edf16d0000]
 total_blobs=1270 nmethods=818 adapters=357
 compilation: enabled
              stopped_count=0, restarted_count=0
 full_count=0

Compilation events (20 events):
Event: 0.845 Thread 0x000001edfe1217d0  807   !   4       jdk.internal.loader.URLClassPath$JarLoader::getResource (40 bytes)
Event: 0.847 Thread 0x000001edfe125a10 nmethod 806 0x000001edf1711010 code [0x000001edf17111e0, 0x000001edf17113a0]
Event: 0.856 Thread 0x000001edfe1217d0 nmethod 807 0x000001edf1711510 code [0x000001edf1711720, 0x000001edf1711b20]
Event: 0.862 Thread 0x000001edfe1217d0  809       4       jdk.internal.util.ArraysSupport::mismatch (103 bytes)
Event: 0.868 Thread 0x000001edfe1217d0 nmethod 809 0x000001edf1712510 code [0x000001edf17126a0, 0x000001edf1712928]
Event: 0.874 Thread 0x000001edfe123ed0  810       3       java.lang.Module::isNamed (13 bytes)
Event: 0.874 Thread 0x000001edfe123ed0 nmethod 810 0x000001ede9d7c090 code [0x000001ede9d7c220, 0x000001ede9d7c390]
Event: 0.876 Thread 0x000001edfe123ed0  811       3       java.util.zip.ZipEntry::<init> (84 bytes)
Event: 0.877 Thread 0x000001edfe123ed0 nmethod 811 0x000001ede9d7c410 code [0x000001ede9d7c600, 0x000001ede9d7cb98]
Event: 0.886 Thread 0x000001edfe123ed0  812       3       sun.net.www.protocol.jar.Handler::checkNestedProtocol (18 bytes)
Event: 0.886 Thread 0x000001edfe123ed0 nmethod 812 0x000001ede9d7cd90 code [0x000001ede9d7cf40, 0x000001ede9d7d120]
Event: 0.886 Thread 0x000001edfe123ed0  813       3       sun.net.www.protocol.jar.Handler::indexOfBangSlash (52 bytes)
Event: 0.886 Thread 0x000001edfe125a10  815       4       java.util.concurrent.ConcurrentHashMap::addCount (280 bytes)
Event: 0.888 Thread 0x000001edfe123ed0 nmethod 813 0x000001ede9d7d210 code [0x000001ede9d7d480, 0x000001ede9d7df88]
Event: 0.888 Thread 0x000001edfe123ed0  814       3       java.net.URLStreamHandler::setURL (159 bytes)
Event: 0.891 Thread 0x000001edfe123ed0 nmethod 814 0x000001ede9d7e390 code [0x000001ede9d7e720, 0x000001ede9d7fc18]
Event: 0.891 Thread 0x000001edfe125a10 nmethod 815 0x000001edf1712b10 code [0x000001edf1712cc0, 0x000001edf1712f08]
Event: 0.892 Thread 0x000001edfe123ed0  816       3       java.net.URL::toString (5 bytes)
Event: 0.892 Thread 0x000001edfe123ed0 nmethod 816 0x000001ede9d80510 code [0x000001ede9d806c0, 0x000001ede9d808f8]
Event: 0.892 Thread 0x000001edfe123ed0  818       3       java.lang.invoke.LambdaForm::argument (27 bytes)

GC Heap History (0 events):
No events

Dll operation events (8 events):
Event: 0.012 Loaded shared library C:\Program Files\Java\jdk-21\bin\java.dll
Event: 0.078 Loaded shared library C:\Program Files\Java\jdk-21\bin\jsvml.dll
Event: 0.119 Loaded shared library C:\Program Files\Java\jdk-21\bin\net.dll
Event: 0.123 Loaded shared library C:\Program Files\Java\jdk-21\bin\nio.dll
Event: 0.129 Loaded shared library C:\Program Files\Java\jdk-21\bin\zip.dll
Event: 0.383 Loaded shared library C:\Program Files\Java\jdk-21\bin\jimage.dll
Event: 0.384 Loaded shared library C:\Users\HP\Downloads\mavenew\apache-maven-3.9.9\lib\jansi-native\Windows\x86_64\jansi.dll
Event: 0.410 Loaded shared library C:\Program Files\Java\jdk-21\bin\verify.dll

Deoptimization events (20 events):
Event: 0.450 Thread 0x000001eddf69dc30 DEOPT PACKING pc=0x000001ede9c55ae7 sp=0x00000066ee8fdc10
Event: 0.450 Thread 0x000001eddf69dc30 DEOPT UNPACKING pc=0x000001edf1184e42 sp=0x00000066ee8fd098 mode 0
Event: 0.667 Thread 0x000001eddf69dc30 Uncommon trap: trap_request=0xffffff45 fr.pc=0x000001edf17009bc relative=0x000000000000077c
Event: 0.667 Thread 0x000001eddf69dc30 Uncommon trap: reason=unstable_if action=reinterpret pc=0x000001edf17009bc method=java.util.regex.Matcher.search(I)Z @ 30 c2
Event: 0.667 Thread 0x000001eddf69dc30 DEOPT PACKING pc=0x000001edf17009bc sp=0x00000066ee8fdeb0
Event: 0.667 Thread 0x000001eddf69dc30 DEOPT UNPACKING pc=0x000001edf11846a2 sp=0x00000066ee8fde90 mode 2
Event: 0.674 Thread 0x000001eddf69dc30 Uncommon trap: trap_request=0xffffff45 fr.pc=0x000001edf16e0d68 relative=0x0000000000000508
Event: 0.674 Thread 0x000001eddf69dc30 Uncommon trap: reason=unstable_if action=reinterpret pc=0x000001edf16e0d68 method=java.lang.StringLatin1.canEncode(I)Z @ 4 c2
Event: 0.674 Thread 0x000001eddf69dc30 DEOPT PACKING pc=0x000001edf16e0d68 sp=0x00000066ee8fe4e0
Event: 0.674 Thread 0x000001eddf69dc30 DEOPT UNPACKING pc=0x000001edf11846a2 sp=0x00000066ee8fe418 mode 2
Event: 0.674 Thread 0x000001eddf69dc30 Uncommon trap: trap_request=0xffffff45 fr.pc=0x000001edf16e18d8 relative=0x00000000000004f8
Event: 0.674 Thread 0x000001eddf69dc30 Uncommon trap: reason=unstable_if action=reinterpret pc=0x000001edf16e18d8 method=java.lang.AbstractStringBuilder.isLatin1()Z @ 10 c2
Event: 0.674 Thread 0x000001eddf69dc30 DEOPT PACKING pc=0x000001edf16e18d8 sp=0x00000066ee8fe500
Event: 0.674 Thread 0x000001eddf69dc30 DEOPT UNPACKING pc=0x000001edf11846a2 sp=0x00000066ee8fe490 mode 2
Event: 0.681 Thread 0x000001eddf69dc30 Uncommon trap: trap_request=0xffffff45 fr.pc=0x000001edf16dcd68 relative=0x0000000000000048
Event: 0.681 Thread 0x000001eddf69dc30 Uncommon trap: reason=unstable_if action=reinterpret pc=0x000001edf16dcd68 method=java.lang.StringLatin1.canEncode(I)Z @ 4 c2
Event: 0.681 Thread 0x000001eddf69dc30 DEOPT PACKING pc=0x000001edf16dcd68 sp=0x00000066ee8fe490
Event: 0.682 Thread 0x000001eddf69dc30 DEOPT UNPACKING pc=0x000001edf11846a2 sp=0x00000066ee8fe420 mode 2
Event: 0.760 Thread 0x000001eddf69dc30 DEOPT PACKING pc=0x000001ede9c6ca95 sp=0x00000066ee8fcd90
Event: 0.760 Thread 0x000001eddf69dc30 DEOPT UNPACKING pc=0x000001edf1184e42 sp=0x00000066ee8fc1e0 mode 0

Classes loaded (20 events):
Event: 0.602 Loading class java/text/ParseException
Event: 0.603 Loading class java/text/ParseException done
Event: 0.625 Loading class jdk/internal/module/ModulePatcher$PatchedModuleReader
Event: 0.625 Loading class jdk/internal/module/ModulePatcher$PatchedModuleReader done
Event: 0.626 Loading class sun/net/www/protocol/jrt/Handler
Event: 0.626 Loading class sun/net/www/protocol/jrt/Handler done
Event: 0.671 Loading class sun/text/resources/cldr/FormatData_en
Event: 0.671 Loading class sun/text/resources/cldr/FormatData_en done
Event: 0.672 Loading class sun/text/resources/cldr/FormatData_en_US
Event: 0.672 Loading class sun/text/resources/cldr/FormatData_en_US done
Event: 0.767 Loading class java/io/FilterReader
Event: 0.767 Loading class java/io/FilterReader done
Event: 0.818 Loading class java/io/InvalidObjectException
Event: 0.818 Loading class java/io/ObjectStreamException
Event: 0.818 Loading class java/io/ObjectStreamException done
Event: 0.818 Loading class java/io/InvalidObjectException done
Event: 0.830 Loading class java/util/NoSuchElementException
Event: 0.830 Loading class java/util/NoSuchElementException done
Event: 0.872 Loading class java/util/Arrays$ArrayItr
Event: 0.872 Loading class java/util/Arrays$ArrayItr done

Classes unloaded (0 events):
No events

Classes redefined (0 events):
No events

Internal exceptions (20 events):
Event: 0.200 Thread 0x000001eddf69dc30 Exception <a 'java/lang/NoSuchMethodError'{0x0000000089911038}: 'int java.lang.invoke.DirectMethodHandle$Holder.invokeSpecial(java.lang.Object, java.lang.Object, java.lang.Object)'> (0x0000000089911038) 
thrown [s\open\src\hotspot\share\interpreter\linkResolver.cpp, line 773]
Event: 0.349 Thread 0x000001eddf69dc30 Exception <a 'java/lang/NoSuchMethodError'{0x00000000897401b8}: 'java.lang.Object java.lang.invoke.Invokers$Holder.invokeExact_MT(java.lang.Object, java.lang.Object, java.lang.Object, java.lang.Object, java.lang.Object)'> (0x00000000897401b8) 
thrown [s\open\src\hotspot\share\interpreter\linkResolver.cpp, line 773]
Event: 0.373 Thread 0x000001eddf69dc30 Exception <a 'java/lang/NullPointerException'{0x0000000089612de0}> (0x0000000089612de0) 
thrown [s\open\src\hotspot\share\interpreter\linkResolver.cpp, line 1372]
Event: 0.387 Thread 0x000001eddf69dc30 Exception <a 'java/lang/NullPointerException'{0x000000008962fa90}> (0x000000008962fa90) 
thrown [s\open\src\hotspot\share\interpreter\linkResolver.cpp, line 1372]
Event: 0.387 Thread 0x000001eddf69dc30 Exception <a 'java/lang/NullPointerException'{0x000000008962fd70}> (0x000000008962fd70) 
thrown [s\open\src\hotspot\share\interpreter\linkResolver.cpp, line 1372]
Event: 0.387 Thread 0x000001eddf69dc30 Exception <a 'java/lang/NullPointerException'{0x0000000089630050}> (0x0000000089630050) 
thrown [s\open\src\hotspot\share\interpreter\linkResolver.cpp, line 1372]
Event: 0.389 Thread 0x000001eddf69dc30 Exception <a 'java/lang/NullPointerException'{0x0000000089635538}> (0x0000000089635538) 
thrown [s\open\src\hotspot\share\interpreter\linkResolver.cpp, line 1372]
Event: 0.393 Thread 0x000001eddf69dc30 Exception <a 'java/lang/NullPointerException'{0x0000000089648f28}> (0x0000000089648f28) 
thrown [s\open\src\hotspot\share\interpreter\linkResolver.cpp, line 1372]
Event: 0.393 Thread 0x000001eddf69dc30 Exception <a 'java/lang/NullPointerException'{0x0000000089649208}> (0x0000000089649208) 
thrown [s\open\src\hotspot\share\interpreter\linkResolver.cpp, line 1372]
Event: 0.393 Thread 0x000001eddf69dc30 Exception <a 'java/lang/NullPointerException'{0x00000000896494e8}> (0x00000000896494e8) 
thrown [s\open\src\hotspot\share\interpreter\linkResolver.cpp, line 1372]
Event: 0.393 Thread 0x000001eddf69dc30 Exception <a 'java/lang/NullPointerException'{0x00000000896497c8}> (0x00000000896497c8) 
thrown [s\open\src\hotspot\share\interpreter\linkResolver.cpp, line 1372]
Event: 0.403 Thread 0x000001eddf69dc30 Exception <a 'sun/nio/fs/WindowsException'{0x0000000089673b60}> (0x0000000089673b60) 
thrown [s\open\src\hotspot\share\prims\jni.cpp, line 520]
Event: 0.404 Thread 0x000001eddf69dc30 Exception <a 'sun/nio/fs/WindowsException'{0x0000000089674178}> (0x0000000089674178) 
thrown [s\open\src\hotspot\share\prims\jni.cpp, line 520]
Event: 0.404 Thread 0x000001eddf69dc30 Exception <a 'sun/nio/fs/WindowsException'{0x0000000089674680}> (0x0000000089674680) 
thrown [s\open\src\hotspot\share\prims\jni.cpp, line 520]
Event: 0.404 Thread 0x000001eddf69dc30 Exception <a 'sun/nio/fs/WindowsException'{0x0000000089674b40}> (0x0000000089674b40) 
thrown [s\open\src\hotspot\share\prims\jni.cpp, line 520]
Event: 0.429 Thread 0x000001eddf69dc30 Exception <a 'java/lang/NoSuchMethodError'{0x0000000089538278}: 'void java.lang.invoke.DirectMethodHandle$Holder.invokeStatic(java.lang.Object, java.lang.Object)'> (0x0000000089538278) 
thrown [s\open\src\hotspot\share\interpreter\linkResolver.cpp, line 773]
Event: 0.429 Thread 0x000001eddf69dc30 Exception <a 'java/lang/NoSuchMethodError'{0x000000008953b648}: 'void java.lang.invoke.DirectMethodHandle$Holder.invokeStaticInit(java.lang.Object, java.lang.Object)'> (0x000000008953b648) 
thrown [s\open\src\hotspot\share\interpreter\linkResolver.cpp, line 773]
Event: 0.454 Thread 0x000001eddf69dc30 Exception <a 'java/lang/NoSuchMethodError'{0x0000000089583820}: 'void java.lang.invoke.DirectMethodHandle$Holder.invokeStatic(java.lang.Object, java.lang.Object, java.lang.Object)'> (0x0000000089583820) 
thrown [s\open\src\hotspot\share\interpreter\linkResolver.cpp, line 773]
Event: 0.567 Thread 0x000001eddf69dc30 Exception <a 'java/lang/NoSuchMethodError'{0x00000000894f2530}: 'java.lang.Object java.lang.invoke.DirectMethodHandle$Holder.invokeSpecialIFC(java.lang.Object, java.lang.Object, java.lang.Object, java.lang.Object)'> (0x00000000894f2530) 
thrown [s\open\src\hotspot\share\interpreter\linkResolver.cpp, line 773]
Event: 0.892 Thread 0x000001eddf69dc30 Exception <a 'java/lang/NoSuchMethodError'{0x0000000088e854d0}: 'void java.lang.invoke.DirectMethodHandle$Holder.invokeSpecial(java.lang.Object, java.lang.Object, java.lang.Object)'> (0x0000000088e854d0) 
thrown [s\open\src\hotspot\share\interpreter\linkResolver.cpp, line 773]

ZGC Phase Switch (0 events):
No events

VM Operations (6 events):
Event: 0.132 Executing VM operation: HandshakeAllThreads (Deoptimize)
Event: 0.132 Executing VM operation: HandshakeAllThreads (Deoptimize) done
Event: 0.369 Executing VM operation: HandshakeAllThreads (Deoptimize)
Event: 0.369 Executing VM operation: HandshakeAllThreads (Deoptimize) done
Event: 0.390 Executing VM operation: HandshakeAllThreads (Deoptimize)
Event: 0.390 Executing VM operation: HandshakeAllThreads (Deoptimize) done

Events (14 events):
Event: 0.047 Thread 0x000001eddf69dc30 Thread added: 0x000001eddf69dc30
Event: 0.073 Thread 0x000001edfe0f1250 Thread added: 0x000001edfe0f1250
Event: 0.073 Thread 0x000001edfe0f2170 Thread added: 0x000001edfe0f2170
Event: 0.073 Thread 0x000001edfe0f6c90 Thread added: 0x000001edfe0f6c90
Event: 0.074 Thread 0x000001edfe118990 Thread added: 0x000001edfe118990
Event: 0.074 Thread 0x000001edfe119b90 Thread added: 0x000001edfe119b90
Event: 0.074 Thread 0x000001edfe11ad90 Thread added: 0x000001edfe11ad90
Event: 0.074 Thread 0x000001edfe1217d0 Thread added: 0x000001edfe1217d0
Event: 0.074 Thread 0x000001edfe123ed0 Thread added: 0x000001edfe123ed0
Event: 0.107 Thread 0x000001edfe3c5b90 Thread added: 0x000001edfe3c5b90
Event: 0.113 Thread 0x000001edfe3d5a40 Thread added: 0x000001edfe3d5a40
Event: 0.379 Thread 0x000001edfe722120 Thread added: 0x000001edfe722120
Event: 0.398 Thread 0x000001edfe722120 Thread exited: 0x000001edfe722120
Event: 0.659 Thread 0x000001edfe125a10 Thread added: 0x000001edfe125a10


Dynamic libraries:
0x00007ff6513a0000 - 0x00007ff6513b0000 	C:\Program Files\Java\jdk-21\bin\java.exe
0x00007ffb34800000 - 0x00007ffb349ee000 	C:\Windows\SYSTEM32\ntdll.dll
0x00007ffb32090000 - 0x00007ffb32143000 	C:\Windows\System32\KERNEL32.DLL
0x00007ffb315f0000 - 0x00007ffb3188d000 	C:\Windows\System32\KERNELBASE.dll
0x00007ffb30b50000 - 0x00007ffb30c4a000 	C:\Windows\System32\ucrtbase.dll
0x00007ffb2cbf0000 - 0x00007ffb2cc0b000 	C:\Program Files\Java\jdk-21\bin\VCRUNTIME140.dll
0x00007ffb2cbd0000 - 0x00007ffb2cbe9000 	C:\Program Files\Java\jdk-21\bin\jli.dll
0x00007ffb344b0000 - 0x00007ffb34558000 	C:\Windows\System32\ADVAPI32.dll
0x00007ffb33bf0000 - 0x00007ffb33c8e000 	C:\Windows\System32\msvcrt.dll
0x00007ffb33b40000 - 0x00007ffb33be2000 	C:\Windows\System32\sechost.dll
0x00007ffb31bc0000 - 0x00007ffb31cd8000 	C:\Windows\System32\RPCRT4.dll
0x00007ffb308d0000 - 0x00007ffb308f6000 	C:\Windows\System32\bcrypt.dll
0x00007ffb33d00000 - 0x00007ffb33e97000 	C:\Windows\System32\USER32.dll
0x00007ffb18400000 - 0x00007ffb18679000 	C:\Windows\WinSxS\amd64_microsoft.windows.common-controls_6595b64144ccf1df_6.0.17763.6189_none_de75211c5347e0e8\COMCTL32.dll
0x00007ffb31890000 - 0x00007ffb318b0000 	C:\Windows\System32\win32u.dll
0x00007ffb32060000 - 0x00007ffb32089000 	C:\Windows\System32\GDI32.dll
0x00007ffb34180000 - 0x00007ffb344aa000 	C:\Windows\System32\combase.dll
0x00007ffb30c50000 - 0x00007ffb30df8000 	C:\Windows\System32\gdi32full.dll
0x00007ffb30840000 - 0x00007ffb308c2000 	C:\Windows\System32\bcryptPrimitives.dll
0x00007ffb30e00000 - 0x00007ffb30ea0000 	C:\Windows\System32\msvcp_win.dll
0x00007ffb2d150000 - 0x00007ffb2d15a000 	C:\Windows\SYSTEM32\VERSION.dll
0x00007ffb31e90000 - 0x00007ffb31ebe000 	C:\Windows\System32\IMM32.DLL
0x00007ffb2a120000 - 0x00007ffb2a12c000 	C:\Program Files\Java\jdk-21\bin\vcruntime140_1.dll
0x00007ffb0b5c0000 - 0x00007ffb0b64e000 	C:\Program Files\Java\jdk-21\bin\msvcp140.dll
0x00007ffa84d60000 - 0x00007ffa85a75000 	C:\Program Files\Java\jdk-21\bin\server\jvm.dll
0x00007ffb30790000 - 0x00007ffb307ed000 	C:\Windows\System32\POWRPROF.dll
0x00007ffb325d0000 - 0x00007ffb3263d000 	C:\Windows\System32\WS2_32.dll
0x00007ffb2d190000 - 0x00007ffb2d1b4000 	C:\Windows\SYSTEM32\WINMM.dll
0x00007ffb2d160000 - 0x00007ffb2d18d000 	C:\Windows\SYSTEM32\winmmbase.dll
0x00007ffb30900000 - 0x00007ffb3094a000 	C:\Windows\System32\cfgmgr32.dll
0x00007ffb30770000 - 0x00007ffb30781000 	C:\Windows\System32\kernel.appcore.dll
0x00007ffb29f30000 - 0x00007ffb29f3a000 	C:\Program Files\Java\jdk-21\bin\jimage.dll
0x00007ffb2f080000 - 0x00007ffb2f26d000 	C:\Windows\SYSTEM32\DBGHELP.DLL
0x00007ffb140d0000 - 0x00007ffb140fa000 	C:\Windows\SYSTEM32\dbgcore.DLL
0x00007ffb290b0000 - 0x00007ffb290cf000 	C:\Program Files\Java\jdk-21\bin\java.dll
0x00007ffb32640000 - 0x00007ffb33b38000 	C:\Windows\System32\SHELL32.dll
0x00007ffb31d60000 - 0x00007ffb31e07000 	C:\Windows\System32\shcore.dll
0x00007ffb30ea0000 - 0x00007ffb315e8000 	C:\Windows\System32\windows.storage.dll
0x00007ffb30810000 - 0x00007ffb30833000 	C:\Windows\System32\profapi.dll
0x00007ffb33ca0000 - 0x00007ffb33cf2000 	C:\Windows\System32\shlwapi.dll
0x00007ffb318b0000 - 0x00007ffb318cb000 	C:\Windows\System32\cryptsp.dll
0x00007ffab6260000 - 0x00007ffab6337000 	C:\Program Files\Java\jdk-21\bin\jsvml.dll
0x00007ffb29f20000 - 0x00007ffb29f30000 	C:\Program Files\Java\jdk-21\bin\net.dll
0x00007ffb2bc60000 - 0x00007ffb2bd5d000 	C:\Windows\SYSTEM32\WINHTTP.dll
0x00007ffb2ff60000 - 0x00007ffb2ffc7000 	C:\Windows\system32\mswsock.dll
0x00007ffb16ec0000 - 0x00007ffb16ed6000 	C:\Program Files\Java\jdk-21\bin\nio.dll
0x00007ffb16cc0000 - 0x00007ffb16cd8000 	C:\Program Files\Java\jdk-21\bin\zip.dll
0x00007ffb0c1b0000 - 0x00007ffb0c1d4000 	C:\Users\HP\Downloads\mavenew\apache-maven-3.9.9\lib\jansi-native\Windows\x86_64\jansi.dll
0x00007ffb166b0000 - 0x00007ffb166c0000 	C:\Program Files\Java\jdk-21\bin\verify.dll

dbghelp: loaded successfully - version: 4.0.5 - missing functions: none
symbol engine: initialized successfully - sym options: 0x614 - pdb path: .;C:\Program Files\Java\jdk-21\bin;C:\Windows\SYSTEM32;C:\Windows\WinSxS\amd64_microsoft.windows.common-controls_6595b64144ccf1df_6.0.17763.6189_none_de75211c5347e0e8;C:\Program Files\Java\jdk-21\bin\server;C:\Users\HP\Downloads\mavenew\apache-maven-3.9.9\lib\jansi-native\Windows\x86_64

VM Arguments:
jvm_args: -Dclassworlds.conf=C:\Users\HP\Downloads\mavenew\apache-maven-3.9.9\bin\m2.conf -Dmaven.home=C:\Users\HP\Downloads\mavenew\apache-maven-3.9.9 -Dlibrary.jansi.path=C:\Users\HP\Downloads\mavenew\apache-maven-3.9.9\lib\jansi-native -Dmaven.multiModuleProjectDirectory=c:\Users\HP\SpringBoot-Maven 
java_command: org.codehaus.plexus.classworlds.launcher.Launcher -q help:effective-pom -Doutput=c:\Users\HP\SpringBoot-Maven\effective-pom.xml -f c:/Users/HP/SpringBoot-Maven/pom.xml
java_class_path (initial): C:\Users\HP\Downloads\mavenew\apache-maven-3.9.9\boot\plexus-classworlds-2.8.0.jar
Launcher Type: SUN_STANDARD

[Global flags]
     intx CICompilerCount                          = 4                                         {product} {ergonomic}
     uint ConcGCThreads                            = 2                                         {product} {ergonomic}
     uint G1ConcRefinementThreads                  = 8                                         {product} {ergonomic}
   size_t G1HeapRegionSize                         = 1048576                                   {product} {ergonomic}
    uintx GCDrainStackTargetSize                   = 64                                        {product} {ergonomic}
   size_t InitialHeapSize                          = 134217728                                 {product} {ergonomic}
   size_t MarkStackSize                            = 4194304                                   {product} {ergonomic}
   size_t MaxHeapSize                              = 2118123520                                {product} {ergonomic}
   size_t MaxNewSize                               = 1270874112                                {product} {ergonomic}
   size_t MinHeapDeltaBytes                        = 1048576                                   {product} {ergonomic}
   size_t MinHeapSize                              = 8388608                                   {product} {ergonomic}
    uintx NonNMethodCodeHeapSize                   = 5839372                                {pd product} {ergonomic}
    uintx NonProfiledCodeHeapSize                  = 122909434                              {pd product} {ergonomic}
    uintx ProfiledCodeHeapSize                     = 122909434                              {pd product} {ergonomic}
    uintx ReservedCodeCacheSize                    = 251658240                              {pd product} {ergonomic}
     bool SegmentedCodeCache                       = true                                      {product} {ergonomic}
   size_t SoftMaxHeapSize                          = 2118123520                             {manageable} {ergonomic}
     bool UseCompressedOops                        = true                           {product lp64_product} {ergonomic}
     bool UseG1GC                                  = true                                      {product} {ergonomic}
     bool UseLargePagesIndividualAllocation        = false                                  {pd product} {ergonomic}

Logging:
Log output configuration:
 #0: stdout all=warning uptime,level,tags foldmultilines=false
 #1: stderr all=off uptime,level,tags foldmultilines=false

Environment Variables:
JAVA_HOME=C:\Program Files\Java\jdk-21\
PATH=C:\Python312\Scripts\;C:\Python312\;C:\Program Files\Common Files\Oracle\Java\javapath;C:\Windows\system32;C:\Windows;C:\Windows\System32\Wbem;C:\Windows\System32\WindowsPowerShell\v1.0\;C:\Windows\System32\OpenSSH\;C:\Program Files\dotnet\;C:\Program Files\Git\cmd;C:\Program Files\Java\jdk-21\bin;C:\Program Files\Common Files\Oracle\Java\javapath;C:\ProgramData\chocolatey\bin;C:\Users\HP\Downloads\mavenew\apache-maven-3.9.9\bin;C:\Program Files\nodejs;C:\Program Files\nodejs\;C:\Program Files\Java\jdk-21\bin;C:\Users\HP\AppData\Local\Microsoft\WindowsApps;C:\Program Files\PHP;C:\Users\HP\AppData\Local\Programs\Microsoft VS Code\bin;C:\msys64\mingw64\bin;C:\Users\HP\AppData\Roaming\npm;C:\Program Files\Android\Android Studio\jbr\bin;
USERNAME=HP
OS=Windows_NT
PROCESSOR_IDENTIFIER=Intel64 Family 6 Model 142 Stepping 11, GenuineIntel
TMP=C:\Users\HP\AppData\Local\Temp
TEMP=C:\Users\HP\AppData\Local\Temp




Periodic native trim disabled

---------------  S Y S T E M  ---------------

OS:
 Windows 10 , 64 bit Build 17763 (10.0.17763.6189)
OS uptime: 1 days 2:40 hours

CPU: total 8 (initial active 8) (4 cores per cpu, 2 threads per core) family 6 model 142 stepping 11 microcode 0xf0, cx8, cmov, fxsr, ht, mmx, 3dnowpref, sse, sse2, sse3, ssse3, sse4.1, sse4.2, popcnt, lzcnt, tsc, tscinvbit, avx, avx2, aes, erms, clmul, bmi1, bmi2, adx, fma, vzeroupper, clflush, clflushopt, rdtscp, f16c
Processor Information for processor 0
  Max Mhz: 1800, Current Mhz: 1600, Mhz Limit: 1584
Processor Information for processor 1
  Max Mhz: 1800, Current Mhz: 1600, Mhz Limit: 1584
Processor Information for processor 2
  Max Mhz: 1800, Current Mhz: 1500, Mhz Limit: 1584
Processor Information for processor 3
  Max Mhz: 1800, Current Mhz: 1600, Mhz Limit: 1584
Processor Information for processor 4
  Max Mhz: 1800, Current Mhz: 1500, Mhz Limit: 1584
Processor Information for processor 5
  Max Mhz: 1800, Current Mhz: 1600, Mhz Limit: 1584
Processor Information for processor 6
  Max Mhz: 1800, Current Mhz: 1600, Mhz Limit: 1584
Processor Information for processor 7
  Max Mhz: 1800, Current Mhz: 1500, Mhz Limit: 1584

Memory: 4k page, system-wide physical 8073M (509M free)
TotalPageFile size 16881M (AvailPageFile size 4M)
current process WorkingSet (physical memory assigned to process): 62M, peak: 62M
current process commit charge ("private bytes"): 222M, peak: 222M

vm_info: Java HotSpot(TM) 64-Bit Server VM (21.0.1+12-LTS-29) for windows-amd64 JRE (21.0.1+12-LTS-29), built on 2023-10-05T13:27:09Z by "mach5one" with MS VC++ 17.1 (VS2022)

END.
